#
# There is insufficient memory for the Java Runtime Environment to continue.
# Native memory allocation (malloc) failed to allocate 811552 bytes for Chunk::new
# Possible reasons:
#   The system is out of physical RAM or swap space
#   The process is running with CompressedOops enabled, and the Java Heap may be blocking the growth of the native heap
# Possible solutions:
#   Reduce memory load on the system
#   Increase physical memory or swap space
#   Check if swap backing store is full
#   Decrease Java heap size (-Xmx/-Xms)
#   Decrease number of Java threads
#   Decrease Java thread stack sizes (-Xss)
#   Set larger code cache with -XX:ReservedCodeCacheSize=
#   JVM is running with Unscaled Compressed Oops mode in which the Java heap is
#     placed in the first 4GB address space. The Java Heap base address is the
#     maximum limit for the native heap growth. Please use -XX:HeapBaseMinAddress
#     to set the Java Heap base and to place the Java Heap above 4GB virtual address.
# This output file may be truncated or incomplete.
#
#  Out of Memory Error (arena.cpp:189), pid=980, tid=4760
#
# JRE version: OpenJDK Runtime Environment JBR-17.0.5+1-653.25-jcef (17.0.5+1) (build 17.0.5+1-b653.25)
# Java VM: OpenJDK 64-Bit Server VM JBR-17.0.5+1-653.25-jcef (17.0.5+1-b653.25, mixed mode, tiered, compressed oops, compressed class ptrs, g1 gc, windows-amd64)
# No core dump will be written. Minidumps are not enabled by default on client versions of Windows
#

---------------  S U M M A R Y ------------

Command Line: -Dawt.toolkit=com.intellij.desktop.DesktopActionsToolkit -Djava.rmi.server.hostname=127.0.0.1 -Duser.timezone=UTC -Xmx750m -Xms128m --add-exports=java.desktop/sun.awt=ALL-UNNAMED --add-exports=java.desktop/java.awt.peer=ALL-UNNAMED --add-opens=java.desktop/java.awt=ALL-UNNAMED --add-opens=jdk.unsupported/sun.misc=ALL-UNNAMED --add-opens=java.base/java.nio=ALL-UNNAMED --add-opens=java.base/java.util=ALL-UNNAMED -Dfile.encoding=UTF-8 com.intellij.database.remote.RemoteJdbcServer com.mysql.cj.jdbc.Driver

Host: Intel(R) Pentium(R) CPU  N3700  @ 1.60GHz, 4 cores, 7G,  Windows 10 , 64 bit Build 19041 (10.0.19041.2546)
Time: Fri Mar 10 12:52:56 2023 RTZ 2 (s 10 , 64 bit Build 19041 (10.0.19041.2546) elapsed time: 3.789666 seconds (0d 0h 0m 3s)

---------------  T H R E A D  ---------------

Current thread (0x000001ac7844d0f0):  JavaThread "C2 CompilerThread0" daemon [_thread_in_native, id=4760, stack(0x0000009836c00000,0x0000009836d00000)]


Current CompileTask:
C2:   3790 1577       4       sun.util.locale.BaseLocale::getInstance (149 bytes)

Stack: [0x0000009836c00000,0x0000009836d00000]
Native frames: (J=compiled Java code, j=interpreted, Vv=VM code, C=native code)
V  [jvm.dll+0x6830ca]
V  [jvm.dll+0x83f4c4]
V  [jvm.dll+0x840c6e]
V  [jvm.dll+0x8412d3]
V  [jvm.dll+0x2490b5]
V  [jvm.dll+0xabd5c]
V  [jvm.dll+0xac32c]
V  [jvm.dll+0x3680d7]
V  [jvm.dll+0x332731]
V  [jvm.dll+0x331bda]
V  [jvm.dll+0x21b761]
V  [jvm.dll+0x21ab81]
V  [jvm.dll+0x1a470d]
V  [jvm.dll+0x22a5f8]
V  [jvm.dll+0x2286b9]
V  [jvm.dll+0x7f4eac]
V  [jvm.dll+0x7ef40a]
V  [jvm.dll+0x681f05]
C  [ucrtbase.dll+0x21bb2]
C  [KERNEL32.DLL+0x17614]
C  [ntdll.dll+0x526a1]


---------------  P R O C E S S  ---------------

Threads class SMR info:
_java_thread_list=0x000001ac79b811d0, length=24, elements={
0x000001ac70c4c330, 0x000001ac7842ba20, 0x000001ac7842d1c0, 0x000001ac78476990,
0x000001ac78477250, 0x000001ac784782b0, 0x000001ac78470a10, 0x000001ac7844d0f0,
0x000001ac790040a0, 0x000001ac79009170, 0x000001ac7918a9f0, 0x000001ac7918ced0,
0x000001ac7929eba0, 0x000001ac793fe6b0, 0x000001ac7946c500, 0x000001ac794b2040,
0x000001ac794b2510, 0x000001ac796163a0, 0x000001ac79616870, 0x000001ac795dccc0,
0x000001ac795dd190, 0x000001ac795de4d0, 0x000001ac795de000, 0x000001ac7aa5d720
}

Java Threads: ( => current thread )
  0x000001ac70c4c330 JavaThread "main" [_thread_blocked, id=9404, stack(0x0000009835f00000,0x0000009836000000)]
  0x000001ac7842ba20 JavaThread "Reference Handler" daemon [_thread_blocked, id=2276, stack(0x0000009836600000,0x0000009836700000)]
  0x000001ac7842d1c0 JavaThread "Finalizer" daemon [_thread_blocked, id=5048, stack(0x0000009836700000,0x0000009836800000)]
  0x000001ac78476990 JavaThread "Signal Dispatcher" daemon [_thread_blocked, id=1280, stack(0x0000009836800000,0x0000009836900000)]
  0x000001ac78477250 JavaThread "Attach Listener" daemon [_thread_blocked, id=8280, stack(0x0000009836900000,0x0000009836a00000)]
  0x000001ac784782b0 JavaThread "Service Thread" daemon [_thread_blocked, id=3328, stack(0x0000009836a00000,0x0000009836b00000)]
  0x000001ac78470a10 JavaThread "Monitor Deflation Thread" daemon [_thread_blocked, id=372, stack(0x0000009836b00000,0x0000009836c00000)]
=>0x000001ac7844d0f0 JavaThread "C2 CompilerThread0" daemon [_thread_in_native, id=4760, stack(0x0000009836c00000,0x0000009836d00000)]
  0x000001ac790040a0 JavaThread "C1 CompilerThread0" daemon [_thread_in_native, id=7896, stack(0x0000009836d00000,0x0000009836e00000)]
  0x000001ac79009170 JavaThread "Sweeper thread" daemon [_thread_blocked, id=6532, stack(0x0000009836e00000,0x0000009836f00000)]
  0x000001ac7918a9f0 JavaThread "Common-Cleaner" daemon [_thread_blocked, id=6120, stack(0x0000009836f00000,0x0000009837000000)]
  0x000001ac7918ced0 JavaThread "Notification Thread" daemon [_thread_blocked, id=5552, stack(0x0000009837000000,0x0000009837100000)]
  0x000001ac7929eba0 JavaThread "mysql-cj-abandoned-connection-cleanup" daemon [_thread_blocked, id=5316, stack(0x0000009837200000,0x0000009837300000)]
  0x000001ac793fe6b0 JavaThread "Java2D Disposer" daemon [_thread_blocked, id=10900, stack(0x0000009837300000,0x0000009837400000)]
  0x000001ac7946c500 JavaThread "AWT-Windows" daemon [_thread_in_native, id=8148, stack(0x0000009837500000,0x0000009837600000)]
  0x000001ac794b2040 JavaThread "RMI TCP Accept-28565" daemon [_thread_in_native, id=7208, stack(0x0000009837700000,0x0000009837800000)]
  0x000001ac794b2510 JavaThread "RMI TCP Accept-0" daemon [_thread_in_native, id=10192, stack(0x0000009837800000,0x0000009837900000)]
  0x000001ac796163a0 JavaThread "RMI Reaper" [_thread_blocked, id=6648, stack(0x0000009837900000,0x0000009837a00000)]
  0x000001ac79616870 JavaThread "RMI GC Daemon" daemon [_thread_blocked, id=5304, stack(0x0000009837a00000,0x0000009837b00000)]
  0x000001ac795dccc0 JavaThread "RMI TCP Connection(1)-127.0.0.1" daemon [_thread_in_native, id=1788, stack(0x0000009837b00000,0x0000009837c00000)]
  0x000001ac795dd190 JavaThread "RMI Scheduler(0)" daemon [_thread_blocked, id=5824, stack(0x0000009837c00000,0x0000009837d00000)]
  0x000001ac795de4d0 JavaThread "RMI TCP Connection(2)-127.0.0.1" daemon [_thread_in_Java, id=11028, stack(0x0000009837d00000,0x0000009837e00000)]
  0x000001ac795de000 JavaThread "RMI RenewClean-[127.0.0.1:53317]" daemon [_thread_blocked, id=11124, stack(0x0000009837e00000,0x0000009837f00000)]
  0x000001ac7aa5d720 JavaThread "C2 CompilerThread1" daemon [_thread_in_native, id=5232, stack(0x0000009837600000,0x0000009837700000)]

Other Threads:
  0x000001ac78404d30 VMThread "VM Thread" [stack: 0x0000009836500000,0x0000009836600000] [id=9832]
  0x000001ac70c929d0 WatcherThread [stack: 0x0000009837100000,0x0000009837200000] [id=10832]
  0x000001ac70c818f0 GCTaskThread "GC Thread#0" [stack: 0x0000009836000000,0x0000009836100000] [id=9192]
  0x000001ac79ae0840 GCTaskThread "GC Thread#1" [stack: 0x0000009837400000,0x0000009837500000] [id=9284]
  0x000001ac79ae0af0 GCTaskThread "GC Thread#2" [stack: 0x0000009837f00000,0x0000009838000000] [id=9092]
  0x000001ac79749160 GCTaskThread "GC Thread#3" [stack: 0x0000009838000000,0x0000009838100000] [id=11168]
  0x000001ac70c8a920 ConcurrentGCThread "G1 Main Marker" [stack: 0x0000009836100000,0x0000009836200000] [id=9580]
  0x000001ac70c8b9e0 ConcurrentGCThread "G1 Conc#0" [stack: 0x0000009836200000,0x0000009836300000] [id=5240]
  0x000001ac70d038a0 ConcurrentGCThread "G1 Refine#0" [stack: 0x0000009836300000,0x0000009836400000] [id=4344]
  0x000001ac7977a6e0 ConcurrentGCThread "G1 Refine#1" [stack: 0x0000009838100000,0x0000009838200000] [id=5772]
  0x000001ac70d041d0 ConcurrentGCThread "G1 Service" [stack: 0x0000009836400000,0x0000009836500000] [id=8032]

Threads with active compile tasks:
C2 CompilerThread0     3885 1577       4       sun.util.locale.BaseLocale::getInstance (149 bytes)
C1 CompilerThread0     3885 1719       3       java.lang.AbstractStringBuilder::append (45 bytes)
C2 CompilerThread1     3885 1649       4       jdk.internal.org.objectweb.asm.Frame::execute (2305 bytes)

VM state: not at safepoint (normal execution)

VM Mutex/Monitor currently owned by a thread: None

Heap address: 0x00000000d1200000, size: 750 MB, Compressed Oops mode: 32-bit

CDS archive(s) not mapped
Compressed class space mapped at: 0x0000000100000000-0x0000000140000000, reserved size: 1073741824
Narrow klass base: 0x0000000000000000, Narrow klass shift: 3, Narrow klass range: 0x140000000

GC Precious Log:
 CPUs: 4 total, 4 available
 Memory: 8095M
 Large Page Support: Disabled
 NUMA Support: Disabled
 Compressed Oops: Enabled (32-bit)
 Heap Region Size: 1M
 Heap Min Capacity: 128M
 Heap Initial Capacity: 128M
 Heap Max Capacity: 750M
 Pre-touch: Disabled
 Parallel Workers: 4
 Concurrent Workers: 1
 Concurrent Refinement Workers: 4
 Periodic GC: Disabled

Heap:
 garbage-first heap   total 131072K, used 13852K [0x00000000d1200000, 0x0000000100000000)
  region size 1024K, 8 young (8192K), 2 survivors (2048K)
 Metaspace       used 23087K, committed 23360K, reserved 1073152K
  class space    used 2420K, committed 2560K, reserved 1048576K

Heap Regions: E=young(eden), S=young(survivor), O=old, HS=humongous(starts), HC=humongous(continues), CS=collection set, F=free, OA=open archive, CA=closed archive, TAMS=top-at-mark-start (previous, next)
|   0|0x00000000d1200000, 0x00000000d1300000, 0x00000000d1300000|100%|HS|  |TAMS 0x00000000d1300000, 0x00000000d1200000| Complete 
|   1|0x00000000d1300000, 0x00000000d1400000, 0x00000000d1400000|100%|HC|  |TAMS 0x00000000d1400000, 0x00000000d1300000| Complete 
|   2|0x00000000d1400000, 0x00000000d1500000, 0x00000000d1500000|100%|HC|  |TAMS 0x00000000d1500000, 0x00000000d1400000| Complete 
|   3|0x00000000d1500000, 0x00000000d1600000, 0x00000000d1600000|100%| O|  |TAMS 0x00000000d1600000, 0x00000000d1500000| Untracked 
|   4|0x00000000d1600000, 0x00000000d1700000, 0x00000000d1700000|100%| O|  |TAMS 0x00000000d1693400, 0x00000000d1600000| Untracked 
|   5|0x00000000d1700000, 0x00000000d1800000, 0x00000000d1800000|100%| O|  |TAMS 0x00000000d1700000, 0x00000000d1700000| Untracked 
|   6|0x00000000d1800000, 0x00000000d1887000, 0x00000000d1900000| 52%| O|  |TAMS 0x00000000d1800000, 0x00000000d1800000| Untracked 
|   7|0x00000000d1900000, 0x00000000d1900000, 0x00000000d1a00000|  0%| F|  |TAMS 0x00000000d1900000, 0x00000000d1900000| Untracked 
|   8|0x00000000d1a00000, 0x00000000d1a00000, 0x00000000d1b00000|  0%| F|  |TAMS 0x00000000d1a00000, 0x00000000d1a00000| Untracked 
|   9|0x00000000d1b00000, 0x00000000d1b00000, 0x00000000d1c00000|  0%| F|  |TAMS 0x00000000d1b00000, 0x00000000d1b00000| Untracked 
|  10|0x00000000d1c00000, 0x00000000d1c00000, 0x00000000d1d00000|  0%| F|  |TAMS 0x00000000d1c00000, 0x00000000d1c00000| Untracked 
|  11|0x00000000d1d00000, 0x00000000d1d00000, 0x00000000d1e00000|  0%| F|  |TAMS 0x00000000d1d00000, 0x00000000d1d00000| Untracked 
|  12|0x00000000d1e00000, 0x00000000d1e00000, 0x00000000d1f00000|  0%| F|  |TAMS 0x00000000d1e00000, 0x00000000d1e00000| Untracked 
|  13|0x00000000d1f00000, 0x00000000d1f00000, 0x00000000d2000000|  0%| F|  |TAMS 0x00000000d1f00000, 0x00000000d1f00000| Untracked 
|  14|0x00000000d2000000, 0x00000000d2000000, 0x00000000d2100000|  0%| F|  |TAMS 0x00000000d2000000, 0x00000000d2000000| Untracked 
|  15|0x00000000d2100000, 0x00000000d2100000, 0x00000000d2200000|  0%| F|  |TAMS 0x00000000d2100000, 0x00000000d2100000| Untracked 
|  16|0x00000000d2200000, 0x00000000d2200000, 0x00000000d2300000|  0%| F|  |TAMS 0x00000000d2200000, 0x00000000d2200000| Untracked 
|  17|0x00000000d2300000, 0x00000000d2300000, 0x00000000d2400000|  0%| F|  |TAMS 0x00000000d2300000, 0x00000000d2300000| Untracked 
|  18|0x00000000d2400000, 0x00000000d2400000, 0x00000000d2500000|  0%| F|  |TAMS 0x00000000d2400000, 0x00000000d2400000| Untracked 
|  19|0x00000000d2500000, 0x00000000d2500000, 0x00000000d2600000|  0%| F|  |TAMS 0x00000000d2500000, 0x00000000d2500000| Untracked 
|  20|0x00000000d2600000, 0x00000000d2600000, 0x00000000d2700000|  0%| F|  |TAMS 0x00000000d2600000, 0x00000000d2600000| Untracked 
|  21|0x00000000d2700000, 0x00000000d2700000, 0x00000000d2800000|  0%| F|  |TAMS 0x00000000d2700000, 0x00000000d2700000| Untracked 
|  22|0x00000000d2800000, 0x00000000d2800000, 0x00000000d2900000|  0%| F|  |TAMS 0x00000000d2800000, 0x00000000d2800000| Untracked 
|  23|0x00000000d2900000, 0x00000000d2900000, 0x00000000d2a00000|  0%| F|  |TAMS 0x00000000d2900000, 0x00000000d2900000| Untracked 
|  24|0x00000000d2a00000, 0x00000000d2a00000, 0x00000000d2b00000|  0%| F|  |TAMS 0x00000000d2a00000, 0x00000000d2a00000| Untracked 
|  25|0x00000000d2b00000, 0x00000000d2b00000, 0x00000000d2c00000|  0%| F|  |TAMS 0x00000000d2b00000, 0x00000000d2b00000| Untracked 
|  26|0x00000000d2c00000, 0x00000000d2c00000, 0x00000000d2d00000|  0%| F|  |TAMS 0x00000000d2c00000, 0x00000000d2c00000| Untracked 
|  27|0x00000000d2d00000, 0x00000000d2d00000, 0x00000000d2e00000|  0%| F|  |TAMS 0x00000000d2d00000, 0x00000000d2d00000| Untracked 
|  28|0x00000000d2e00000, 0x00000000d2e00000, 0x00000000d2f00000|  0%| F|  |TAMS 0x00000000d2e00000, 0x00000000d2e00000| Untracked 
|  29|0x00000000d2f00000, 0x00000000d2f00000, 0x00000000d3000000|  0%| F|  |TAMS 0x00000000d2f00000, 0x00000000d2f00000| Untracked 
|  30|0x00000000d3000000, 0x00000000d3000000, 0x00000000d3100000|  0%| F|  |TAMS 0x00000000d3000000, 0x00000000d3000000| Untracked 
|  31|0x00000000d3100000, 0x00000000d3100000, 0x00000000d3200000|  0%| F|  |TAMS 0x00000000d3100000, 0x00000000d3100000| Untracked 
|  32|0x00000000d3200000, 0x00000000d3200000, 0x00000000d3300000|  0%| F|  |TAMS 0x00000000d3200000, 0x00000000d3200000| Untracked 
|  33|0x00000000d3300000, 0x00000000d3300000, 0x00000000d3400000|  0%| F|  |TAMS 0x00000000d3300000, 0x00000000d3300000| Untracked 
|  34|0x00000000d3400000, 0x00000000d3400000, 0x00000000d3500000|  0%| F|  |TAMS 0x00000000d3400000, 0x00000000d3400000| Untracked 
|  35|0x00000000d3500000, 0x00000000d3500000, 0x00000000d3600000|  0%| F|  |TAMS 0x00000000d3500000, 0x00000000d3500000| Untracked 
|  36|0x00000000d3600000, 0x00000000d3600000, 0x00000000d3700000|  0%| F|  |TAMS 0x00000000d3600000, 0x00000000d3600000| Untracked 
|  37|0x00000000d3700000, 0x00000000d3700000, 0x00000000d3800000|  0%| F|  |TAMS 0x00000000d3700000, 0x00000000d3700000| Untracked 
|  38|0x00000000d3800000, 0x00000000d3800000, 0x00000000d3900000|  0%| F|  |TAMS 0x00000000d3800000, 0x00000000d3800000| Untracked 
|  39|0x00000000d3900000, 0x00000000d3900000, 0x00000000d3a00000|  0%| F|  |TAMS 0x00000000d3900000, 0x00000000d3900000| Untracked 
|  40|0x00000000d3a00000, 0x00000000d3a00000, 0x00000000d3b00000|  0%| F|  |TAMS 0x00000000d3a00000, 0x00000000d3a00000| Untracked 
|  41|0x00000000d3b00000, 0x00000000d3b00000, 0x00000000d3c00000|  0%| F|  |TAMS 0x00000000d3b00000, 0x00000000d3b00000| Untracked 
|  42|0x00000000d3c00000, 0x00000000d3c00000, 0x00000000d3d00000|  0%| F|  |TAMS 0x00000000d3c00000, 0x00000000d3c00000| Untracked 
|  43|0x00000000d3d00000, 0x00000000d3d00000, 0x00000000d3e00000|  0%| F|  |TAMS 0x00000000d3d00000, 0x00000000d3d00000| Untracked 
|  44|0x00000000d3e00000, 0x00000000d3e00000, 0x00000000d3f00000|  0%| F|  |TAMS 0x00000000d3e00000, 0x00000000d3e00000| Untracked 
|  45|0x00000000d3f00000, 0x00000000d3f00000, 0x00000000d4000000|  0%| F|  |TAMS 0x00000000d3f00000, 0x00000000d3f00000| Untracked 
|  46|0x00000000d4000000, 0x00000000d4000000, 0x00000000d4100000|  0%| F|  |TAMS 0x00000000d4000000, 0x00000000d4000000| Untracked 
|  47|0x00000000d4100000, 0x00000000d4100000, 0x00000000d4200000|  0%| F|  |TAMS 0x00000000d4100000, 0x00000000d4100000| Untracked 
|  48|0x00000000d4200000, 0x00000000d4200000, 0x00000000d4300000|  0%| F|  |TAMS 0x00000000d4200000, 0x00000000d4200000| Untracked 
|  49|0x00000000d4300000, 0x00000000d4300000, 0x00000000d4400000|  0%| F|  |TAMS 0x00000000d4300000, 0x00000000d4300000| Untracked 
|  50|0x00000000d4400000, 0x00000000d4400000, 0x00000000d4500000|  0%| F|  |TAMS 0x00000000d4400000, 0x00000000d4400000| Untracked 
|  51|0x00000000d4500000, 0x00000000d4500000, 0x00000000d4600000|  0%| F|  |TAMS 0x00000000d4500000, 0x00000000d4500000| Untracked 
|  52|0x00000000d4600000, 0x00000000d4600000, 0x00000000d4700000|  0%| F|  |TAMS 0x00000000d4600000, 0x00000000d4600000| Untracked 
|  53|0x00000000d4700000, 0x00000000d4700000, 0x00000000d4800000|  0%| F|  |TAMS 0x00000000d4700000, 0x00000000d4700000| Untracked 
|  54|0x00000000d4800000, 0x00000000d4800000, 0x00000000d4900000|  0%| F|  |TAMS 0x00000000d4800000, 0x00000000d4800000| Untracked 
|  55|0x00000000d4900000, 0x00000000d4900000, 0x00000000d4a00000|  0%| F|  |TAMS 0x00000000d4900000, 0x00000000d4900000| Untracked 
|  56|0x00000000d4a00000, 0x00000000d4a00000, 0x00000000d4b00000|  0%| F|  |TAMS 0x00000000d4a00000, 0x00000000d4a00000| Untracked 
|  57|0x00000000d4b00000, 0x00000000d4b00000, 0x00000000d4c00000|  0%| F|  |TAMS 0x00000000d4b00000, 0x00000000d4b00000| Untracked 
|  58|0x00000000d4c00000, 0x00000000d4c00000, 0x00000000d4d00000|  0%| F|  |TAMS 0x00000000d4c00000, 0x00000000d4c00000| Untracked 
|  59|0x00000000d4d00000, 0x00000000d4d00000, 0x00000000d4e00000|  0%| F|  |TAMS 0x00000000d4d00000, 0x00000000d4d00000| Untracked 
|  60|0x00000000d4e00000, 0x00000000d4e00000, 0x00000000d4f00000|  0%| F|  |TAMS 0x00000000d4e00000, 0x00000000d4e00000| Untracked 
|  61|0x00000000d4f00000, 0x00000000d4f00000, 0x00000000d5000000|  0%| F|  |TAMS 0x00000000d4f00000, 0x00000000d4f00000| Untracked 
|  62|0x00000000d5000000, 0x00000000d5000000, 0x00000000d5100000|  0%| F|  |TAMS 0x00000000d5000000, 0x00000000d5000000| Untracked 
|  63|0x00000000d5100000, 0x00000000d5100000, 0x00000000d5200000|  0%| F|  |TAMS 0x00000000d5100000, 0x00000000d5100000| Untracked 
|  64|0x00000000d5200000, 0x00000000d5200000, 0x00000000d5300000|  0%| F|  |TAMS 0x00000000d5200000, 0x00000000d5200000| Untracked 
|  65|0x00000000d5300000, 0x00000000d5300000, 0x00000000d5400000|  0%| F|  |TAMS 0x00000000d5300000, 0x00000000d5300000| Untracked 
|  66|0x00000000d5400000, 0x00000000d5400000, 0x00000000d5500000|  0%| F|  |TAMS 0x00000000d5400000, 0x00000000d5400000| Untracked 
|  67|0x00000000d5500000, 0x00000000d5500000, 0x00000000d5600000|  0%| F|  |TAMS 0x00000000d5500000, 0x00000000d5500000| Untracked 
|  68|0x00000000d5600000, 0x00000000d5600000, 0x00000000d5700000|  0%| F|  |TAMS 0x00000000d5600000, 0x00000000d5600000| Untracked 
|  69|0x00000000d5700000, 0x00000000d5700000, 0x00000000d5800000|  0%| F|  |TAMS 0x00000000d5700000, 0x00000000d5700000| Untracked 
|  70|0x00000000d5800000, 0x00000000d5800000, 0x00000000d5900000|  0%| F|  |TAMS 0x00000000d5800000, 0x00000000d5800000| Untracked 
|  71|0x00000000d5900000, 0x00000000d5900000, 0x00000000d5a00000|  0%| F|  |TAMS 0x00000000d5900000, 0x00000000d5900000| Untracked 
|  72|0x00000000d5a00000, 0x00000000d5a00000, 0x00000000d5b00000|  0%| F|  |TAMS 0x00000000d5a00000, 0x00000000d5a00000| Untracked 
|  73|0x00000000d5b00000, 0x00000000d5b00000, 0x00000000d5c00000|  0%| F|  |TAMS 0x00000000d5b00000, 0x00000000d5b00000| Untracked 
|  74|0x00000000d5c00000, 0x00000000d5c00000, 0x00000000d5d00000|  0%| F|  |TAMS 0x00000000d5c00000, 0x00000000d5c00000| Untracked 
|  75|0x00000000d5d00000, 0x00000000d5d00000, 0x00000000d5e00000|  0%| F|  |TAMS 0x00000000d5d00000, 0x00000000d5d00000| Untracked 
|  76|0x00000000d5e00000, 0x00000000d5e00000, 0x00000000d5f00000|  0%| F|  |TAMS 0x00000000d5e00000, 0x00000000d5e00000| Untracked 
|  77|0x00000000d5f00000, 0x00000000d5f00000, 0x00000000d6000000|  0%| F|  |TAMS 0x00000000d5f00000, 0x00000000d5f00000| Untracked 
|  78|0x00000000d6000000, 0x00000000d6000000, 0x00000000d6100000|  0%| F|  |TAMS 0x00000000d6000000, 0x00000000d6000000| Untracked 
|  79|0x00000000d6100000, 0x00000000d6100000, 0x00000000d6200000|  0%| F|  |TAMS 0x00000000d6100000, 0x00000000d6100000| Untracked 
|  80|0x00000000d6200000, 0x00000000d6200000, 0x00000000d6300000|  0%| F|  |TAMS 0x00000000d6200000, 0x00000000d6200000| Untracked 
|  81|0x00000000d6300000, 0x00000000d6300000, 0x00000000d6400000|  0%| F|  |TAMS 0x00000000d6300000, 0x00000000d6300000| Untracked 
|  82|0x00000000d6400000, 0x00000000d6400000, 0x00000000d6500000|  0%| F|  |TAMS 0x00000000d6400000, 0x00000000d6400000| Untracked 
|  83|0x00000000d6500000, 0x00000000d6500000, 0x00000000d6600000|  0%| F|  |TAMS 0x00000000d6500000, 0x00000000d6500000| Untracked 
|  84|0x00000000d6600000, 0x00000000d6600000, 0x00000000d6700000|  0%| F|  |TAMS 0x00000000d6600000, 0x00000000d6600000| Untracked 
|  85|0x00000000d6700000, 0x00000000d6700000, 0x00000000d6800000|  0%| F|  |TAMS 0x00000000d6700000, 0x00000000d6700000| Untracked 
|  86|0x00000000d6800000, 0x00000000d6800000, 0x00000000d6900000|  0%| F|  |TAMS 0x00000000d6800000, 0x00000000d6800000| Untracked 
|  87|0x00000000d6900000, 0x00000000d6900000, 0x00000000d6a00000|  0%| F|  |TAMS 0x00000000d6900000, 0x00000000d6900000| Untracked 
|  88|0x00000000d6a00000, 0x00000000d6a00000, 0x00000000d6b00000|  0%| F|  |TAMS 0x00000000d6a00000, 0x00000000d6a00000| Untracked 
|  89|0x00000000d6b00000, 0x00000000d6b00000, 0x00000000d6c00000|  0%| F|  |TAMS 0x00000000d6b00000, 0x00000000d6b00000| Untracked 
|  90|0x00000000d6c00000, 0x00000000d6c00000, 0x00000000d6d00000|  0%| F|  |TAMS 0x00000000d6c00000, 0x00000000d6c00000| Untracked 
|  91|0x00000000d6d00000, 0x00000000d6d00000, 0x00000000d6e00000|  0%| F|  |TAMS 0x00000000d6d00000, 0x00000000d6d00000| Untracked 
|  92|0x00000000d6e00000, 0x00000000d6e00000, 0x00000000d6f00000|  0%| F|  |TAMS 0x00000000d6e00000, 0x00000000d6e00000| Untracked 
|  93|0x00000000d6f00000, 0x00000000d6f00000, 0x00000000d7000000|  0%| F|  |TAMS 0x00000000d6f00000, 0x00000000d6f00000| Untracked 
|  94|0x00000000d7000000, 0x00000000d7000000, 0x00000000d7100000|  0%| F|  |TAMS 0x00000000d7000000, 0x00000000d7000000| Untracked 
|  95|0x00000000d7100000, 0x00000000d7100000, 0x00000000d7200000|  0%| F|  |TAMS 0x00000000d7100000, 0x00000000d7100000| Untracked 
|  96|0x00000000d7200000, 0x00000000d7200000, 0x00000000d7300000|  0%| F|  |TAMS 0x00000000d7200000, 0x00000000d7200000| Untracked 
|  97|0x00000000d7300000, 0x00000000d7300000, 0x00000000d7400000|  0%| F|  |TAMS 0x00000000d7300000, 0x00000000d7300000| Untracked 
|  98|0x00000000d7400000, 0x00000000d7400000, 0x00000000d7500000|  0%| F|  |TAMS 0x00000000d7400000, 0x00000000d7400000| Untracked 
|  99|0x00000000d7500000, 0x00000000d7500000, 0x00000000d7600000|  0%| F|  |TAMS 0x00000000d7500000, 0x00000000d7500000| Untracked 
| 100|0x00000000d7600000, 0x00000000d7600000, 0x00000000d7700000|  0%| F|  |TAMS 0x00000000d7600000, 0x00000000d7600000| Untracked 
| 101|0x00000000d7700000, 0x00000000d7700000, 0x00000000d7800000|  0%| F|  |TAMS 0x00000000d7700000, 0x00000000d7700000| Untracked 
| 102|0x00000000d7800000, 0x00000000d7800000, 0x00000000d7900000|  0%| F|  |TAMS 0x00000000d7800000, 0x00000000d7800000| Untracked 
| 103|0x00000000d7900000, 0x00000000d7900000, 0x00000000d7a00000|  0%| F|  |TAMS 0x00000000d7900000, 0x00000000d7900000| Untracked 
| 104|0x00000000d7a00000, 0x00000000d7a00000, 0x00000000d7b00000|  0%| F|  |TAMS 0x00000000d7a00000, 0x00000000d7a00000| Untracked 
| 105|0x00000000d7b00000, 0x00000000d7b00000, 0x00000000d7c00000|  0%| F|  |TAMS 0x00000000d7b00000, 0x00000000d7b00000| Untracked 
| 106|0x00000000d7c00000, 0x00000000d7c00000, 0x00000000d7d00000|  0%| F|  |TAMS 0x00000000d7c00000, 0x00000000d7c00000| Untracked 
| 107|0x00000000d7d00000, 0x00000000d7d00000, 0x00000000d7e00000|  0%| F|  |TAMS 0x00000000d7d00000, 0x00000000d7d00000| Untracked 
| 108|0x00000000d7e00000, 0x00000000d7e00000, 0x00000000d7f00000|  0%| F|  |TAMS 0x00000000d7e00000, 0x00000000d7e00000| Untracked 
| 109|0x00000000d7f00000, 0x00000000d7f00000, 0x00000000d8000000|  0%| F|  |TAMS 0x00000000d7f00000, 0x00000000d7f00000| Untracked 
| 110|0x00000000d8000000, 0x00000000d8000000, 0x00000000d8100000|  0%| F|  |TAMS 0x00000000d8000000, 0x00000000d8000000| Untracked 
| 111|0x00000000d8100000, 0x00000000d8100000, 0x00000000d8200000|  0%| F|  |TAMS 0x00000000d8100000, 0x00000000d8100000| Untracked 
| 112|0x00000000d8200000, 0x00000000d8200000, 0x00000000d8300000|  0%| F|  |TAMS 0x00000000d8200000, 0x00000000d8200000| Untracked 
| 113|0x00000000d8300000, 0x00000000d8300000, 0x00000000d8400000|  0%| F|  |TAMS 0x00000000d8300000, 0x00000000d8300000| Untracked 
| 114|0x00000000d8400000, 0x00000000d8400000, 0x00000000d8500000|  0%| F|  |TAMS 0x00000000d8400000, 0x00000000d8400000| Untracked 
| 115|0x00000000d8500000, 0x00000000d8500000, 0x00000000d8600000|  0%| F|  |TAMS 0x00000000d8500000, 0x00000000d8500000| Untracked 
| 116|0x00000000d8600000, 0x00000000d8700000, 0x00000000d8700000|100%| S|CS|TAMS 0x00000000d8600000, 0x00000000d8600000| Complete 
| 117|0x00000000d8700000, 0x00000000d8800000, 0x00000000d8800000|100%| S|CS|TAMS 0x00000000d8700000, 0x00000000d8700000| Complete 
| 118|0x00000000d8800000, 0x00000000d8800000, 0x00000000d8900000|  0%| F|  |TAMS 0x00000000d8800000, 0x00000000d8800000| Untracked 
| 119|0x00000000d8900000, 0x00000000d8900000, 0x00000000d8a00000|  0%| F|  |TAMS 0x00000000d8900000, 0x00000000d8900000| Untracked 
| 120|0x00000000d8a00000, 0x00000000d8a00000, 0x00000000d8b00000|  0%| F|  |TAMS 0x00000000d8a00000, 0x00000000d8a00000| Untracked 
| 121|0x00000000d8b00000, 0x00000000d8b00000, 0x00000000d8c00000|  0%| F|  |TAMS 0x00000000d8b00000, 0x00000000d8b00000| Untracked 
| 122|0x00000000d8c00000, 0x00000000d8c75c38, 0x00000000d8d00000| 46%| E|  |TAMS 0x00000000d8c00000, 0x00000000d8c00000| Complete 
| 123|0x00000000d8d00000, 0x00000000d8e00000, 0x00000000d8e00000|100%| E|CS|TAMS 0x00000000d8d00000, 0x00000000d8d00000| Complete 
| 124|0x00000000d8e00000, 0x00000000d8f00000, 0x00000000d8f00000|100%| E|CS|TAMS 0x00000000d8e00000, 0x00000000d8e00000| Complete 
| 125|0x00000000d8f00000, 0x00000000d9000000, 0x00000000d9000000|100%| E|CS|TAMS 0x00000000d8f00000, 0x00000000d8f00000| Complete 
| 126|0x00000000d9000000, 0x00000000d9100000, 0x00000000d9100000|100%| E|CS|TAMS 0x00000000d9000000, 0x00000000d9000000| Complete 
| 127|0x00000000d9100000, 0x00000000d9200000, 0x00000000d9200000|100%| E|CS|TAMS 0x00000000d9100000, 0x00000000d9100000| Complete 

Card table byte_map: [0x000001ac743c0000,0x000001ac74540000] _byte_map_base: 0x000001ac73d37000

Marking Bits (Prev, Next): (CMBitMap*) 0x000001ac70c81e50, (CMBitMap*) 0x000001ac70c81e10
 Prev Bits: [0x000001ac75280000, 0x000001ac75e38000)
 Next Bits: [0x000001ac746c0000, 0x000001ac75278000)

Polling page: 0x000001ac70420000

Metaspace:

Usage:
  Non-class:     20.21 MB used.
      Class:      2.37 MB used.
       Both:     22.58 MB used.

Virtual space:
  Non-class space:       24.00 MB reserved,      20.38 MB ( 85%) committed,  3 nodes.
      Class space:        1.00 GB reserved,       2.50 MB ( <1%) committed,  1 nodes.
             Both:        1.02 GB reserved,      22.88 MB (  2%) committed. 

Chunk freelists:
   Non-Class:  3.48 MB
       Class:  1.47 MB
        Both:  4.95 MB

MaxMetaspaceSize: unlimited
CompressedClassSpaceSize: 1.00 GB
Initial GC threshold: 21.00 MB
Current GC threshold: 35.12 MB
CDS: off
MetaspaceReclaimPolicy: balanced
 - commit_granule_bytes: 65536.
 - commit_granule_words: 8192.
 - virtual_space_node_default_size: 1048576.
 - enlarge_chunks_in_place: 1.
 - new_chunks_are_fully_committed: 0.
 - uncommit_free_chunks: 1.
 - use_allocation_guard: 0.
 - handle_deallocations: 1.


Internal statistics:

num_allocs_failed_limit: 3.
num_arena_births: 242.
num_arena_deaths: 0.
num_vsnodes_births: 4.
num_vsnodes_deaths: 0.
num_space_committed: 366.
num_space_uncommitted: 0.
num_chunks_returned_to_freelist: 3.
num_chunks_taken_from_freelist: 544.
num_chunk_merges: 0.
num_chunk_splits: 329.
num_chunks_enlarged: 178.
num_purges: 0.
num_inconsistent_stats: 0.

CodeHeap 'non-profiled nmethods': size=120000Kb used=522Kb max_used=522Kb free=119477Kb
 bounds [0x000001ac07ad0000, 0x000001ac07d40000, 0x000001ac0f000000]
CodeHeap 'profiled nmethods': size=120000Kb used=3220Kb max_used=3220Kb free=116779Kb
 bounds [0x000001ac005a0000, 0x000001ac008d0000, 0x000001ac07ad0000]
CodeHeap 'non-nmethods': size=5760Kb used=1266Kb max_used=1283Kb free=4493Kb
 bounds [0x000001ac00000000, 0x000001ac00270000, 0x000001ac005a0000]
 total_blobs=2316 nmethods=1725 adapters=505
 compilation: enabled
              stopped_count=0, restarted_count=0
 full_count=0

Compilation events (20 events):
Event: 3.754 Thread 0x000001ac790040a0 1669       3       java.io.DataOutputStream::writeUTF (411 bytes)
Event: 3.761 Thread 0x000001ac790040a0 nmethod 1669 0x000001ac0089d010 code [0x000001ac0089d3a0, 0x000001ac0089f2a8]
Event: 3.761 Thread 0x000001ac790040a0 1671       3       java.lang.reflect.AccessibleObject::checkCanSetAccessible (9 bytes)
Event: 3.762 Thread 0x000001ac790040a0 nmethod 1671 0x000001ac0089fe10 code [0x000001ac0089ffa0, 0x000001ac008a00e8]
Event: 3.762 Thread 0x000001ac790040a0 1672       3       java.lang.reflect.AccessibleObject::checkCanSetAccessible (368 bytes)
Event: 3.774 Thread 0x000001ac790040a0 nmethod 1672 0x000001ac008a0190 code [0x000001ac008a08c0, 0x000001ac008a4188]
Event: 3.774 Thread 0x000001ac790040a0 1673       3       java.lang.reflect.AccessibleObject::setAccessible0 (7 bytes)
Event: 3.775 Thread 0x000001ac790040a0 nmethod 1673 0x000001ac008a5490 code [0x000001ac008a5620, 0x000001ac008a5738]
Event: 3.775 Thread 0x000001ac790040a0 1674       3       java.security.Provider$ServiceKey::equals (53 bytes)
Event: 3.776 Thread 0x000001ac790040a0 nmethod 1674 0x000001ac008a5810 code [0x000001ac008a59e0, 0x000001ac008a5e98]
Event: 3.776 Thread 0x000001ac790040a0 1668       3       sun.security.provider.DigestBase::engineDigest (112 bytes)
Event: 3.778 Thread 0x000001ac790040a0 nmethod 1668 0x000001ac008a6010 code [0x000001ac008a62e0, 0x000001ac008a6fc8]
Event: 3.778 Thread 0x000001ac790040a0 1675       3       sun.security.jca.Providers::getProviderList (14 bytes)
Event: 3.779 Thread 0x000001ac790040a0 nmethod 1675 0x000001ac008a7490 code [0x000001ac008a7660, 0x000001ac008a7a48]
Event: 3.779 Thread 0x000001ac790040a0 1670       1       java.security.DigestOutputStream::setMessageDigest (6 bytes)
Event: 3.779 Thread 0x000001ac790040a0 nmethod 1670 0x000001ac07b4fe10 code [0x000001ac07b4ffa0, 0x000001ac07b500b8]
Event: 3.781 Thread 0x000001ac790040a0 1676       3       java.io.ObjectInputStream$BlockDataInputStream::read (62 bytes)
Event: 3.781 Thread 0x000001ac790040a0 nmethod 1676 0x000001ac008a7b90 code [0x000001ac008a7d60, 0x000001ac008a8058]
Event: 3.782 Thread 0x000001ac790040a0 1677       3       java.io.ObjectInputStream$BlockDataInputStream::readByte (20 bytes)
Event: 3.783 Thread 0x000001ac790040a0 nmethod 1677 0x000001ac008a8190 code [0x000001ac008a8340, 0x000001ac008a8598]

GC Heap History (4 events):
Event: 2.144 GC heap before
{Heap before GC invocations=0 (full 0):
 garbage-first heap   total 131072K, used 15360K [0x00000000d1200000, 0x0000000100000000)
  region size 1024K, 13 young (13312K), 0 survivors (0K)
 Metaspace       used 14916K, committed 15168K, reserved 1064960K
  class space    used 1502K, committed 1664K, reserved 1048576K
}
Event: 2.156 GC heap after
{Heap after GC invocations=1 (full 0):
 garbage-first heap   total 131072K, used 6733K [0x00000000d1200000, 0x0000000100000000)
  region size 1024K, 2 young (2048K), 2 survivors (2048K)
 Metaspace       used 14916K, committed 15168K, reserved 1064960K
  class space    used 1502K, committed 1664K, reserved 1048576K
}
Event: 3.307 GC heap before
{Heap before GC invocations=1 (full 0):
 garbage-first heap   total 131072K, used 15949K [0x00000000d1200000, 0x0000000100000000)
  region size 1024K, 12 young (12288K), 2 survivors (2048K)
 Metaspace       used 21313K, committed 21504K, reserved 1073152K
  class space    used 2257K, committed 2368K, reserved 1048576K
}
Event: 3.319 GC heap after
{Heap after GC invocations=2 (full 0):
 garbage-first heap   total 131072K, used 8732K [0x00000000d1200000, 0x0000000100000000)
  region size 1024K, 2 young (2048K), 2 survivors (2048K)
 Metaspace       used 21313K, committed 21504K, reserved 1073152K
  class space    used 2257K, committed 2368K, reserved 1048576K
}

Dll operation events (1 events):
Event: 0.026 Loaded shared library C:\Program Files\JetBrains\IntelliJ IDEA 2022.3.2\jbr\bin\java.dll

Deoptimization events (20 events):
Event: 3.397 Thread 0x000001ac795de4d0 Uncommon trap: trap_request=0xffffffde fr.pc=0x000001ac07b34f48 relative=0x00000000000005a8
Event: 3.397 Thread 0x000001ac795de4d0 Uncommon trap: reason=class_check action=maybe_recompile pc=0x000001ac07b34f48 method=java.util.HashMap.putVal(ILjava/lang/Object;Ljava/lang/Object;ZZ)Ljava/lang/Object; @ 253 c2
Event: 3.397 Thread 0x000001ac795de4d0 DEOPT PACKING pc=0x000001ac07b34f48 sp=0x0000009837dfd2c0
Event: 3.397 Thread 0x000001ac795de4d0 DEOPT UNPACKING pc=0x000001ac0005239d sp=0x0000009837dfd260 mode 2
Event: 3.399 Thread 0x000001ac795de4d0 Uncommon trap: trap_request=0xffffffde fr.pc=0x000001ac07b34f48 relative=0x00000000000005a8
Event: 3.399 Thread 0x000001ac795de4d0 Uncommon trap: reason=class_check action=maybe_recompile pc=0x000001ac07b34f48 method=java.util.HashMap.putVal(ILjava/lang/Object;Ljava/lang/Object;ZZ)Ljava/lang/Object; @ 253 c2
Event: 3.399 Thread 0x000001ac795de4d0 DEOPT PACKING pc=0x000001ac07b34f48 sp=0x0000009837dfd2c0
Event: 3.399 Thread 0x000001ac795de4d0 DEOPT UNPACKING pc=0x000001ac0005239d sp=0x0000009837dfd260 mode 2
Event: 3.471 Thread 0x000001ac795de4d0 Uncommon trap: trap_request=0xffffffc6 fr.pc=0x000001ac07b41f48 relative=0x0000000000000288
Event: 3.471 Thread 0x000001ac795de4d0 Uncommon trap: reason=bimorphic_or_optimized_type_check action=maybe_recompile pc=0x000001ac07b41f48 method=java.util.regex.Pattern$SliceI.match(Ljava/util/regex/Matcher;ILjava/lang/CharSequence;)Z @ 92 c2
Event: 3.471 Thread 0x000001ac795de4d0 DEOPT PACKING pc=0x000001ac07b41f48 sp=0x0000009837dfdf60
Event: 3.471 Thread 0x000001ac795de4d0 DEOPT UNPACKING pc=0x000001ac0005239d sp=0x0000009837dfdf08 mode 2
Event: 3.595 Thread 0x000001ac795de4d0 Uncommon trap: trap_request=0xffffff45 fr.pc=0x000001ac07b0ada0 relative=0x0000000000000660
Event: 3.595 Thread 0x000001ac795de4d0 Uncommon trap: reason=unstable_if action=reinterpret pc=0x000001ac07b0ada0 method=java.lang.AbstractStringBuilder.append(Ljava/lang/String;)Ljava/lang/AbstractStringBuilder; @ 1 c2
Event: 3.595 Thread 0x000001ac795de4d0 DEOPT PACKING pc=0x000001ac07b0ada0 sp=0x0000009837dfe140
Event: 3.595 Thread 0x000001ac795de4d0 DEOPT UNPACKING pc=0x000001ac0005239d sp=0x0000009837dfe0d0 mode 2
Event: 3.619 Thread 0x000001ac795de4d0 DEOPT PACKING pc=0x000001ac0071a477 sp=0x0000009837df6940
Event: 3.619 Thread 0x000001ac795de4d0 DEOPT UNPACKING pc=0x000001ac00052b24 sp=0x0000009837df5da0 mode 0
Event: 3.649 Thread 0x000001ac795de4d0 DEOPT PACKING pc=0x000001ac006427ba sp=0x0000009837dfdc80
Event: 3.649 Thread 0x000001ac795de4d0 DEOPT UNPACKING pc=0x000001ac00052b24 sp=0x0000009837dfd110 mode 0

Classes unloaded (0 events):
No events

Classes redefined (0 events):
No events

Internal exceptions (20 events):
Event: 0.899 Thread 0x000001ac70c4c330 Exception <a 'java/lang/NoSuchMethodError'{0x00000000d8ecb720}: 'java.lang.Object java.lang.invoke.DirectMethodHandle$Holder.invokeStaticInit(java.lang.Object)'> (0x00000000d8ecb720) 
thrown [s\src\hotspot\share\interpreter\linkResolver.cpp, line 771]
Event: 1.124 Thread 0x000001ac70c4c330 Exception <a 'java/lang/NoSuchMethodError'{0x00000000d8dde1b8}: 'java.lang.Object java.lang.invoke.DirectMethodHandle$Holder.invokeStaticInit(java.lang.Object, int, int, int, int)'> (0x00000000d8dde1b8) 
thrown [s\src\hotspot\share\interpreter\linkResolver.cpp, line 771]
Event: 1.289 Thread 0x000001ac70c4c330 Exception <a 'java/lang/NoSuchMethodError'{0x00000000d8cba970}: 'java.lang.Object java.lang.invoke.DirectMethodHandle$Holder.invokeStaticInit(java.lang.Object, java.lang.Object, int, int, int, int)'> (0x00000000d8cba970) 
thrown [s\src\hotspot\share\interpreter\linkResolver.cpp, line 771]
Event: 1.364 Thread 0x000001ac70c4c330 Exception <a 'java/lang/NoSuchMethodError'{0x00000000d8cf45d0}: 'void java.lang.invoke.DirectMethodHandle$Holder.invokeStatic(java.lang.Object, java.lang.Object)'> (0x00000000d8cf45d0) 
thrown [s\src\hotspot\share\interpreter\linkResolver.cpp, line 771]
Event: 1.502 Thread 0x000001ac70c4c330 Exception <a 'java/lang/NoSuchMethodError'{0x00000000d8a3ed90}: 'java.lang.Object java.lang.invoke.Invokers$Holder.linkToTargetMethod(java.lang.Object, long, java.lang.Object)'> (0x00000000d8a3ed90) 
thrown [s\src\hotspot\share\interpreter\linkResolver.cpp, line 771]
Event: 1.652 Thread 0x000001ac795de4d0 Exception <a 'java/lang/NoSuchMethodError'{0x00000000d89ab320}: static [B.<clinit>()V> (0x00000000d89ab320) 
thrown [s\src\hotspot\share\prims\jni.cpp, line 1108]
Event: 1.695 Thread 0x000001ac795de4d0 Exception <a 'java/lang/NoSuchMethodError'{0x00000000d89dcb98}: static [Ljava/rmi/server/ObjID;.<clinit>()V> (0x00000000d89dcb98) 
thrown [s\src\hotspot\share\prims\jni.cpp, line 1108]
Event: 1.701 Thread 0x000001ac795de000 Exception <a 'java/lang/InterruptedException'{0x00000000d8800000}> (0x00000000d8800000) 
thrown [s\src\hotspot\share\runtime\objectMonitor.cpp, line 1648]
Event: 1.704 Thread 0x000001ac795de000 Exception <a 'java/lang/NoSuchMethodError'{0x00000000d88089f8}: 'java.lang.Object java.lang.invoke.DirectMethodHandle$Holder.newInvokeSpecial(java.lang.Object, java.lang.Object, int, java.lang.Object, long)'> (0x00000000d88089f8) 
thrown [s\src\hotspot\share\interpreter\linkResolver.cpp, line 771]
Event: 1.995 Thread 0x000001ac795de4d0 Exception <a 'java/lang/NoSuchMethodError'{0x00000000d86a92a0}: 'java.lang.Object java.lang.invoke.DirectMethodHandle$Holder.invokeInterface(java.lang.Object, java.lang.Object)'> (0x00000000d86a92a0) 
thrown [s\src\hotspot\share\interpreter\linkResolver.cpp, line 771]
Event: 2.070 Thread 0x000001ac795de4d0 Exception <a 'java/lang/NoSuchMethodError'{0x00000000d8520c18}: 'void java.lang.invoke.DirectMethodHandle$Holder.invokeSpecial(java.lang.Object, java.lang.Object, java.lang.Object)'> (0x00000000d8520c18) 
thrown [s\src\hotspot\share\interpreter\linkResolver.cpp, line 771]
Event: 2.074 Thread 0x000001ac795de4d0 Exception <a 'java/lang/NoSuchMethodError'{0x00000000d8527638}: 'void java.lang.invoke.DirectMethodHandle$Holder.invokeStatic(java.lang.Object, java.lang.Object, java.lang.Object)'> (0x00000000d8527638) 
thrown [s\src\hotspot\share\interpreter\linkResolver.cpp, line 771]
Event: 2.079 Thread 0x000001ac795de4d0 Exception <a 'java/lang/NoSuchMethodError'{0x00000000d8531a38}: 'java.lang.Object java.lang.invoke.DirectMethodHandle$Holder.invokeVirtual(java.lang.Object, java.lang.Object, java.lang.Object)'> (0x00000000d8531a38) 
thrown [s\src\hotspot\share\interpreter\linkResolver.cpp, line 771]
Event: 2.414 Thread 0x000001ac795de4d0 Exception <a 'java/lang/NoSuchMethodError'{0x00000000d8e76ec8}: 'void java.lang.invoke.DirectMethodHandle$Holder.invokeStaticInit(java.lang.Object, java.lang.Object)'> (0x00000000d8e76ec8) 
thrown [s\src\hotspot\share\interpreter\linkResolver.cpp, line 771]
Event: 2.758 Thread 0x000001ac795de4d0 Exception <a 'sun/nio/fs/WindowsException'{0x00000000d8b7a3d8}> (0x00000000d8b7a3d8) 
thrown [s\src\hotspot\share\prims\jni.cpp, line 517]
Event: 2.798 Thread 0x000001ac795de4d0 Exception <a 'java/lang/NoSuchMethodError'{0x00000000d8b9eb10}: 'int java.lang.invoke.DirectMethodHandle$Holder.invokeStaticInit(java.lang.Object, java.lang.Object, java.lang.Object, java.lang.Object)'> (0x00000000d8b9eb10) 
thrown [s\src\hotspot\share\interpreter\linkResolver.cpp, line 771]
Event: 2.804 Thread 0x000001ac795de4d0 Exception <a 'java/lang/IncompatibleClassChangeError'{0x00000000d8bac570}: Found class java.lang.Object, but interface was expected> (0x00000000d8bac570) 
thrown [s\src\hotspot\share\interpreter\linkResolver.cpp, line 838]
Event: 2.807 Thread 0x000001ac795de4d0 Exception <a 'java/lang/NoSuchMethodError'{0x00000000d8bb22d0}: 'int java.lang.invoke.DirectMethodHandle$Holder.invokeStaticInit(java.lang.Object, java.lang.Object)'> (0x00000000d8bb22d0) 
thrown [s\src\hotspot\share\interpreter\linkResolver.cpp, line 771]
Event: 3.595 Thread 0x000001ac795de4d0 Implicit null exception at 0x000001ac07b0a775 to 0x000001ac07b0ad8c
Event: 3.599 Thread 0x000001ac795de4d0 Exception <a 'java/lang/NoSuchMethodError'{0x00000000d8f3d958}: 'java.lang.Object java.lang.invoke.DirectMethodHandle$Holder.newInvokeSpecial(java.lang.Object, java.lang.Object, int)'> (0x00000000d8f3d958) 
thrown [s\src\hotspot\share\interpreter\linkResolver.cpp, line 771]

VM Operations (20 events):
Event: 1.981 Executing VM operation: Cleanup
Event: 1.981 Executing VM operation: Cleanup done
Event: 2.144 Executing VM operation: G1CollectForAllocation
Event: 2.156 Executing VM operation: G1CollectForAllocation done
Event: 2.569 Executing VM operation: HandshakeAllThreads
Event: 2.569 Executing VM operation: HandshakeAllThreads done
Event: 2.761 Executing VM operation: HandshakeAllThreads
Event: 2.761 Executing VM operation: HandshakeAllThreads done
Event: 2.784 Executing VM operation: HandshakeAllThreads
Event: 2.784 Executing VM operation: HandshakeAllThreads done
Event: 3.275 Executing VM operation: HandshakeAllThreads
Event: 3.275 Executing VM operation: HandshakeAllThreads done
Event: 3.275 Executing VM operation: Cleanup
Event: 3.276 Executing VM operation: Cleanup done
Event: 3.307 Executing VM operation: CollectForMetadataAllocation
Event: 3.319 Executing VM operation: CollectForMetadataAllocation done
Event: 3.331 Executing VM operation: G1Concurrent
Event: 3.333 Executing VM operation: G1Concurrent done
Event: 3.338 Executing VM operation: G1Concurrent
Event: 3.338 Executing VM operation: G1Concurrent done

Events (20 events):
Event: 3.524 loading class java/time/ZonedDateTime
Event: 3.525 loading class java/time/chrono/ChronoZonedDateTime
Event: 3.525 loading class java/time/chrono/ChronoZonedDateTime done
Event: 3.526 loading class java/time/ZonedDateTime done
Event: 3.529 Thread 0x000001ac7980ca40 Thread exited: 0x000001ac7980ca40
Event: 3.551 loading class sun/util/spi/CalendarProvider
Event: 3.551 loading class sun/util/spi/CalendarProvider done
Event: 3.552 loading class sun/util/locale/provider/CalendarProviderImpl
Event: 3.552 loading class sun/util/locale/provider/CalendarProviderImpl done
Event: 3.586 loading class java/time/format/DateTimeParseException
Event: 3.587 loading class java/time/DateTimeException
Event: 3.587 loading class java/time/DateTimeException done
Event: 3.587 loading class java/time/format/DateTimeParseException done
Event: 3.669 loading class jdk/internal/reflect/UnsafeQualifiedStaticObjectFieldAccessorImpl
Event: 3.669 loading class jdk/internal/reflect/UnsafeQualifiedStaticObjectFieldAccessorImpl done
Event: 3.671 loading class java/util/stream/IntStream
Event: 3.672 loading class java/util/stream/IntStream done
Event: 3.672 loading class java/nio/charset/CharacterCodingException
Event: 3.672 loading class java/nio/charset/CharacterCodingException done
Event: 3.720 Thread 0x000001ac7aa5d720 Thread added: 0x000001ac7aa5d720


Dynamic libraries:
0x00007ff7fbf60000 - 0x00007ff7fbf6a000 	C:\Program Files\JetBrains\IntelliJ IDEA 2022.3.2\jbr\bin\java.exe
0x00007ff924290000 - 0x00007ff924488000 	C:\WINDOWS\SYSTEM32\ntdll.dll
0x00007ff922550000 - 0x00007ff92260f000 	C:\WINDOWS\System32\KERNEL32.DLL
0x00007ff921d50000 - 0x00007ff922022000 	C:\WINDOWS\System32\KERNELBASE.dll
0x00007ff921980000 - 0x00007ff921a80000 	C:\WINDOWS\System32\ucrtbase.dll
0x00007ff9120e0000 - 0x00007ff9120fb000 	C:\Program Files\JetBrains\IntelliJ IDEA 2022.3.2\jbr\bin\VCRUNTIME140.dll
0x00007ff911f40000 - 0x00007ff911f57000 	C:\Program Files\JetBrains\IntelliJ IDEA 2022.3.2\jbr\bin\jli.dll
0x00007ff923130000 - 0x00007ff9232d1000 	C:\WINDOWS\System32\USER32.dll
0x00007ff921a80000 - 0x00007ff921aa2000 	C:\WINDOWS\System32\win32u.dll
0x00007ff9230f0000 - 0x00007ff92311b000 	C:\WINDOWS\System32\GDI32.dll
0x00007ff90f020000 - 0x00007ff90f2ba000 	C:\WINDOWS\WinSxS\amd64_microsoft.windows.common-controls_6595b64144ccf1df_6.0.19041.1110_none_60b5254171f9507e\COMCTL32.dll
0x00007ff921c40000 - 0x00007ff921d4f000 	C:\WINDOWS\System32\gdi32full.dll
0x00007ff9232e0000 - 0x00007ff92337e000 	C:\WINDOWS\System32\msvcrt.dll
0x00007ff921b20000 - 0x00007ff921bbd000 	C:\WINDOWS\System32\msvcp_win.dll
0x00007ff9223b0000 - 0x00007ff9223e2000 	C:\WINDOWS\System32\IMM32.DLL
0x00007ff91c020000 - 0x00007ff91c02c000 	C:\Program Files\JetBrains\IntelliJ IDEA 2022.3.2\jbr\bin\vcruntime140_1.dll
0x00007ff910e70000 - 0x00007ff910efd000 	C:\Program Files\JetBrains\IntelliJ IDEA 2022.3.2\jbr\bin\msvcp140.dll
0x00007ff8c1f10000 - 0x00007ff8c2b7b000 	C:\Program Files\JetBrains\IntelliJ IDEA 2022.3.2\jbr\bin\server\jvm.dll
0x00007ff923560000 - 0x00007ff92360e000 	C:\WINDOWS\System32\ADVAPI32.dll
0x00007ff922ec0000 - 0x00007ff922f5c000 	C:\WINDOWS\System32\sechost.dll
0x00007ff922fc0000 - 0x00007ff9230e5000 	C:\WINDOWS\System32\RPCRT4.dll
0x00007ff91d0f0000 - 0x00007ff91d0f9000 	C:\WINDOWS\SYSTEM32\WSOCK32.dll
0x00007ff912b30000 - 0x00007ff912b57000 	C:\WINDOWS\SYSTEM32\WINMM.dll
0x00007ff922480000 - 0x00007ff9224eb000 	C:\WINDOWS\System32\WS2_32.dll
0x00007ff919550000 - 0x00007ff91955a000 	C:\WINDOWS\SYSTEM32\VERSION.dll
0x00007ff91fa20000 - 0x00007ff91fa32000 	C:\WINDOWS\SYSTEM32\kernel.appcore.dll
0x00007ff91c0f0000 - 0x00007ff91c0fa000 	C:\Program Files\JetBrains\IntelliJ IDEA 2022.3.2\jbr\bin\jimage.dll
0x00007ff91f5e0000 - 0x00007ff91f7c4000 	C:\WINDOWS\SYSTEM32\DBGHELP.DLL
0x00007ff90e150000 - 0x00007ff90e185000 	C:\WINDOWS\SYSTEM32\dbgcore.DLL
0x00007ff922030000 - 0x00007ff9220b2000 	C:\WINDOWS\System32\bcryptPrimitives.dll
0x00007ff91a1c0000 - 0x00007ff91a1e5000 	C:\Program Files\JetBrains\IntelliJ IDEA 2022.3.2\jbr\bin\java.dll
0x00007ff919b50000 - 0x00007ff919b68000 	C:\Program Files\JetBrains\IntelliJ IDEA 2022.3.2\jbr\bin\zip.dll
0x00007ff923610000 - 0x00007ff923d55000 	C:\WINDOWS\System32\SHELL32.dll
0x00007ff91fa40000 - 0x00007ff9201d2000 	C:\WINDOWS\SYSTEM32\windows.storage.dll
0x00007ff922b60000 - 0x00007ff922eb5000 	C:\WINDOWS\System32\combase.dll
0x00007ff921300000 - 0x00007ff921330000 	C:\WINDOWS\SYSTEM32\Wldp.dll
0x00007ff922aa0000 - 0x00007ff922b4d000 	C:\WINDOWS\System32\SHCORE.dll
0x00007ff923500000 - 0x00007ff923555000 	C:\WINDOWS\System32\shlwapi.dll
0x00007ff9218c0000 - 0x00007ff9218df000 	C:\WINDOWS\SYSTEM32\profapi.dll
0x00007ff917910000 - 0x00007ff917929000 	C:\Program Files\JetBrains\IntelliJ IDEA 2022.3.2\jbr\bin\net.dll
0x00007ff916600000 - 0x00007ff91670c000 	C:\WINDOWS\SYSTEM32\WINHTTP.dll
0x00007ff921060000 - 0x00007ff9210ca000 	C:\WINDOWS\system32\mswsock.dll
0x00007ff911fe0000 - 0x00007ff911ff6000 	C:\Program Files\JetBrains\IntelliJ IDEA 2022.3.2\jbr\bin\nio.dll
0x00007ff908f20000 - 0x00007ff9090b3000 	C:\Program Files\JetBrains\IntelliJ IDEA 2022.3.2\jbr\bin\awt.dll
0x00007ff9229d0000 - 0x00007ff922a9d000 	C:\WINDOWS\System32\OLEAUT32.dll
0x00007ff91f1a0000 - 0x00007ff91f1cf000 	C:\WINDOWS\SYSTEM32\dwmapi.dll
0x00007ff91edf0000 - 0x00007ff91ee80000 	C:\WINDOWS\SYSTEM32\apphelp.dll
0x00007ff91efc0000 - 0x00007ff91f05e000 	C:\WINDOWS\system32\uxtheme.dll
0x00007ff923380000 - 0x00007ff923495000 	C:\WINDOWS\System32\MSCTF.dll
0x00007ff922620000 - 0x00007ff92274a000 	C:\WINDOWS\System32\ole32.dll
0x00007ff920d50000 - 0x00007ff920d8b000 	C:\WINDOWS\SYSTEM32\IPHLPAPI.DLL
0x00007ff923120000 - 0x00007ff923128000 	C:\WINDOWS\System32\NSI.dll
0x00007ff917830000 - 0x00007ff917847000 	C:\WINDOWS\SYSTEM32\dhcpcsvc6.DLL
0x00007ff919030000 - 0x00007ff91904d000 	C:\WINDOWS\SYSTEM32\dhcpcsvc.DLL
0x00007ff920d90000 - 0x00007ff920e5b000 	C:\WINDOWS\SYSTEM32\DNSAPI.dll
0x00007ff921260000 - 0x00007ff921278000 	C:\WINDOWS\SYSTEM32\CRYPTSP.dll
0x00007ff920980000 - 0x00007ff9209b4000 	C:\WINDOWS\system32\rsaenh.dll
0x00007ff921c10000 - 0x00007ff921c37000 	C:\WINDOWS\System32\bcrypt.dll
0x00007ff921840000 - 0x00007ff92186e000 	C:\WINDOWS\SYSTEM32\USERENV.dll
0x00007ff921250000 - 0x00007ff92125c000 	C:\WINDOWS\SYSTEM32\CRYPTBASE.dll
0x00007ff910ba0000 - 0x00007ff910ba7000 	C:\Program Files\JetBrains\IntelliJ IDEA 2022.3.2\jbr\bin\rmi.dll
0x00007ff910410000 - 0x00007ff91041a000 	C:\Windows\System32\rasadhlp.dll
0x00007ff9123d0000 - 0x00007ff912450000 	C:\WINDOWS\System32\fwpuclnt.dll
0x00007ff91a0a0000 - 0x00007ff91a0ae000 	C:\Program Files\JetBrains\IntelliJ IDEA 2022.3.2\jbr\bin\sunmscapi.dll
0x00007ff9220c0000 - 0x00007ff922216000 	C:\WINDOWS\System32\CRYPT32.dll
0x00007ff921370000 - 0x00007ff921397000 	C:\WINDOWS\SYSTEM32\ncrypt.dll
0x00007ff921330000 - 0x00007ff92136b000 	C:\WINDOWS\SYSTEM32\NTASN1.dll

dbghelp: loaded successfully - version: 4.0.5 - missing functions: none
symbol engine: initialized successfully - sym options: 0x614 - pdb path: .;C:\Program Files\JetBrains\IntelliJ IDEA 2022.3.2\jbr\bin;C:\WINDOWS\SYSTEM32;C:\WINDOWS\WinSxS\amd64_microsoft.windows.common-controls_6595b64144ccf1df_6.0.19041.1110_none_60b5254171f9507e;C:\Program Files\JetBrains\IntelliJ IDEA 2022.3.2\jbr\bin\server

VM Arguments:
jvm_args: -Dawt.toolkit=com.intellij.desktop.DesktopActionsToolkit -Djava.rmi.server.hostname=127.0.0.1 -Duser.timezone=UTC -Xmx750m -Xms128m --add-exports=java.desktop/sun.awt=ALL-UNNAMED --add-exports=java.desktop/java.awt.peer=ALL-UNNAMED --add-opens=java.desktop/java.awt=ALL-UNNAMED --add-opens=jdk.unsupported/sun.misc=ALL-UNNAMED --add-opens=java.base/java.nio=ALL-UNNAMED --add-opens=java.base/java.util=ALL-UNNAMED -Dfile.encoding=UTF-8 
java_command: com.intellij.database.remote.RemoteJdbcServer com.mysql.cj.jdbc.Driver
java_class_path (initial): C:\Program Files\JetBrains\IntelliJ IDEA 2022.3.2\lib\util_rt.jar;C:\Program Files\JetBrains\IntelliJ IDEA 2022.3.2\lib\3rd-party-rt.jar;C:\Program Files\JetBrains\IntelliJ IDEA 2022.3.2\lib\groovy.jar;C:\Program Files\JetBrains\IntelliJ IDEA 2022.3.2\plugins\DatabaseTools\lib\jdbc-console.jar;C:\Program Files\JetBrains\IntelliJ IDEA 2022.3.2\plugins\grid-core-impl\lib\jdbc-console-types.jar;C:\Users\Jason Statham\AppData\Roaming\JetBrains\IntelliJIdea2022.3\jdbc-drivers\MySQL ConnectorJ\8.0.25\mysql-connector-java-8.0.25.jar
Launcher Type: SUN_STANDARD

[Global flags]
     intx CICompilerCount                          = 3                                         {product} {ergonomic}
     uint ConcGCThreads                            = 1                                         {product} {ergonomic}
     uint G1ConcRefinementThreads                  = 4                                         {product} {ergonomic}
   size_t G1HeapRegionSize                         = 1048576                                   {product} {ergonomic}
    uintx GCDrainStackTargetSize                   = 64                                        {product} {ergonomic}
   size_t InitialHeapSize                          = 134217728                                 {product} {command line}
   size_t MarkStackSize                            = 4194304                                   {product} {ergonomic}
   size_t MaxHeapSize                              = 786432000                                 {product} {command line}
   size_t MaxNewSize                               = 471859200                                 {product} {ergonomic}
   size_t MinHeapDeltaBytes                        = 1048576                                   {product} {ergonomic}
   size_t MinHeapSize                              = 134217728                                 {product} {command line}
    uintx NonNMethodCodeHeapSize                   = 5832780                                {pd product} {ergonomic}
    uintx NonProfiledCodeHeapSize                  = 122912730                              {pd product} {ergonomic}
    uintx ProfiledCodeHeapSize                     = 122912730                              {pd product} {ergonomic}
    uintx ReservedCodeCacheSize                    = 251658240                              {pd product} {ergonomic}
     bool SegmentedCodeCache                       = true                                      {product} {ergonomic}
   size_t SoftMaxHeapSize                          = 786432000                              {manageable} {ergonomic}
     bool UseCompressedClassPointers               = true                           {product lp64_product} {ergonomic}
     bool UseCompressedOops                        = true                           {product lp64_product} {ergonomic}
     bool UseG1GC                                  = true                                      {product} {ergonomic}
     bool UseLargePagesIndividualAllocation        = false                                  {pd product} {ergonomic}

Logging:
Log output configuration:
 #0: stdout all=warning uptime,level,tags
 #1: stderr all=off uptime,level,tags

Environment Variables:
PATH=C:\WINDOWS\system32;C:\WINDOWS;C:\WINDOWS\System32\Wbem;C:\WINDOWS\System32\WindowsPowerShell\v1.0\;C:\WINDOWS\System32\OpenSSH\;C:\Program Files\MySQL\MySQL Server 8.0\bin;C:\Program Files\apache-maven-3.9.0\bin;C:\Users\Jason Statham\AppData\Local\Microsoft\WindowsApps;C:\Users\Jason Statham\AppData\Local\GitHubDesktop\bin;C:\Program Files\JetBrains\IntelliJ IDEA 2022.3.2\bin;;C:\Windows\System32;
USERNAME=Jason Statham
OS=Windows_NT
PROCESSOR_IDENTIFIER=Intel64 Family 6 Model 76 Stepping 3, GenuineIntel
TMP=C:\Users\JASONS~1\AppData\Local\Temp
TEMP=C:\Users\JASONS~1\AppData\Local\Temp



---------------  S Y S T E M  ---------------

OS:
 Windows 10 , 64 bit Build 19041 (10.0.19041.2546)
OS uptime: 0 days 4:21 hours

CPU: total 4 (initial active 4) (4 cores per cpu, 1 threads per core) family 6 model 76 stepping 3 microcode 0x368, cx8, cmov, fxsr, mmx, 3dnowpref, sse, sse2, sse3, ssse3, sse4.1, sse4.2, popcnt, tsc, tscinvbit, aes, erms, clmul, clflush

Memory: 4k page, system-wide physical 8095M (990M free)
TotalPageFile size 8095M (AvailPageFile size 5M)
current process WorkingSet (physical memory assigned to process): 101M, peak: 101M
current process commit charge ("private bytes"): 233M, peak: 233M

vm_info: OpenJDK 64-Bit Server VM (17.0.5+1-b653.25) for windows-amd64 JRE (17.0.5+1-b653.25), built on 2023-01-04 by "builduser" with MS VC++ 16.10 / 16.11 (VS2019)

END.
