#
# There is insufficient memory for the Java Runtime Environment to continue.
# Native memory allocation (malloc) failed to allocate 1348000 bytes for Chunk::new
# Possible reasons:
#   The system is out of physical RAM or swap space
#   The process is running with CompressedOops enabled, and the Java Heap may be blocking the growth of the native heap
# Possible solutions:
#   Reduce memory load on the system
#   Increase physical memory or swap space
#   Check if swap backing store is full
#   Decrease Java heap size (-Xmx/-Xms)
#   Decrease number of Java threads
#   Decrease Java thread stack sizes (-Xss)
#   Set larger code cache with -XX:ReservedCodeCacheSize=
#   JVM is running with Unscaled Compressed Oops mode in which the Java heap is
#     placed in the first 4GB address space. The Java Heap base address is the
#     maximum limit for the native heap growth. Please use -XX:HeapBaseMinAddress
#     to set the Java Heap base and to place the Java Heap above 4GB virtual address.
# This output file may be truncated or incomplete.
#
#  Out of Memory Error (arena.cpp:189), pid=10428, tid=32
#
# JRE version: OpenJDK Runtime Environment Corretto-17.0.6.10.1 (17.0.6+10) (build 17.0.6+10-LTS)
# Java VM: OpenJDK 64-Bit Server VM Corretto-17.0.6.10.1 (17.0.6+10-LTS, mixed mode, sharing, tiered, compressed oops, compressed class ptrs, g1 gc, windows-amd64)
# No core dump will be written. Minidumps are not enabled by default on client versions of Windows
#

---------------  S U M M A R Y ------------

Command Line: -javaagent:C:\Program Files\JetBrains\IntelliJ IDEA 2022.3.2\lib\idea_rt.jar=53934:C:\Program Files\JetBrains\IntelliJ IDEA 2022.3.2\bin -Dfile.encoding=UTF-8 hiber.MainApp

Host: Intel(R) Pentium(R) CPU  N3700  @ 1.60GHz, 4 cores, 7G,  Windows 10 , 64 bit Build 19041 (10.0.19041.2546)
Time: Fri Mar 10 12:53:53 2023 RTZ 2 (s 10 , 64 bit Build 19041 (10.0.19041.2546) elapsed time: 5.691386 seconds (0d 0h 0m 5s)

---------------  T H R E A D  ---------------

Current thread (0x000001fff88b6030):  JavaThread "C2 CompilerThread0" daemon [_thread_in_native, id=32, stack(0x000000ac49100000,0x000000ac49200000)]


Current CompileTask:
C2:   5691 1547       4       jdk.internal.org.objectweb.asm.Frame::execute (2305 bytes)

Stack: [0x000000ac49100000,0x000000ac49200000]
Native frames: (J=compiled Java code, j=interpreted, Vv=VM code, C=native code)
V  [jvm.dll+0x64b39a]
V  [jvm.dll+0x7ff044]
V  [jvm.dll+0x8007fe]
V  [jvm.dll+0x800e53]
V  [jvm.dll+0x235848]
V  [jvm.dll+0xbce6c]
V  [jvm.dll+0xbd44c]
V  [jvm.dll+0x34f2a7]
V  [jvm.dll+0x1b0700]
V  [jvm.dll+0x209d8f]
V  [jvm.dll+0x209237]
V  [jvm.dll+0x19926d]
V  [jvm.dll+0x2185dd]
V  [jvm.dll+0x216824]
V  [jvm.dll+0x7b77bb]
V  [jvm.dll+0x7b1d6a]
V  [jvm.dll+0x64a265]
C  [ucrtbase.dll+0x21bb2]
C  [KERNEL32.DLL+0x17614]
C  [ntdll.dll+0x526a1]


---------------  P R O C E S S  ---------------

Threads class SMR info:
_java_thread_list=0x000001fffa900320, length=15, elements={
0x000001ffe9d87aa0, 0x000001fff88996c0, 0x000001fff889a530, 0x000001fff88aba00,
0x000001fff88ae2d0, 0x000001fff88b2c90, 0x000001fff88b5390, 0x000001fff88b6030,
0x000001fff88c3800, 0x000001fff88fd5c0, 0x000001fff8883830, 0x000001fff9684b10,
0x000001fff9684fe0, 0x000001fff9d747a0, 0x000001fffac1e370
}

Java Threads: ( => current thread )
  0x000001ffe9d87aa0 JavaThread "main" [_thread_in_vm, id=5340, stack(0x000000ac48400000,0x000000ac48500000)]
  0x000001fff88996c0 JavaThread "Reference Handler" daemon [_thread_blocked, id=4328, stack(0x000000ac48b00000,0x000000ac48c00000)]
  0x000001fff889a530 JavaThread "Finalizer" daemon [_thread_blocked, id=10320, stack(0x000000ac48c00000,0x000000ac48d00000)]
  0x000001fff88aba00 JavaThread "Signal Dispatcher" daemon [_thread_blocked, id=2284, stack(0x000000ac48d00000,0x000000ac48e00000)]
  0x000001fff88ae2d0 JavaThread "Attach Listener" daemon [_thread_blocked, id=3164, stack(0x000000ac48e00000,0x000000ac48f00000)]
  0x000001fff88b2c90 JavaThread "Service Thread" daemon [_thread_blocked, id=10020, stack(0x000000ac48f00000,0x000000ac49000000)]
  0x000001fff88b5390 JavaThread "Monitor Deflation Thread" daemon [_thread_blocked, id=2244, stack(0x000000ac49000000,0x000000ac49100000)]
=>0x000001fff88b6030 JavaThread "C2 CompilerThread0" daemon [_thread_in_native, id=32, stack(0x000000ac49100000,0x000000ac49200000)]
  0x000001fff88c3800 JavaThread "C1 CompilerThread0" daemon [_thread_blocked, id=2752, stack(0x000000ac49200000,0x000000ac49300000)]
  0x000001fff88fd5c0 JavaThread "Sweeper thread" daemon [_thread_blocked, id=10584, stack(0x000000ac49300000,0x000000ac49400000)]
  0x000001fff8883830 JavaThread "Common-Cleaner" daemon [_thread_blocked, id=10704, stack(0x000000ac49400000,0x000000ac49500000)]
  0x000001fff9684b10 JavaThread "Monitor Ctrl-Break" daemon [_thread_in_native, id=6024, stack(0x000000ac49600000,0x000000ac49700000)]
  0x000001fff9684fe0 JavaThread "Notification Thread" daemon [_thread_blocked, id=3764, stack(0x000000ac49700000,0x000000ac49800000)]
  0x000001fff9d747a0 JavaThread "mysql-cj-abandoned-connection-cleanup" daemon [_thread_blocked, id=7056, stack(0x000000ac49c00000,0x000000ac49d00000)]
  0x000001fffac1e370 JavaThread "C2 CompilerThread1" daemon [_thread_in_native, id=3536, stack(0x000000ac49b00000,0x000000ac49c00000)]

Other Threads:
  0x000001fff8892df0 VMThread "VM Thread" [stack: 0x000000ac48a00000,0x000000ac48b00000] [id=8936]
  0x000001ffe9d88860 WatcherThread [stack: 0x000000ac49800000,0x000000ac49900000] [id=8124]
  0x000001ffe9ddffd0 GCTaskThread "GC Thread#0" [stack: 0x000000ac48500000,0x000000ac48600000] [id=10928]
  0x000001fff9d08870 GCTaskThread "GC Thread#1" [stack: 0x000000ac49500000,0x000000ac49600000] [id=9720]
  0x000001fff97f6200 GCTaskThread "GC Thread#2" [stack: 0x000000ac49900000,0x000000ac49a00000] [id=9468]
  0x000001fff9d2bce0 GCTaskThread "GC Thread#3" [stack: 0x000000ac49a00000,0x000000ac49b00000] [id=7296]
  0x000001ffe9e300b0 ConcurrentGCThread "G1 Main Marker" [stack: 0x000000ac48600000,0x000000ac48700000] [id=6284]
  0x000001ffe9e30ac0 ConcurrentGCThread "G1 Conc#0" [stack: 0x000000ac48700000,0x000000ac48800000] [id=8880]
  0x000001ffe9e5ecb0 ConcurrentGCThread "G1 Refine#0" [stack: 0x000000ac48800000,0x000000ac48900000] [id=4508]
  0x000001fff8748c40 ConcurrentGCThread "G1 Service" [stack: 0x000000ac48900000,0x000000ac48a00000] [id=2640]

Threads with active compile tasks:
C2 CompilerThread0     5894 1547       4       jdk.internal.org.objectweb.asm.Frame::execute (2305 bytes)
C2 CompilerThread1     5894 1660   !   4       java.net.URL::<init> (543 bytes)

VM state: not at safepoint (normal execution)

VM Mutex/Monitor currently owned by a thread:  ([mutex/lock_event])
[0x000001ffe9d744c0] Metaspace_lock - owner thread: 0x000001ffe9d87aa0

Heap address: 0x0000000081800000, size: 2024 MB, Compressed Oops mode: 32-bit

CDS archive(s) mapped at: [0x0000000800000000-0x0000000800bc0000-0x0000000800bc0000), size 12320768, SharedBaseAddress: 0x0000000800000000, ArchiveRelocationMode: 0.
Compressed class space mapped at: 0x0000000800c00000-0x0000000840c00000, reserved size: 1073741824
Narrow klass base: 0x0000000800000000, Narrow klass shift: 0, Narrow klass range: 0x100000000

GC Precious Log:
 CPUs: 4 total, 4 available
 Memory: 8095M
 Large Page Support: Disabled
 NUMA Support: Disabled
 Compressed Oops: Enabled (32-bit)
 Heap Region Size: 1M
 Heap Min Capacity: 8M
 Heap Initial Capacity: 128M
 Heap Max Capacity: 2024M
 Pre-touch: Disabled
 Parallel Workers: 4
 Concurrent Workers: 1
 Concurrent Refinement Workers: 4
 Periodic GC: Disabled

Heap:
 garbage-first heap   total 131072K, used 25052K [0x0000000081800000, 0x0000000100000000)
  region size 1024K, 22 young (22528K), 2 survivors (2048K)
 Metaspace       used 13761K, committed 14016K, reserved 1064960K
  class space    used 1842K, committed 1984K, reserved 1048576K

Heap Regions: E=young(eden), S=young(survivor), O=old, HS=humongous(starts), HC=humongous(continues), CS=collection set, F=free, OA=open archive, CA=closed archive, TAMS=top-at-mark-start (previous, next)
|   0|0x0000000081800000, 0x0000000081900000, 0x0000000081900000|100%|HS|  |TAMS 0x0000000081800000, 0x0000000081800000| Complete 
|   1|0x0000000081900000, 0x0000000081a00000, 0x0000000081a00000|100%| O|  |TAMS 0x0000000081900000, 0x0000000081900000| Untracked 
|   2|0x0000000081a00000, 0x0000000081b00000, 0x0000000081b00000|100%| O|  |TAMS 0x0000000081a00000, 0x0000000081a00000| Untracked 
|   3|0x0000000081b00000, 0x0000000081c00000, 0x0000000081c00000|100%| O|  |TAMS 0x0000000081b00000, 0x0000000081b00000| Untracked 
|   4|0x0000000081c00000, 0x0000000081c56000, 0x0000000081d00000| 33%| O|  |TAMS 0x0000000081c00000, 0x0000000081c00000| Untracked 
|   5|0x0000000081d00000, 0x0000000081d00000, 0x0000000081e00000|  0%| F|  |TAMS 0x0000000081d00000, 0x0000000081d00000| Untracked 
|   6|0x0000000081e00000, 0x0000000081e00000, 0x0000000081f00000|  0%| F|  |TAMS 0x0000000081e00000, 0x0000000081e00000| Untracked 
|   7|0x0000000081f00000, 0x0000000081f00000, 0x0000000082000000|  0%| F|  |TAMS 0x0000000081f00000, 0x0000000081f00000| Untracked 
|   8|0x0000000082000000, 0x0000000082000000, 0x0000000082100000|  0%| F|  |TAMS 0x0000000082000000, 0x0000000082000000| Untracked 
|   9|0x0000000082100000, 0x0000000082100000, 0x0000000082200000|  0%| F|  |TAMS 0x0000000082100000, 0x0000000082100000| Untracked 
|  10|0x0000000082200000, 0x0000000082200000, 0x0000000082300000|  0%| F|  |TAMS 0x0000000082200000, 0x0000000082200000| Untracked 
|  11|0x0000000082300000, 0x0000000082300000, 0x0000000082400000|  0%| F|  |TAMS 0x0000000082300000, 0x0000000082300000| Untracked 
|  12|0x0000000082400000, 0x0000000082400000, 0x0000000082500000|  0%| F|  |TAMS 0x0000000082400000, 0x0000000082400000| Untracked 
|  13|0x0000000082500000, 0x0000000082500000, 0x0000000082600000|  0%| F|  |TAMS 0x0000000082500000, 0x0000000082500000| Untracked 
|  14|0x0000000082600000, 0x0000000082600000, 0x0000000082700000|  0%| F|  |TAMS 0x0000000082600000, 0x0000000082600000| Untracked 
|  15|0x0000000082700000, 0x0000000082700000, 0x0000000082800000|  0%| F|  |TAMS 0x0000000082700000, 0x0000000082700000| Untracked 
|  16|0x0000000082800000, 0x0000000082800000, 0x0000000082900000|  0%| F|  |TAMS 0x0000000082800000, 0x0000000082800000| Untracked 
|  17|0x0000000082900000, 0x0000000082900000, 0x0000000082a00000|  0%| F|  |TAMS 0x0000000082900000, 0x0000000082900000| Untracked 
|  18|0x0000000082a00000, 0x0000000082a00000, 0x0000000082b00000|  0%| F|  |TAMS 0x0000000082a00000, 0x0000000082a00000| Untracked 
|  19|0x0000000082b00000, 0x0000000082b00000, 0x0000000082c00000|  0%| F|  |TAMS 0x0000000082b00000, 0x0000000082b00000| Untracked 
|  20|0x0000000082c00000, 0x0000000082c00000, 0x0000000082d00000|  0%| F|  |TAMS 0x0000000082c00000, 0x0000000082c00000| Untracked 
|  21|0x0000000082d00000, 0x0000000082d00000, 0x0000000082e00000|  0%| F|  |TAMS 0x0000000082d00000, 0x0000000082d00000| Untracked 
|  22|0x0000000082e00000, 0x0000000082e00000, 0x0000000082f00000|  0%| F|  |TAMS 0x0000000082e00000, 0x0000000082e00000| Untracked 
|  23|0x0000000082f00000, 0x0000000082f00000, 0x0000000083000000|  0%| F|  |TAMS 0x0000000082f00000, 0x0000000082f00000| Untracked 
|  24|0x0000000083000000, 0x0000000083000000, 0x0000000083100000|  0%| F|  |TAMS 0x0000000083000000, 0x0000000083000000| Untracked 
|  25|0x0000000083100000, 0x0000000083100000, 0x0000000083200000|  0%| F|  |TAMS 0x0000000083100000, 0x0000000083100000| Untracked 
|  26|0x0000000083200000, 0x0000000083200000, 0x0000000083300000|  0%| F|  |TAMS 0x0000000083200000, 0x0000000083200000| Untracked 
|  27|0x0000000083300000, 0x0000000083300000, 0x0000000083400000|  0%| F|  |TAMS 0x0000000083300000, 0x0000000083300000| Untracked 
|  28|0x0000000083400000, 0x0000000083400000, 0x0000000083500000|  0%| F|  |TAMS 0x0000000083400000, 0x0000000083400000| Untracked 
|  29|0x0000000083500000, 0x0000000083500000, 0x0000000083600000|  0%| F|  |TAMS 0x0000000083500000, 0x0000000083500000| Untracked 
|  30|0x0000000083600000, 0x0000000083600000, 0x0000000083700000|  0%| F|  |TAMS 0x0000000083600000, 0x0000000083600000| Untracked 
|  31|0x0000000083700000, 0x0000000083700000, 0x0000000083800000|  0%| F|  |TAMS 0x0000000083700000, 0x0000000083700000| Untracked 
|  32|0x0000000083800000, 0x0000000083800000, 0x0000000083900000|  0%| F|  |TAMS 0x0000000083800000, 0x0000000083800000| Untracked 
|  33|0x0000000083900000, 0x0000000083900000, 0x0000000083a00000|  0%| F|  |TAMS 0x0000000083900000, 0x0000000083900000| Untracked 
|  34|0x0000000083a00000, 0x0000000083a00000, 0x0000000083b00000|  0%| F|  |TAMS 0x0000000083a00000, 0x0000000083a00000| Untracked 
|  35|0x0000000083b00000, 0x0000000083b00000, 0x0000000083c00000|  0%| F|  |TAMS 0x0000000083b00000, 0x0000000083b00000| Untracked 
|  36|0x0000000083c00000, 0x0000000083c00000, 0x0000000083d00000|  0%| F|  |TAMS 0x0000000083c00000, 0x0000000083c00000| Untracked 
|  37|0x0000000083d00000, 0x0000000083d00000, 0x0000000083e00000|  0%| F|  |TAMS 0x0000000083d00000, 0x0000000083d00000| Untracked 
|  38|0x0000000083e00000, 0x0000000083e00000, 0x0000000083f00000|  0%| F|  |TAMS 0x0000000083e00000, 0x0000000083e00000| Untracked 
|  39|0x0000000083f00000, 0x0000000083f00000, 0x0000000084000000|  0%| F|  |TAMS 0x0000000083f00000, 0x0000000083f00000| Untracked 
|  40|0x0000000084000000, 0x0000000084000000, 0x0000000084100000|  0%| F|  |TAMS 0x0000000084000000, 0x0000000084000000| Untracked 
|  41|0x0000000084100000, 0x0000000084100000, 0x0000000084200000|  0%| F|  |TAMS 0x0000000084100000, 0x0000000084100000| Untracked 
|  42|0x0000000084200000, 0x0000000084200000, 0x0000000084300000|  0%| F|  |TAMS 0x0000000084200000, 0x0000000084200000| Untracked 
|  43|0x0000000084300000, 0x0000000084300000, 0x0000000084400000|  0%| F|  |TAMS 0x0000000084300000, 0x0000000084300000| Untracked 
|  44|0x0000000084400000, 0x0000000084400000, 0x0000000084500000|  0%| F|  |TAMS 0x0000000084400000, 0x0000000084400000| Untracked 
|  45|0x0000000084500000, 0x0000000084500000, 0x0000000084600000|  0%| F|  |TAMS 0x0000000084500000, 0x0000000084500000| Untracked 
|  46|0x0000000084600000, 0x0000000084600000, 0x0000000084700000|  0%| F|  |TAMS 0x0000000084600000, 0x0000000084600000| Untracked 
|  47|0x0000000084700000, 0x0000000084700000, 0x0000000084800000|  0%| F|  |TAMS 0x0000000084700000, 0x0000000084700000| Untracked 
|  48|0x0000000084800000, 0x0000000084800000, 0x0000000084900000|  0%| F|  |TAMS 0x0000000084800000, 0x0000000084800000| Untracked 
|  49|0x0000000084900000, 0x0000000084900000, 0x0000000084a00000|  0%| F|  |TAMS 0x0000000084900000, 0x0000000084900000| Untracked 
|  50|0x0000000084a00000, 0x0000000084a00000, 0x0000000084b00000|  0%| F|  |TAMS 0x0000000084a00000, 0x0000000084a00000| Untracked 
|  51|0x0000000084b00000, 0x0000000084b00000, 0x0000000084c00000|  0%| F|  |TAMS 0x0000000084b00000, 0x0000000084b00000| Untracked 
|  52|0x0000000084c00000, 0x0000000084c00000, 0x0000000084d00000|  0%| F|  |TAMS 0x0000000084c00000, 0x0000000084c00000| Untracked 
|  53|0x0000000084d00000, 0x0000000084d00000, 0x0000000084e00000|  0%| F|  |TAMS 0x0000000084d00000, 0x0000000084d00000| Untracked 
|  54|0x0000000084e00000, 0x0000000084e00000, 0x0000000084f00000|  0%| F|  |TAMS 0x0000000084e00000, 0x0000000084e00000| Untracked 
|  55|0x0000000084f00000, 0x0000000084f00000, 0x0000000085000000|  0%| F|  |TAMS 0x0000000084f00000, 0x0000000084f00000| Untracked 
|  56|0x0000000085000000, 0x0000000085000000, 0x0000000085100000|  0%| F|  |TAMS 0x0000000085000000, 0x0000000085000000| Untracked 
|  57|0x0000000085100000, 0x0000000085100000, 0x0000000085200000|  0%| F|  |TAMS 0x0000000085100000, 0x0000000085100000| Untracked 
|  58|0x0000000085200000, 0x0000000085200000, 0x0000000085300000|  0%| F|  |TAMS 0x0000000085200000, 0x0000000085200000| Untracked 
|  59|0x0000000085300000, 0x0000000085300000, 0x0000000085400000|  0%| F|  |TAMS 0x0000000085300000, 0x0000000085300000| Untracked 
|  60|0x0000000085400000, 0x0000000085400000, 0x0000000085500000|  0%| F|  |TAMS 0x0000000085400000, 0x0000000085400000| Untracked 
|  61|0x0000000085500000, 0x0000000085500000, 0x0000000085600000|  0%| F|  |TAMS 0x0000000085500000, 0x0000000085500000| Untracked 
|  62|0x0000000085600000, 0x0000000085600000, 0x0000000085700000|  0%| F|  |TAMS 0x0000000085600000, 0x0000000085600000| Untracked 
|  63|0x0000000085700000, 0x0000000085700000, 0x0000000085800000|  0%| F|  |TAMS 0x0000000085700000, 0x0000000085700000| Untracked 
|  64|0x0000000085800000, 0x0000000085800000, 0x0000000085900000|  0%| F|  |TAMS 0x0000000085800000, 0x0000000085800000| Untracked 
|  65|0x0000000085900000, 0x0000000085900000, 0x0000000085a00000|  0%| F|  |TAMS 0x0000000085900000, 0x0000000085900000| Untracked 
|  66|0x0000000085a00000, 0x0000000085a00000, 0x0000000085b00000|  0%| F|  |TAMS 0x0000000085a00000, 0x0000000085a00000| Untracked 
|  67|0x0000000085b00000, 0x0000000085b00000, 0x0000000085c00000|  0%| F|  |TAMS 0x0000000085b00000, 0x0000000085b00000| Untracked 
|  68|0x0000000085c00000, 0x0000000085c00000, 0x0000000085d00000|  0%| F|  |TAMS 0x0000000085c00000, 0x0000000085c00000| Untracked 
|  69|0x0000000085d00000, 0x0000000085d00000, 0x0000000085e00000|  0%| F|  |TAMS 0x0000000085d00000, 0x0000000085d00000| Untracked 
|  70|0x0000000085e00000, 0x0000000085e00000, 0x0000000085f00000|  0%| F|  |TAMS 0x0000000085e00000, 0x0000000085e00000| Untracked 
|  71|0x0000000085f00000, 0x0000000085f00000, 0x0000000086000000|  0%| F|  |TAMS 0x0000000085f00000, 0x0000000085f00000| Untracked 
|  72|0x0000000086000000, 0x0000000086000000, 0x0000000086100000|  0%| F|  |TAMS 0x0000000086000000, 0x0000000086000000| Untracked 
|  73|0x0000000086100000, 0x0000000086100000, 0x0000000086200000|  0%| F|  |TAMS 0x0000000086100000, 0x0000000086100000| Untracked 
|  74|0x0000000086200000, 0x0000000086200000, 0x0000000086300000|  0%| F|  |TAMS 0x0000000086200000, 0x0000000086200000| Untracked 
|  75|0x0000000086300000, 0x0000000086300000, 0x0000000086400000|  0%| F|  |TAMS 0x0000000086300000, 0x0000000086300000| Untracked 
|  76|0x0000000086400000, 0x0000000086400000, 0x0000000086500000|  0%| F|  |TAMS 0x0000000086400000, 0x0000000086400000| Untracked 
|  77|0x0000000086500000, 0x0000000086500000, 0x0000000086600000|  0%| F|  |TAMS 0x0000000086500000, 0x0000000086500000| Untracked 
|  78|0x0000000086600000, 0x0000000086600000, 0x0000000086700000|  0%| F|  |TAMS 0x0000000086600000, 0x0000000086600000| Untracked 
|  79|0x0000000086700000, 0x0000000086700000, 0x0000000086800000|  0%| F|  |TAMS 0x0000000086700000, 0x0000000086700000| Untracked 
|  80|0x0000000086800000, 0x0000000086800000, 0x0000000086900000|  0%| F|  |TAMS 0x0000000086800000, 0x0000000086800000| Untracked 
|  81|0x0000000086900000, 0x0000000086900000, 0x0000000086a00000|  0%| F|  |TAMS 0x0000000086900000, 0x0000000086900000| Untracked 
|  82|0x0000000086a00000, 0x0000000086a00000, 0x0000000086b00000|  0%| F|  |TAMS 0x0000000086a00000, 0x0000000086a00000| Untracked 
|  83|0x0000000086b00000, 0x0000000086b00000, 0x0000000086c00000|  0%| F|  |TAMS 0x0000000086b00000, 0x0000000086b00000| Untracked 
|  84|0x0000000086c00000, 0x0000000086c00000, 0x0000000086d00000|  0%| F|  |TAMS 0x0000000086c00000, 0x0000000086c00000| Untracked 
|  85|0x0000000086d00000, 0x0000000086d00000, 0x0000000086e00000|  0%| F|  |TAMS 0x0000000086d00000, 0x0000000086d00000| Untracked 
|  86|0x0000000086e00000, 0x0000000086e00000, 0x0000000086f00000|  0%| F|  |TAMS 0x0000000086e00000, 0x0000000086e00000| Untracked 
|  87|0x0000000086f00000, 0x0000000086f00000, 0x0000000087000000|  0%| F|  |TAMS 0x0000000086f00000, 0x0000000086f00000| Untracked 
|  88|0x0000000087000000, 0x0000000087000000, 0x0000000087100000|  0%| F|  |TAMS 0x0000000087000000, 0x0000000087000000| Untracked 
|  89|0x0000000087100000, 0x0000000087100000, 0x0000000087200000|  0%| F|  |TAMS 0x0000000087100000, 0x0000000087100000| Untracked 
|  90|0x0000000087200000, 0x0000000087200000, 0x0000000087300000|  0%| F|  |TAMS 0x0000000087200000, 0x0000000087200000| Untracked 
|  91|0x0000000087300000, 0x0000000087300000, 0x0000000087400000|  0%| F|  |TAMS 0x0000000087300000, 0x0000000087300000| Untracked 
|  92|0x0000000087400000, 0x0000000087400000, 0x0000000087500000|  0%| F|  |TAMS 0x0000000087400000, 0x0000000087400000| Untracked 
|  93|0x0000000087500000, 0x0000000087500000, 0x0000000087600000|  0%| F|  |TAMS 0x0000000087500000, 0x0000000087500000| Untracked 
|  94|0x0000000087600000, 0x0000000087600000, 0x0000000087700000|  0%| F|  |TAMS 0x0000000087600000, 0x0000000087600000| Untracked 
|  95|0x0000000087700000, 0x0000000087700000, 0x0000000087800000|  0%| F|  |TAMS 0x0000000087700000, 0x0000000087700000| Untracked 
|  96|0x0000000087800000, 0x0000000087800000, 0x0000000087900000|  0%| F|  |TAMS 0x0000000087800000, 0x0000000087800000| Untracked 
|  97|0x0000000087900000, 0x0000000087900000, 0x0000000087a00000|  0%| F|  |TAMS 0x0000000087900000, 0x0000000087900000| Untracked 
|  98|0x0000000087a00000, 0x0000000087a00000, 0x0000000087b00000|  0%| F|  |TAMS 0x0000000087a00000, 0x0000000087a00000| Untracked 
|  99|0x0000000087b00000, 0x0000000087b00000, 0x0000000087c00000|  0%| F|  |TAMS 0x0000000087b00000, 0x0000000087b00000| Untracked 
| 100|0x0000000087c00000, 0x0000000087c00000, 0x0000000087d00000|  0%| F|  |TAMS 0x0000000087c00000, 0x0000000087c00000| Untracked 
| 101|0x0000000087d00000, 0x0000000087d00000, 0x0000000087e00000|  0%| F|  |TAMS 0x0000000087d00000, 0x0000000087d00000| Untracked 
| 102|0x0000000087e00000, 0x0000000087e00000, 0x0000000087f00000|  0%| F|  |TAMS 0x0000000087e00000, 0x0000000087e00000| Untracked 
| 103|0x0000000087f00000, 0x0000000087f00000, 0x0000000088000000|  0%| F|  |TAMS 0x0000000087f00000, 0x0000000087f00000| Untracked 
| 104|0x0000000088000000, 0x0000000088000000, 0x0000000088100000|  0%| F|  |TAMS 0x0000000088000000, 0x0000000088000000| Untracked 
| 105|0x0000000088100000, 0x0000000088100000, 0x0000000088200000|  0%| F|  |TAMS 0x0000000088100000, 0x0000000088100000| Untracked 
| 106|0x0000000088200000, 0x0000000088280800, 0x0000000088300000| 50%| E|  |TAMS 0x0000000088200000, 0x0000000088200000| Complete 
| 107|0x0000000088300000, 0x0000000088400000, 0x0000000088400000|100%| E|CS|TAMS 0x0000000088300000, 0x0000000088300000| Complete 
| 108|0x0000000088400000, 0x0000000088500000, 0x0000000088500000|100%| E|CS|TAMS 0x0000000088400000, 0x0000000088400000| Complete 
| 109|0x0000000088500000, 0x0000000088600000, 0x0000000088600000|100%| E|CS|TAMS 0x0000000088500000, 0x0000000088500000| Complete 
| 110|0x0000000088600000, 0x0000000088700000, 0x0000000088700000|100%| E|CS|TAMS 0x0000000088600000, 0x0000000088600000| Complete 
| 111|0x0000000088700000, 0x0000000088721190, 0x0000000088800000| 12%| S|CS|TAMS 0x0000000088700000, 0x0000000088700000| Complete 
| 112|0x0000000088800000, 0x0000000088900000, 0x0000000088900000|100%| S|CS|TAMS 0x0000000088800000, 0x0000000088800000| Complete 
| 113|0x0000000088900000, 0x0000000088a00000, 0x0000000088a00000|100%| E|CS|TAMS 0x0000000088900000, 0x0000000088900000| Complete 
| 114|0x0000000088a00000, 0x0000000088b00000, 0x0000000088b00000|100%| E|CS|TAMS 0x0000000088a00000, 0x0000000088a00000| Complete 
| 115|0x0000000088b00000, 0x0000000088c00000, 0x0000000088c00000|100%| E|CS|TAMS 0x0000000088b00000, 0x0000000088b00000| Complete 
| 116|0x0000000088c00000, 0x0000000088d00000, 0x0000000088d00000|100%| E|CS|TAMS 0x0000000088c00000, 0x0000000088c00000| Complete 
| 117|0x0000000088d00000, 0x0000000088e00000, 0x0000000088e00000|100%| E|CS|TAMS 0x0000000088d00000, 0x0000000088d00000| Complete 
| 118|0x0000000088e00000, 0x0000000088f00000, 0x0000000088f00000|100%| E|CS|TAMS 0x0000000088e00000, 0x0000000088e00000| Complete 
| 119|0x0000000088f00000, 0x0000000089000000, 0x0000000089000000|100%| E|CS|TAMS 0x0000000088f00000, 0x0000000088f00000| Complete 
| 120|0x0000000089000000, 0x0000000089100000, 0x0000000089100000|100%| E|CS|TAMS 0x0000000089000000, 0x0000000089000000| Complete 
| 121|0x0000000089100000, 0x0000000089200000, 0x0000000089200000|100%| E|CS|TAMS 0x0000000089100000, 0x0000000089100000| Complete 
| 122|0x0000000089200000, 0x0000000089300000, 0x0000000089300000|100%| E|CS|TAMS 0x0000000089200000, 0x0000000089200000| Complete 
| 123|0x0000000089300000, 0x0000000089400000, 0x0000000089400000|100%| E|CS|TAMS 0x0000000089300000, 0x0000000089300000| Complete 
| 124|0x0000000089400000, 0x0000000089500000, 0x0000000089500000|100%| E|CS|TAMS 0x0000000089400000, 0x0000000089400000| Complete 
| 125|0x0000000089500000, 0x0000000089600000, 0x0000000089600000|100%| E|CS|TAMS 0x0000000089500000, 0x0000000089500000| Complete 
| 126|0x0000000089600000, 0x0000000089700000, 0x0000000089700000|100%| E|CS|TAMS 0x0000000089600000, 0x0000000089600000| Complete 
| 127|0x0000000089700000, 0x0000000089800000, 0x0000000089800000|100%| E|CS|TAMS 0x0000000089700000, 0x0000000089700000| Complete 

Card table byte_map: [0x000001fff1c90000,0x000001fff2090000] _byte_map_base: 0x000001fff1884000

Marking Bits (Prev, Next): (CMBitMap*) 0x000001ffe9de05e0, (CMBitMap*) 0x000001ffe9de0620
 Prev Bits: [0x000001fff2490000, 0x000001fff4430000)
 Next Bits: [0x000001fff4430000, 0x000001fff63d0000)

Polling page: 0x000001ffe7c50000

Metaspace:

Usage:
  Non-class:     11.64 MB used.
      Class:      1.80 MB used.
       Both:     13.44 MB used.

Virtual space:
  Non-class space:       16.00 MB reserved,      11.75 MB ( 73%) committed,  2 nodes.
      Class space:        1.00 GB reserved,       1.94 MB ( <1%) committed,  1 nodes.
             Both:        1.02 GB reserved,      13.69 MB (  1%) committed. 

Chunk freelists:
   Non-Class:  43.00 KB
       Class:  1.91 MB
        Both:  1.95 MB

MaxMetaspaceSize: unlimited
CompressedClassSpaceSize: 1.00 GB
Initial GC threshold: 21.00 MB
Current GC threshold: 21.00 MB
CDS: on
MetaspaceReclaimPolicy: balanced
 - commit_granule_bytes: 65536.
 - commit_granule_words: 8192.
 - virtual_space_node_default_size: 1048576.
 - enlarge_chunks_in_place: 1.
 - new_chunks_are_fully_committed: 0.
 - uncommit_free_chunks: 1.
 - use_allocation_guard: 0.
 - handle_deallocations: 1.


Internal statistics:

num_allocs_failed_limit: 0.
num_arena_births: 144.
num_arena_deaths: 0.
num_vsnodes_births: 3.
num_vsnodes_deaths: 0.
num_space_committed: 219.
num_space_uncommitted: 0.
num_chunks_returned_to_freelist: 0.
num_chunks_taken_from_freelist: 613.
num_chunk_merges: 0.
num_chunk_splits: 395.
num_chunks_enlarged: 297.
num_purges: 0.
num_inconsistent_stats: 0.

CodeHeap 'non-profiled nmethods': size=120000Kb used=574Kb max_used=574Kb free=119426Kb
 bounds [0x000001ff87ad0000, 0x000001ff87d40000, 0x000001ff8f000000]
CodeHeap 'profiled nmethods': size=120000Kb used=3135Kb max_used=3135Kb free=116864Kb
 bounds [0x000001ff80000000, 0x000001ff80310000, 0x000001ff87530000]
CodeHeap 'non-nmethods': size=5760Kb used=1172Kb max_used=1186Kb free=4587Kb
 bounds [0x000001ff87530000, 0x000001ff877a0000, 0x000001ff87ad0000]
 total_blobs=2157 nmethods=1694 adapters=376
 compilation: enabled
              stopped_count=0, restarted_count=0
 full_count=0

Compilation events (20 events):
Event: 5.262 Thread 0x000001fff88c3800 1648       3       java.util.Random::nextBoolean (14 bytes)
Event: 5.263 Thread 0x000001fff88c3800 nmethod 1648 0x000001ff802fe290 code [0x000001ff802fe440, 0x000001ff802fe668]
Event: 5.263 Thread 0x000001fff88c3800 1649       3       java.util.Random::next (47 bytes)
Event: 5.263 Thread 0x000001fff88c3800 nmethod 1649 0x000001ff802fe710 code [0x000001ff802fe8c0, 0x000001ff802feb48]
Event: 5.263 Thread 0x000001fff88c3800 1654       2       jdk.internal.misc.Unsafe::convEndian (16 bytes)
Event: 5.264 Thread 0x000001fff88c3800 nmethod 1654 0x000001ff802fec90 code [0x000001ff802fee20, 0x000001ff802fef38]
Event: 5.264 Thread 0x000001fff88c3800 1655       2       java.lang.Integer::reverseBytes (28 bytes)
Event: 5.264 Thread 0x000001fff88c3800 nmethod 1655 0x000001ff802ff010 code [0x000001ff802ff1a0, 0x000001ff802ff2b8]
Event: 5.264 Thread 0x000001fff88c3800 1652       3       java.lang.invoke.InvokerBytecodeGenerator::emitImplicitConversion (161 bytes)
Event: 5.268 Thread 0x000001fff88c3800 nmethod 1652 0x000001ff802ff390 code [0x000001ff802ff6a0, 0x000001ff80300538]
Event: 5.268 Thread 0x000001fff88c3800 1653       3       jdk.internal.org.objectweb.asm.Type::getTypeInternal (199 bytes)
Event: 5.270 Thread 0x000001fff88c3800 nmethod 1653 0x000001ff80300a10 code [0x000001ff80300cc0, 0x000001ff80301b88]
Event: 5.300 Thread 0x000001fffac1e370 nmethod 1644% 0x000001ff87b56e10 code [0x000001ff87b56fa0, 0x000001ff87b579d8]
Event: 5.301 Thread 0x000001fffac1e370 1641       4       java.lang.invoke.VarHandleByteArrayAsInts$ArrayHandle::get (36 bytes)
Event: 5.305 Thread 0x000001fffac1e370 nmethod 1641 0x000001ff87b57c90 code [0x000001ff87b57e20, 0x000001ff87b57f58]
Event: 5.346 Thread 0x000001fff88c3800 1656       3       java.util.logging.LogManager$LoggerContext::getGlobalLogger (6 bytes)
Event: 5.346 Thread 0x000001fff88c3800 nmethod 1656 0x000001ff80301f90 code [0x000001ff80302120, 0x000001ff80302238]
Event: 5.346 Thread 0x000001fffac1e370 1657   !   4       java.util.concurrent.ConcurrentHashMap::transfer (849 bytes)
Event: 5.378 Thread 0x000001fff88c3800 1659       3       java.util.Properties::getProperty (50 bytes)
Event: 5.379 Thread 0x000001fff88c3800 nmethod 1659 0x000001ff80302310 code [0x000001ff803024e0, 0x000001ff803029d8]

GC Heap History (4 events):
Event: 1.955 GC heap before
{Heap before GC invocations=0 (full 0):
 garbage-first heap   total 131072K, used 13312K [0x0000000081800000, 0x0000000100000000)
  region size 1024K, 13 young (13312K), 0 survivors (0K)
 Metaspace       used 3939K, committed 4096K, reserved 1056768K
  class space    used 440K, committed 512K, reserved 1048576K
}
Event: 1.967 GC heap after
{Heap after GC invocations=1 (full 0):
 garbage-first heap   total 131072K, used 4280K [0x0000000081800000, 0x0000000100000000)
  region size 1024K, 2 young (2048K), 2 survivors (2048K)
 Metaspace       used 3939K, committed 4096K, reserved 1056768K
  class space    used 440K, committed 512K, reserved 1048576K
}
Event: 3.474 GC heap before
{Heap before GC invocations=1 (full 0):
 garbage-first heap   total 131072K, used 17592K [0x0000000081800000, 0x0000000100000000)
  region size 1024K, 15 young (15360K), 2 survivors (2048K)
 Metaspace       used 7836K, committed 8064K, reserved 1064960K
  class space    used 921K, committed 1024K, reserved 1048576K
}
Event: 3.485 GC heap after
{Heap after GC invocations=2 (full 0):
 garbage-first heap   total 131072K, used 5596K [0x0000000081800000, 0x0000000100000000)
  region size 1024K, 2 young (2048K), 2 survivors (2048K)
 Metaspace       used 7836K, committed 8064K, reserved 1064960K
  class space    used 921K, committed 1024K, reserved 1048576K
}

Dll operation events (10 events):
Event: 0.034 Loaded shared library C:\Users\Jason Statham\.jdks\corretto-17.0.6\bin\java.dll
Event: 0.074 Loaded shared library C:\Users\Jason Statham\.jdks\corretto-17.0.6\bin\jsvml.dll
Event: 0.424 Loaded shared library C:\Users\Jason Statham\.jdks\corretto-17.0.6\bin\zip.dll
Event: 0.433 Loaded shared library C:\Users\Jason Statham\.jdks\corretto-17.0.6\bin\instrument.dll
Event: 0.461 Loaded shared library C:\Users\Jason Statham\.jdks\corretto-17.0.6\bin\net.dll
Event: 0.467 Loaded shared library C:\Users\Jason Statham\.jdks\corretto-17.0.6\bin\nio.dll
Event: 0.486 Loaded shared library C:\Users\Jason Statham\.jdks\corretto-17.0.6\bin\zip.dll
Event: 0.641 Loaded shared library C:\Program Files\JetBrains\IntelliJ IDEA 2022.3.2\bin\breakgen64.dll
Event: 0.653 Loaded shared library C:\Users\Jason Statham\.jdks\corretto-17.0.6\bin\jimage.dll
Event: 2.559 Loaded shared library C:\Users\Jason Statham\.jdks\corretto-17.0.6\bin\verify.dll

Deoptimization events (20 events):
Event: 3.901 Thread 0x000001ffe9d87aa0 DEOPT PACKING pc=0x000001ff87b07cc8 sp=0x000000ac484fc5f0
Event: 3.901 Thread 0x000001ffe9d87aa0 DEOPT UNPACKING pc=0x000001ff8758699d sp=0x000000ac484fc590 mode 2
Event: 3.906 Thread 0x000001ffe9d87aa0 Uncommon trap: trap_request=0xffffff45 fr.pc=0x000001ff87aff6a0 relative=0x0000000000000400
Event: 3.906 Thread 0x000001ffe9d87aa0 Uncommon trap: reason=unstable_if action=reinterpret pc=0x000001ff87aff6a0 method=java.lang.AbstractStringBuilder.putStringAt(ILjava/lang/String;II)V @ 8 c2
Event: 3.906 Thread 0x000001ffe9d87aa0 DEOPT PACKING pc=0x000001ff87aff6a0 sp=0x000000ac484fce10
Event: 3.906 Thread 0x000001ffe9d87aa0 DEOPT UNPACKING pc=0x000001ff8758699d sp=0x000000ac484fccf0 mode 2
Event: 3.906 Thread 0x000001ffe9d87aa0 Uncommon trap: trap_request=0xffffff45 fr.pc=0x000001ff87b1fdd8 relative=0x0000000000000338
Event: 3.906 Thread 0x000001ffe9d87aa0 Uncommon trap: reason=unstable_if action=reinterpret pc=0x000001ff87b1fdd8 method=java.lang.AbstractStringBuilder.isLatin1()Z @ 10 c2
Event: 3.906 Thread 0x000001ffe9d87aa0 DEOPT PACKING pc=0x000001ff87b1fdd8 sp=0x000000ac484fd260
Event: 3.906 Thread 0x000001ffe9d87aa0 DEOPT UNPACKING pc=0x000001ff8758699d sp=0x000000ac484fd1e0 mode 2
Event: 3.922 Thread 0x000001ffe9d87aa0 DEOPT PACKING pc=0x000001ff8004ace8 sp=0x000000ac484f8bd0
Event: 3.922 Thread 0x000001ffe9d87aa0 DEOPT UNPACKING pc=0x000001ff87587124 sp=0x000000ac484f8060 mode 0
Event: 3.947 Thread 0x000001ffe9d87aa0 DEOPT PACKING pc=0x000001ff80277438 sp=0x000000ac484f8340
Event: 3.947 Thread 0x000001ffe9d87aa0 DEOPT UNPACKING pc=0x000001ff87587124 sp=0x000000ac484f7858 mode 0
Event: 4.054 Thread 0x000001ffe9d87aa0 DEOPT PACKING pc=0x000001ff80277438 sp=0x000000ac484f7d40
Event: 4.054 Thread 0x000001ffe9d87aa0 DEOPT UNPACKING pc=0x000001ff87587124 sp=0x000000ac484f7258 mode 0
Event: 4.208 Thread 0x000001ffe9d87aa0 DEOPT PACKING pc=0x000001ff80277438 sp=0x000000ac484f53f0
Event: 4.208 Thread 0x000001ffe9d87aa0 DEOPT UNPACKING pc=0x000001ff87587124 sp=0x000000ac484f4908 mode 0
Event: 4.303 Thread 0x000001ffe9d87aa0 DEOPT PACKING pc=0x000001ff80277438 sp=0x000000ac484f6ee0
Event: 4.303 Thread 0x000001ffe9d87aa0 DEOPT UNPACKING pc=0x000001ff87587124 sp=0x000000ac484f63f8 mode 0

Classes unloaded (0 events):
No events

Classes redefined (0 events):
No events

Internal exceptions (20 events):
Event: 3.098 Thread 0x000001ffe9d87aa0 Exception <a 'java/lang/ClassNotFoundException'{0x0000000088d0b058}: org/springframework/beans/factory/BeanFactoryAwareCustomizer> (0x0000000088d0b058) 
thrown [s\src\hotspot\share\classfile\systemDictionary.cpp, line 256]
Event: 3.101 Thread 0x000001ffe9d87aa0 Exception <a 'java/lang/ClassNotFoundException'{0x0000000088d0f990}: org/springframework/beans/factory/AwareBeanInfo> (0x0000000088d0f990) 
thrown [s\src\hotspot\share\classfile\systemDictionary.cpp, line 256]
Event: 3.102 Thread 0x000001ffe9d87aa0 Exception <a 'java/lang/ClassNotFoundException'{0x0000000088d12b40}: org/springframework/beans/factory/AwareCustomizer> (0x0000000088d12b40) 
thrown [s\src\hotspot\share\classfile\systemDictionary.cpp, line 256]
Event: 3.104 Thread 0x000001ffe9d87aa0 Exception <a 'java/lang/ClassNotFoundException'{0x0000000088d15a68}: org/springframework/core/OrderedBeanInfo> (0x0000000088d15a68) 
thrown [s\src\hotspot\share\classfile\systemDictionary.cpp, line 256]
Event: 3.106 Thread 0x000001ffe9d87aa0 Exception <a 'java/lang/ClassNotFoundException'{0x0000000088d18328}: org/springframework/core/OrderedCustomizer> (0x0000000088d18328) 
thrown [s\src\hotspot\share\classfile\systemDictionary.cpp, line 256]
Event: 3.108 Thread 0x000001ffe9d87aa0 Exception <a 'java/lang/ClassNotFoundException'{0x0000000088d1c520}: org/springframework/beans/factory/BeanClassLoaderAwareBeanInfo> (0x0000000088d1c520) 
thrown [s\src\hotspot\share\classfile\systemDictionary.cpp, line 256]
Event: 3.109 Thread 0x000001ffe9d87aa0 Exception <a 'java/lang/ClassNotFoundException'{0x0000000088d1f0d0}: org/springframework/beans/factory/BeanClassLoaderAwareCustomizer> (0x0000000088d1f0d0) 
thrown [s\src\hotspot\share\classfile\systemDictionary.cpp, line 256]
Event: 3.111 Thread 0x000001ffe9d87aa0 Exception <a 'java/lang/ClassNotFoundException'{0x0000000088d23568}: org/springframework/aop/framework/AopInfrastructureBeanBeanInfo> (0x0000000088d23568) 
thrown [s\src\hotspot\share\classfile\systemDictionary.cpp, line 256]
Event: 3.112 Thread 0x000001ffe9d87aa0 Exception <a 'java/lang/ClassNotFoundException'{0x0000000088d26168}: org/springframework/aop/framework/AopInfrastructureBeanCustomizer> (0x0000000088d26168) 
thrown [s\src\hotspot\share\classfile\systemDictionary.cpp, line 256]
Event: 3.190 Thread 0x000001ffe9d87aa0 Exception <a 'java/lang/ClassNotFoundException'{0x0000000088dc2598}: org/springframework/transaction/annotation/ProxyTransactionManagementConfigurationBeanInfo> (0x0000000088dc2598) 
thrown [s\src\hotspot\share\classfile\systemDictionary.cpp, line 256]
Event: 3.192 Thread 0x000001ffe9d87aa0 Exception <a 'java/lang/ClassNotFoundException'{0x0000000088dc5a48}: org/springframework/transaction/annotation/AbstractTransactionManagementConfigurationBeanInfo> (0x0000000088dc5a48) 
thrown [s\src\hotspot\share\classfile\systemDictionary.cpp, line 256]
Event: 3.195 Thread 0x000001ffe9d87aa0 Exception <a 'java/lang/ClassNotFoundException'{0x0000000088dc8f30}: org/springframework/transaction/annotation/AbstractTransactionManagementConfigurationCustomizer> (0x0000000088dc8f30) 
thrown [s\src\hotspot\share\classfile\systemDictionary.cpp, line 256]
Event: 3.202 Thread 0x000001ffe9d87aa0 Exception <a 'java/lang/ClassNotFoundException'{0x0000000088dcf360}: org/springframework/transaction/annotation/ProxyTransactionManagementConfigurationCustomizer> (0x0000000088dcf360) 
thrown [s\src\hotspot\share\classfile\systemDictionary.cpp, line 256]
Event: 3.209 Thread 0x000001ffe9d87aa0 Exception <a 'java/lang/ClassNotFoundException'{0x0000000088dd7270}: org/springframework/context/annotation/ImportAwareBeanInfo> (0x0000000088dd7270) 
thrown [s\src\hotspot\share\classfile\systemDictionary.cpp, line 256]
Event: 3.211 Thread 0x000001ffe9d87aa0 Exception <a 'java/lang/ClassNotFoundException'{0x0000000088dda308}: org/springframework/context/annotation/ImportAwareCustomizer> (0x0000000088dda308) 
thrown [s\src\hotspot\share\classfile\systemDictionary.cpp, line 256]
Event: 3.600 Thread 0x000001ffe9d87aa0 Exception <a 'java/lang/NoSuchMethodError'{0x0000000089634d28}: 'java.lang.Object java.lang.invoke.DirectMethodHandle$Holder.invokeStatic(java.lang.Object, java.lang.Object, int)'> (0x0000000089634d28) 
thrown [s\src\hotspot\share\interpreter\linkResolver.cpp, line 759]
Event: 3.604 Thread 0x000001ffe9d87aa0 Exception <a 'java/lang/NoSuchMethodError'{0x0000000089640d40}: 'void java.lang.invoke.DelegatingMethodHandle$Holder.delegate(java.lang.Object, java.lang.Object, int, java.lang.Object)'> (0x0000000089640d40) 
thrown [s\src\hotspot\share\interpreter\linkResolver.cpp, line 759]
Event: 3.606 Thread 0x000001ffe9d87aa0 Exception <a 'java/lang/NoSuchMethodError'{0x0000000089645128}: 'int java.lang.invoke.DirectMethodHandle$Holder.invokeSpecial(java.lang.Object, java.lang.Object, java.lang.Object)'> (0x0000000089645128) 
thrown [s\src\hotspot\share\interpreter\linkResolver.cpp, line 759]
Event: 5.019 Thread 0x000001ffe9d87aa0 Exception <a 'java/lang/NoSuchMethodError'{0x0000000088978598}: 'java.lang.Object java.lang.invoke.DirectMethodHandle$Holder.invokeStaticInit(java.lang.Object, int, int, int, int)'> (0x0000000088978598) 
thrown [s\src\hotspot\share\interpreter\linkResolver.cpp, line 759]
Event: 5.255 Thread 0x000001ffe9d87aa0 Exception <a 'java/lang/NoSuchMethodError'{0x0000000088655410}: 'java.lang.Object java.lang.invoke.DirectMethodHandle$Holder.invokeStaticInit(java.lang.Object, java.lang.Object, int, int, int, int)'> (0x0000000088655410) 
thrown [s\src\hotspot\share\interpreter\linkResolver.cpp, line 759]

VM Operations (20 events):
Event: 2.322 Executing VM operation: HandshakeAllThreads
Event: 2.322 Executing VM operation: HandshakeAllThreads done
Event: 2.960 Executing VM operation: HandshakeAllThreads
Event: 2.960 Executing VM operation: HandshakeAllThreads done
Event: 2.966 Executing VM operation: HandshakeAllThreads
Event: 2.966 Executing VM operation: HandshakeAllThreads done
Event: 3.424 Executing VM operation: HandshakeAllThreads
Event: 3.424 Executing VM operation: HandshakeAllThreads done
Event: 3.424 Executing VM operation: Cleanup
Event: 3.424 Executing VM operation: Cleanup done
Event: 3.474 Executing VM operation: G1CollectForAllocation
Event: 3.485 Executing VM operation: G1CollectForAllocation done
Event: 3.599 Executing VM operation: HandshakeAllThreads
Event: 3.599 Executing VM operation: HandshakeAllThreads done
Event: 3.902 Executing VM operation: HandshakeAllThreads
Event: 3.902 Executing VM operation: HandshakeAllThreads done
Event: 4.907 Executing VM operation: Cleanup
Event: 4.908 Executing VM operation: Cleanup done
Event: 4.969 Executing VM operation: HandshakeAllThreads
Event: 4.969 Executing VM operation: HandshakeAllThreads done

Events (20 events):
Event: 5.174 loading class java/nio/file/Files$AcceptAllFilter
Event: 5.174 loading class java/nio/file/DirectoryStream$Filter
Event: 5.174 loading class java/nio/file/DirectoryStream$Filter done
Event: 5.175 loading class java/nio/file/Files$AcceptAllFilter done
Event: 5.175 loading class sun/nio/fs/WindowsDirectoryStream
Event: 5.175 loading class java/nio/file/DirectoryStream
Event: 5.175 loading class java/nio/file/DirectoryStream done
Event: 5.175 loading class sun/nio/fs/WindowsDirectoryStream done
Event: 5.176 loading class sun/nio/fs/WindowsDirectoryStream$WindowsDirectoryIterator
Event: 5.177 loading class sun/nio/fs/WindowsDirectoryStream$WindowsDirectoryIterator done
Event: 5.177 loading class sun/nio/fs/WindowsPath$WindowsPathWithAttributes
Event: 5.177 loading class sun/nio/fs/BasicFileAttributesHolder
Event: 5.178 loading class sun/nio/fs/BasicFileAttributesHolder done
Event: 5.178 loading class sun/nio/fs/WindowsPath$WindowsPathWithAttributes done
Event: 5.260 loading class sun/security/provider/AbstractDrbg$NonceProvider
Event: 5.261 loading class sun/security/provider/AbstractDrbg$NonceProvider done
Event: 5.261 loading class sun/security/provider/SHA2$SHA256
Event: 5.261 loading class sun/security/provider/SHA2
Event: 5.261 loading class sun/security/provider/SHA2 done
Event: 5.262 loading class sun/security/provider/SHA2$SHA256 done


Dynamic libraries:
0x00007ff6f8720000 - 0x00007ff6f872d000 	C:\Users\Jason Statham\.jdks\corretto-17.0.6\bin\java.exe
0x00007ff924290000 - 0x00007ff924488000 	C:\WINDOWS\SYSTEM32\ntdll.dll
0x00007ff922550000 - 0x00007ff92260f000 	C:\WINDOWS\System32\KERNEL32.DLL
0x00007ff921d50000 - 0x00007ff922022000 	C:\WINDOWS\System32\KERNELBASE.dll
0x00007ff921980000 - 0x00007ff921a80000 	C:\WINDOWS\System32\ucrtbase.dll
0x00007ff910f00000 - 0x00007ff910f17000 	C:\Users\Jason Statham\.jdks\corretto-17.0.6\bin\jli.dll
0x00007ff910e20000 - 0x00007ff910e35000 	C:\Users\Jason Statham\.jdks\corretto-17.0.6\bin\VCRUNTIME140.dll
0x00007ff923130000 - 0x00007ff9232d1000 	C:\WINDOWS\System32\USER32.dll
0x00007ff921a80000 - 0x00007ff921aa2000 	C:\WINDOWS\System32\win32u.dll
0x00007ff90f020000 - 0x00007ff90f2ba000 	C:\WINDOWS\WinSxS\amd64_microsoft.windows.common-controls_6595b64144ccf1df_6.0.19041.1110_none_60b5254171f9507e\COMCTL32.dll
0x00007ff9232e0000 - 0x00007ff92337e000 	C:\WINDOWS\System32\msvcrt.dll
0x00007ff9230f0000 - 0x00007ff92311b000 	C:\WINDOWS\System32\GDI32.dll
0x00007ff921c40000 - 0x00007ff921d4f000 	C:\WINDOWS\System32\gdi32full.dll
0x00007ff921b20000 - 0x00007ff921bbd000 	C:\WINDOWS\System32\msvcp_win.dll
0x00007ff9223b0000 - 0x00007ff9223e2000 	C:\WINDOWS\System32\IMM32.DLL
0x00007ff8f5880000 - 0x00007ff8f591b000 	C:\Users\Jason Statham\.jdks\corretto-17.0.6\bin\msvcp140.dll
0x00007ff8c12f0000 - 0x00007ff8c1f08000 	C:\Users\Jason Statham\.jdks\corretto-17.0.6\bin\server\jvm.dll
0x00007ff923560000 - 0x00007ff92360e000 	C:\WINDOWS\System32\ADVAPI32.dll
0x00007ff922ec0000 - 0x00007ff922f5c000 	C:\WINDOWS\System32\sechost.dll
0x00007ff922fc0000 - 0x00007ff9230e5000 	C:\WINDOWS\System32\RPCRT4.dll
0x00007ff91d0f0000 - 0x00007ff91d0f9000 	C:\WINDOWS\SYSTEM32\WSOCK32.dll
0x00007ff922480000 - 0x00007ff9224eb000 	C:\WINDOWS\System32\WS2_32.dll
0x00007ff912b30000 - 0x00007ff912b57000 	C:\WINDOWS\SYSTEM32\WINMM.dll
0x00007ff919550000 - 0x00007ff91955a000 	C:\WINDOWS\SYSTEM32\VERSION.dll
0x00007ff91fa20000 - 0x00007ff91fa32000 	C:\WINDOWS\SYSTEM32\kernel.appcore.dll
0x00007ff910e10000 - 0x00007ff910e1a000 	C:\Users\Jason Statham\.jdks\corretto-17.0.6\bin\jimage.dll
0x00007ff91f5e0000 - 0x00007ff91f7c4000 	C:\WINDOWS\SYSTEM32\DBGHELP.DLL
0x00007ff90e150000 - 0x00007ff90e185000 	C:\WINDOWS\SYSTEM32\dbgcore.DLL
0x00007ff922030000 - 0x00007ff9220b2000 	C:\WINDOWS\System32\bcryptPrimitives.dll
0x00007ff91c020000 - 0x00007ff91c02e000 	C:\Users\Jason Statham\.jdks\corretto-17.0.6\bin\instrument.dll
0x00007ff90dbc0000 - 0x00007ff90dbe5000 	C:\Users\Jason Statham\.jdks\corretto-17.0.6\bin\java.dll
0x00007ff8d43a0000 - 0x00007ff8d4476000 	C:\Users\Jason Statham\.jdks\corretto-17.0.6\bin\jsvml.dll
0x00007ff923610000 - 0x00007ff923d55000 	C:\WINDOWS\System32\SHELL32.dll
0x00007ff91fa40000 - 0x00007ff9201d2000 	C:\WINDOWS\SYSTEM32\windows.storage.dll
0x00007ff922b60000 - 0x00007ff922eb5000 	C:\WINDOWS\System32\combase.dll
0x00007ff921300000 - 0x00007ff921330000 	C:\WINDOWS\SYSTEM32\Wldp.dll
0x00007ff922aa0000 - 0x00007ff922b4d000 	C:\WINDOWS\System32\SHCORE.dll
0x00007ff923500000 - 0x00007ff923555000 	C:\WINDOWS\System32\shlwapi.dll
0x00007ff9218c0000 - 0x00007ff9218df000 	C:\WINDOWS\SYSTEM32\profapi.dll
0x00007ff90b6e0000 - 0x00007ff90b6f8000 	C:\Users\Jason Statham\.jdks\corretto-17.0.6\bin\zip.dll
0x00007ff90c970000 - 0x00007ff90c989000 	C:\Users\Jason Statham\.jdks\corretto-17.0.6\bin\net.dll
0x00007ff916600000 - 0x00007ff91670c000 	C:\WINDOWS\SYSTEM32\WINHTTP.dll
0x00007ff921060000 - 0x00007ff9210ca000 	C:\WINDOWS\system32\mswsock.dll
0x00007ff90b700000 - 0x00007ff90b715000 	C:\Users\Jason Statham\.jdks\corretto-17.0.6\bin\nio.dll
0x00007ff91aef0000 - 0x00007ff91af0a000 	C:\Program Files\JetBrains\IntelliJ IDEA 2022.3.2\bin\breakgen64.dll
0x00007ff90e4b0000 - 0x00007ff90e4c0000 	C:\Users\Jason Statham\.jdks\corretto-17.0.6\bin\verify.dll
0x00007ff921260000 - 0x00007ff921278000 	C:\WINDOWS\SYSTEM32\CRYPTSP.dll
0x00007ff920980000 - 0x00007ff9209b4000 	C:\WINDOWS\system32\rsaenh.dll
0x00007ff921c10000 - 0x00007ff921c37000 	C:\WINDOWS\System32\bcrypt.dll
0x00007ff921840000 - 0x00007ff92186e000 	C:\WINDOWS\SYSTEM32\USERENV.dll
0x00007ff921250000 - 0x00007ff92125c000 	C:\WINDOWS\SYSTEM32\CRYPTBASE.dll
0x00007ff920d50000 - 0x00007ff920d8b000 	C:\WINDOWS\SYSTEM32\IPHLPAPI.DLL
0x00007ff923120000 - 0x00007ff923128000 	C:\WINDOWS\System32\NSI.dll
0x00007ff917830000 - 0x00007ff917847000 	C:\WINDOWS\SYSTEM32\dhcpcsvc6.DLL
0x00007ff919030000 - 0x00007ff91904d000 	C:\WINDOWS\SYSTEM32\dhcpcsvc.DLL
0x00007ff920d90000 - 0x00007ff920e5b000 	C:\WINDOWS\SYSTEM32\DNSAPI.dll

dbghelp: loaded successfully - version: 4.0.5 - missing functions: none
symbol engine: initialized successfully - sym options: 0x614 - pdb path: .;C:\Users\Jason Statham\.jdks\corretto-17.0.6\bin;C:\WINDOWS\SYSTEM32;C:\WINDOWS\WinSxS\amd64_microsoft.windows.common-controls_6595b64144ccf1df_6.0.19041.1110_none_60b5254171f9507e;C:\Users\Jason Statham\.jdks\corretto-17.0.6\bin\server;C:\Program Files\JetBrains\IntelliJ IDEA 2022.3.2\bin

VM Arguments:
jvm_args: -javaagent:C:\Program Files\JetBrains\IntelliJ IDEA 2022.3.2\lib\idea_rt.jar=53934:C:\Program Files\JetBrains\IntelliJ IDEA 2022.3.2\bin -Dfile.encoding=UTF-8 
java_command: hiber.MainApp
java_class_path (initial): C:\Users\Jason Statham\IdeaProjects\PP_2_2_1_spring_hibernate\2.2.1. spring_hibernate\target\classes;C:\Users\Jason Statham\.m2\repository\org\springframework\spring-context\5.3.14\spring-context-5.3.14.jar;C:\Users\Jason Statham\.m2\repository\org\springframework\spring-aop\5.3.14\spring-aop-5.3.14.jar;C:\Users\Jason Statham\.m2\repository\org\springframework\spring-beans\5.3.14\spring-beans-5.3.14.jar;C:\Users\Jason Statham\.m2\repository\org\springframework\spring-core\5.3.14\spring-core-5.3.14.jar;C:\Users\Jason Statham\.m2\repository\org\springframework\spring-jcl\5.3.14\spring-jcl-5.3.14.jar;C:\Users\Jason Statham\.m2\repository\org\springframework\spring-expression\5.3.14\spring-expression-5.3.14.jar;C:\Users\Jason Statham\.m2\repository\org\springframework\spring-orm\5.3.14\spring-orm-5.3.14.jar;C:\Users\Jason Statham\.m2\repository\org\springframework\spring-jdbc\5.3.14\spring-jdbc-5.3.14.jar;C:\Users\Jason Statham\.m2\repository\org\springframework\spring-tx\5.3.14\spring-tx-5.3.14.jar;C:\Users\Jason Statham\.m2\repository\org\hibernate\hibernate-core\5.6.3.Final\hibernate-core-5.6.3.Final.jar;C:\Users\Jason Statham\.m2\repository\org\jboss\logging\jboss-logging\3.4.2.Final\jboss-logging-3.4.2.Final.jar;C:\Users\Jason Statham\.m2\repository\javax\persistence\javax.persistence-api\2.2\javax.persistence-api-2.2.jar;C:\Users\Jason Statham\.m2\repository\net\bytebuddy\byte-buddy\1.11.20\byte-buddy-1.11.20.jar;C:\Users\Jason Statham\.m2\repository\antlr\antlr\2.7.7\antlr-2.7.7.jar;C:\Users\Jason Statham\.m2\repository\org\jboss\spec\javax\transaction\jboss-transaction-api_1.2_spec\1.1.1.Final\jboss-transaction-api_1.2_spec-1.1.1.Final.jar;C:\Users\Jason Statham\.m2\repository\org\jboss\jandex\2.2.3.Final\jandex-2.2.3.Final.jar;C:\Users\Jason Statham\.m2\repository\com\fasterxml\classmate\1.5.1\classmate-1.5.1.jar;C:\Users\Jason Statham\.m2\repository\javax\activation\javax.activation-api\1.2.0\javax.activation-api-1.2.0.jar;C:\Users
Launcher Type: SUN_STANDARD

[Global flags]
     intx CICompilerCount                          = 3                                         {product} {ergonomic}
     uint ConcGCThreads                            = 1                                         {product} {ergonomic}
     uint G1ConcRefinementThreads                  = 4                                         {product} {ergonomic}
   size_t G1HeapRegionSize                         = 1048576                                   {product} {ergonomic}
    uintx GCDrainStackTargetSize                   = 64                                        {product} {ergonomic}
   size_t InitialHeapSize                          = 134217728                                 {product} {ergonomic}
   size_t MarkStackSize                            = 4194304                                   {product} {ergonomic}
   size_t MaxHeapSize                              = 2122317824                                {product} {ergonomic}
   size_t MaxNewSize                               = 1272971264                                {product} {ergonomic}
   size_t MinHeapDeltaBytes                        = 1048576                                   {product} {ergonomic}
   size_t MinHeapSize                              = 8388608                                   {product} {ergonomic}
    uintx NonNMethodCodeHeapSize                   = 5832780                                {pd product} {ergonomic}
    uintx NonProfiledCodeHeapSize                  = 122912730                              {pd product} {ergonomic}
    uintx ProfiledCodeHeapSize                     = 122912730                              {pd product} {ergonomic}
    uintx ReservedCodeCacheSize                    = 251658240                              {pd product} {ergonomic}
     bool SegmentedCodeCache                       = true                                      {product} {ergonomic}
   size_t SoftMaxHeapSize                          = 2122317824                             {manageable} {ergonomic}
     bool UseCompressedClassPointers               = true                           {product lp64_product} {ergonomic}
     bool UseCompressedOops                        = true                           {product lp64_product} {ergonomic}
     bool UseG1GC                                  = true                                      {product} {ergonomic}
     bool UseLargePagesIndividualAllocation        = false                                  {pd product} {ergonomic}

Logging:
Log output configuration:
 #0: stdout all=warning uptime,level,tags
 #1: stderr all=off uptime,level,tags

Environment Variables:
PATH=C:\WINDOWS\system32;C:\WINDOWS;C:\WINDOWS\System32\Wbem;C:\WINDOWS\System32\WindowsPowerShell\v1.0\;C:\WINDOWS\System32\OpenSSH\;C:\Program Files\MySQL\MySQL Server 8.0\bin;C:\Program Files\apache-maven-3.9.0\bin;C:\Users\Jason Statham\AppData\Local\Microsoft\WindowsApps;C:\Users\Jason Statham\AppData\Local\GitHubDesktop\bin;C:\Program Files\JetBrains\IntelliJ IDEA 2022.3.2\bin;;C:\Windows\System32;
USERNAME=Jason Statham
OS=Windows_NT
PROCESSOR_IDENTIFIER=Intel64 Family 6 Model 76 Stepping 3, GenuineIntel
TMP=C:\Users\JASONS~1\AppData\Local\Temp
TEMP=C:\Users\JASONS~1\AppData\Local\Temp



---------------  S Y S T E M  ---------------

OS:
 Windows 10 , 64 bit Build 19041 (10.0.19041.2546)
OS uptime: 0 days 4:22 hours

CPU: total 4 (initial active 4) (4 cores per cpu, 1 threads per core) family 6 model 76 stepping 3 microcode 0x368, cx8, cmov, fxsr, mmx, 3dnowpref, sse, sse2, sse3, ssse3, sse4.1, sse4.2, popcnt, tsc, tscinvbit, aes, erms, clmul, clflush

Memory: 4k page, system-wide physical 8095M (998M free)
TotalPageFile size 8095M (AvailPageFile size 2M)
current process WorkingSet (physical memory assigned to process): 100M, peak: 100M
current process commit charge ("private bytes"): 242M, peak: 243M

vm_info: OpenJDK 64-Bit Server VM (17.0.6+10-LTS) for windows-amd64 JRE (17.0.6+10-LTS), built on Jan 13 2023 22:57:04 by "Administrator" with MS VC++ 15.9 (VS2017)

END.
