#
# There is insufficient memory for the Java Runtime Environment to continue.
# Native memory allocation (mmap) failed to map 65536 bytes for Failed to commit metaspace.
# Possible reasons:
#   The system is out of physical RAM or swap space
#   The process is running with CompressedOops enabled, and the Java Heap may be blocking the growth of the native heap
# Possible solutions:
#   Reduce memory load on the system
#   Increase physical memory or swap space
#   Check if swap backing store is full
#   Decrease Java heap size (-Xmx/-Xms)
#   Decrease number of Java threads
#   Decrease Java thread stack sizes (-Xss)
#   Set larger code cache with -XX:ReservedCodeCacheSize=
#   JVM is running with Unscaled Compressed Oops mode in which the Java heap is
#     placed in the first 4GB address space. The Java Heap base address is the
#     maximum limit for the native heap growth. Please use -XX:HeapBaseMinAddress
#     to set the Java Heap base and to place the Java Heap above 4GB virtual address.
# This output file may be truncated or incomplete.
#
#  Out of Memory Error (virtualSpaceNode.cpp:110), pid=10348, tid=10932
#
# JRE version: OpenJDK Runtime Environment Corretto-17.0.6.10.1 (17.0.6+10) (build 17.0.6+10-LTS)
# Java VM: OpenJDK 64-Bit Server VM Corretto-17.0.6.10.1 (17.0.6+10-LTS, mixed mode, sharing, tiered, compressed oops, compressed class ptrs, g1 gc, windows-amd64)
# No core dump will be written. Minidumps are not enabled by default on client versions of Windows
#

---------------  S U M M A R Y ------------

Command Line: -javaagent:C:\Program Files\JetBrains\IntelliJ IDEA 2022.3.2\lib\idea_rt.jar=55210:C:\Program Files\JetBrains\IntelliJ IDEA 2022.3.2\bin -Dfile.encoding=UTF-8 hiber.MainApp

Host: Intel(R) Pentium(R) CPU  N3700  @ 1.60GHz, 4 cores, 7G,  Windows 10 , 64 bit Build 19041 (10.0.19041.2546)
Time: Fri Mar 10 15:49:54 2023 RTZ 2 (s 10 , 64 bit Build 19041 (10.0.19041.2546) elapsed time: 0.393846 seconds (0d 0h 0m 0s)

---------------  T H R E A D  ---------------

Current thread (0x0000019486c08480):  JavaThread "main" [_thread_in_vm, id=10932, stack(0x0000002d22b00000,0x0000002d22c00000)]

Stack: [0x0000002d22b00000,0x0000002d22c00000]
Native frames: (J=compiled Java code, j=interpreted, Vv=VM code, C=native code)
V  [jvm.dll+0x64b39a]
V  [jvm.dll+0x7ff044]
V  [jvm.dll+0x8007fe]
V  [jvm.dll+0x800e53]
V  [jvm.dll+0x235848]
V  [jvm.dll+0x7fb10b]
V  [jvm.dll+0x5f23a6]
V  [jvm.dll+0x5f240a]
V  [jvm.dll+0x5f4b28]
V  [jvm.dll+0x5f2d5d]
V  [jvm.dll+0x602ff9]
V  [jvm.dll+0x5fc51e]
V  [jvm.dll+0x36a861]
C  0x0000019495c4c644

Java frames: (J=compiled Java code, j=interpreted, Vv=VM code)
j  java.util.Locale.<init>(Lsun/util/locale/BaseLocale;Lsun/util/locale/LocaleExtensions;)V+0 java.base@17.0.6
j  java.util.Locale.createConstant(B)Ljava/util/Locale;+12 java.base@17.0.6
j  java.util.Locale.<clinit>()V+27 java.base@17.0.6
v  ~StubRoutines::call_stub
j  java.lang.String.toLowerCase()Ljava/lang/String;+1 java.base@17.0.6
j  sun.net.util.URLUtil.urlNoFragString(Ljava/net/URL;)Ljava/lang/String;+18 java.base@17.0.6
j  jdk.internal.loader.URLClassPath.getLoader(I)Ljdk/internal/loader/URLClassPath$Loader;+61 java.base@17.0.6
j  jdk.internal.loader.URLClassPath.getResource(Ljava/lang/String;Z)Ljdk/internal/loader/Resource;+42 java.base@17.0.6
j  jdk.internal.loader.BuiltinClassLoader.findClassOnClassPathOrNull(Ljava/lang/String;)Ljava/lang/Class;+26 java.base@17.0.6
j  jdk.internal.loader.BuiltinClassLoader.loadClassOrNull(Ljava/lang/String;Z)Ljava/lang/Class;+111 java.base@17.0.6
j  jdk.internal.loader.BuiltinClassLoader.loadClass(Ljava/lang/String;Z)Ljava/lang/Class;+3 java.base@17.0.6
j  jdk.internal.loader.ClassLoaders$AppClassLoader.loadClass(Ljava/lang/String;Z)Ljava/lang/Class;+36 java.base@17.0.6
j  java.lang.ClassLoader.loadClass(Ljava/lang/String;)Ljava/lang/Class;+3 java.base@17.0.6
j  sun.instrument.InstrumentationImpl.loadClassAndStartAgent(Ljava/lang/String;Ljava/lang/String;Ljava/lang/String;)V+8 java.instrument@17.0.6
j  sun.instrument.InstrumentationImpl.loadClassAndCallPremain(Ljava/lang/String;Ljava/lang/String;)V+6 java.instrument@17.0.6
v  ~StubRoutines::call_stub

---------------  P R O C E S S  ---------------

Threads class SMR info:
_java_thread_list=0x00000194a518d860, length=11, elements={
0x0000019486c08480, 0x00000194a46dbb90, 0x00000194a46dca00, 0x00000194a46edc50,
0x00000194a46f0520, 0x00000194a46f4ee0, 0x00000194a46feec0, 0x00000194a4703150,
0x00000194a4706410, 0x00000194a470f5d0, 0x00000194a518e210
}

Java Threads: ( => current thread )
=>0x0000019486c08480 JavaThread "main" [_thread_in_vm, id=10932, stack(0x0000002d22b00000,0x0000002d22c00000)]
  0x00000194a46dbb90 JavaThread "Reference Handler" daemon [_thread_blocked, id=8888, stack(0x0000002d23200000,0x0000002d23300000)]
  0x00000194a46dca00 JavaThread "Finalizer" daemon [_thread_blocked, id=9772, stack(0x0000002d23300000,0x0000002d23400000)]
  0x00000194a46edc50 JavaThread "Signal Dispatcher" daemon [_thread_blocked, id=3748, stack(0x0000002d23400000,0x0000002d23500000)]
  0x00000194a46f0520 JavaThread "Attach Listener" daemon [_thread_blocked, id=3436, stack(0x0000002d23500000,0x0000002d23600000)]
  0x00000194a46f4ee0 JavaThread "Service Thread" daemon [_thread_blocked, id=7504, stack(0x0000002d23600000,0x0000002d23700000)]
  0x00000194a46feec0 JavaThread "Monitor Deflation Thread" daemon [_thread_blocked, id=8096, stack(0x0000002d23700000,0x0000002d23800000)]
  0x00000194a4703150 JavaThread "C2 CompilerThread0" daemon [_thread_blocked, id=8604, stack(0x0000002d23800000,0x0000002d23900000)]
  0x00000194a4706410 JavaThread "C1 CompilerThread0" daemon [_thread_blocked, id=7824, stack(0x0000002d23900000,0x0000002d23a00000)]
  0x00000194a470f5d0 JavaThread "Sweeper thread" daemon [_thread_blocked, id=6344, stack(0x0000002d23a00000,0x0000002d23b00000)]
  0x00000194a518e210 JavaThread "Common-Cleaner" daemon [_thread_blocked, id=2556, stack(0x0000002d23b00000,0x0000002d23c00000)]

Other Threads:
  0x00000194a46d52c0 VMThread "VM Thread" [stack: 0x0000002d23100000,0x0000002d23200000] [id=5548]
  0x0000019486c60ba0 GCTaskThread "GC Thread#0" [stack: 0x0000002d22c00000,0x0000002d22d00000] [id=7336]
  0x0000019486c717e0 ConcurrentGCThread "G1 Main Marker" [stack: 0x0000002d22d00000,0x0000002d22e00000] [id=2068]
  0x0000019486c73600 ConcurrentGCThread "G1 Conc#0" [stack: 0x0000002d22e00000,0x0000002d22f00000] [id=9168]
  0x0000019486cdd610 ConcurrentGCThread "G1 Refine#0" [stack: 0x0000002d22f00000,0x0000002d23000000] [id=2896]
  0x0000019486cde030 ConcurrentGCThread "G1 Service" [stack: 0x0000002d23000000,0x0000002d23100000] [id=12056]

Threads with active compile tasks:

VM state: not at safepoint (normal execution)

VM Mutex/Monitor currently owned by a thread:  ([mutex/lock_event])
[0x0000019486bf2dd0] Metaspace_lock - owner thread: 0x0000019486c08480

Heap address: 0x0000000081800000, size: 2024 MB, Compressed Oops mode: 32-bit

CDS archive(s) mapped at: [0x0000000800000000-0x0000000800bc0000-0x0000000800bc0000), size 12320768, SharedBaseAddress: 0x0000000800000000, ArchiveRelocationMode: 0.
Compressed class space mapped at: 0x0000000800c00000-0x0000000840c00000, reserved size: 1073741824
Narrow klass base: 0x0000000800000000, Narrow klass shift: 0, Narrow klass range: 0x100000000

GC Precious Log:
 CPUs: 4 total, 4 available
 Memory: 8095M
 Large Page Support: Disabled
 NUMA Support: Disabled
 Compressed Oops: Enabled (32-bit)
 Heap Region Size: 1M
 Heap Min Capacity: 8M
 Heap Initial Capacity: 128M
 Heap Max Capacity: 2024M
 Pre-touch: Disabled
 Parallel Workers: 4
 Concurrent Workers: 1
 Concurrent Refinement Workers: 4
 Periodic GC: Disabled

Heap:
 garbage-first heap   total 131072K, used 1024K [0x0000000081800000, 0x0000000100000000)
  region size 1024K, 2 young (2048K), 0 survivors (0K)
 Metaspace       used 266K, committed 448K, reserved 1056768K
  class space    used 8K, committed 128K, reserved 1048576K

Heap Regions: E=young(eden), S=young(survivor), O=old, HS=humongous(starts), HC=humongous(continues), CS=collection set, F=free, OA=open archive, CA=closed archive, TAMS=top-at-mark-start (previous, next)
|   0|0x0000000081800000, 0x0000000081800000, 0x0000000081900000|  0%| F|  |TAMS 0x0000000081800000, 0x0000000081800000| Untracked 
|   1|0x0000000081900000, 0x0000000081900000, 0x0000000081a00000|  0%| F|  |TAMS 0x0000000081900000, 0x0000000081900000| Untracked 
|   2|0x0000000081a00000, 0x0000000081a00000, 0x0000000081b00000|  0%| F|  |TAMS 0x0000000081a00000, 0x0000000081a00000| Untracked 
|   3|0x0000000081b00000, 0x0000000081b00000, 0x0000000081c00000|  0%| F|  |TAMS 0x0000000081b00000, 0x0000000081b00000| Untracked 
|   4|0x0000000081c00000, 0x0000000081c00000, 0x0000000081d00000|  0%| F|  |TAMS 0x0000000081c00000, 0x0000000081c00000| Untracked 
|   5|0x0000000081d00000, 0x0000000081d00000, 0x0000000081e00000|  0%| F|  |TAMS 0x0000000081d00000, 0x0000000081d00000| Untracked 
|   6|0x0000000081e00000, 0x0000000081e00000, 0x0000000081f00000|  0%| F|  |TAMS 0x0000000081e00000, 0x0000000081e00000| Untracked 
|   7|0x0000000081f00000, 0x0000000081f00000, 0x0000000082000000|  0%| F|  |TAMS 0x0000000081f00000, 0x0000000081f00000| Untracked 
|   8|0x0000000082000000, 0x0000000082000000, 0x0000000082100000|  0%| F|  |TAMS 0x0000000082000000, 0x0000000082000000| Untracked 
|   9|0x0000000082100000, 0x0000000082100000, 0x0000000082200000|  0%| F|  |TAMS 0x0000000082100000, 0x0000000082100000| Untracked 
|  10|0x0000000082200000, 0x0000000082200000, 0x0000000082300000|  0%| F|  |TAMS 0x0000000082200000, 0x0000000082200000| Untracked 
|  11|0x0000000082300000, 0x0000000082300000, 0x0000000082400000|  0%| F|  |TAMS 0x0000000082300000, 0x0000000082300000| Untracked 
|  12|0x0000000082400000, 0x0000000082400000, 0x0000000082500000|  0%| F|  |TAMS 0x0000000082400000, 0x0000000082400000| Untracked 
|  13|0x0000000082500000, 0x0000000082500000, 0x0000000082600000|  0%| F|  |TAMS 0x0000000082500000, 0x0000000082500000| Untracked 
|  14|0x0000000082600000, 0x0000000082600000, 0x0000000082700000|  0%| F|  |TAMS 0x0000000082600000, 0x0000000082600000| Untracked 
|  15|0x0000000082700000, 0x0000000082700000, 0x0000000082800000|  0%| F|  |TAMS 0x0000000082700000, 0x0000000082700000| Untracked 
|  16|0x0000000082800000, 0x0000000082800000, 0x0000000082900000|  0%| F|  |TAMS 0x0000000082800000, 0x0000000082800000| Untracked 
|  17|0x0000000082900000, 0x0000000082900000, 0x0000000082a00000|  0%| F|  |TAMS 0x0000000082900000, 0x0000000082900000| Untracked 
|  18|0x0000000082a00000, 0x0000000082a00000, 0x0000000082b00000|  0%| F|  |TAMS 0x0000000082a00000, 0x0000000082a00000| Untracked 
|  19|0x0000000082b00000, 0x0000000082b00000, 0x0000000082c00000|  0%| F|  |TAMS 0x0000000082b00000, 0x0000000082b00000| Untracked 
|  20|0x0000000082c00000, 0x0000000082c00000, 0x0000000082d00000|  0%| F|  |TAMS 0x0000000082c00000, 0x0000000082c00000| Untracked 
|  21|0x0000000082d00000, 0x0000000082d00000, 0x0000000082e00000|  0%| F|  |TAMS 0x0000000082d00000, 0x0000000082d00000| Untracked 
|  22|0x0000000082e00000, 0x0000000082e00000, 0x0000000082f00000|  0%| F|  |TAMS 0x0000000082e00000, 0x0000000082e00000| Untracked 
|  23|0x0000000082f00000, 0x0000000082f00000, 0x0000000083000000|  0%| F|  |TAMS 0x0000000082f00000, 0x0000000082f00000| Untracked 
|  24|0x0000000083000000, 0x0000000083000000, 0x0000000083100000|  0%| F|  |TAMS 0x0000000083000000, 0x0000000083000000| Untracked 
|  25|0x0000000083100000, 0x0000000083100000, 0x0000000083200000|  0%| F|  |TAMS 0x0000000083100000, 0x0000000083100000| Untracked 
|  26|0x0000000083200000, 0x0000000083200000, 0x0000000083300000|  0%| F|  |TAMS 0x0000000083200000, 0x0000000083200000| Untracked 
|  27|0x0000000083300000, 0x0000000083300000, 0x0000000083400000|  0%| F|  |TAMS 0x0000000083300000, 0x0000000083300000| Untracked 
|  28|0x0000000083400000, 0x0000000083400000, 0x0000000083500000|  0%| F|  |TAMS 0x0000000083400000, 0x0000000083400000| Untracked 
|  29|0x0000000083500000, 0x0000000083500000, 0x0000000083600000|  0%| F|  |TAMS 0x0000000083500000, 0x0000000083500000| Untracked 
|  30|0x0000000083600000, 0x0000000083600000, 0x0000000083700000|  0%| F|  |TAMS 0x0000000083600000, 0x0000000083600000| Untracked 
|  31|0x0000000083700000, 0x0000000083700000, 0x0000000083800000|  0%| F|  |TAMS 0x0000000083700000, 0x0000000083700000| Untracked 
|  32|0x0000000083800000, 0x0000000083800000, 0x0000000083900000|  0%| F|  |TAMS 0x0000000083800000, 0x0000000083800000| Untracked 
|  33|0x0000000083900000, 0x0000000083900000, 0x0000000083a00000|  0%| F|  |TAMS 0x0000000083900000, 0x0000000083900000| Untracked 
|  34|0x0000000083a00000, 0x0000000083a00000, 0x0000000083b00000|  0%| F|  |TAMS 0x0000000083a00000, 0x0000000083a00000| Untracked 
|  35|0x0000000083b00000, 0x0000000083b00000, 0x0000000083c00000|  0%| F|  |TAMS 0x0000000083b00000, 0x0000000083b00000| Untracked 
|  36|0x0000000083c00000, 0x0000000083c00000, 0x0000000083d00000|  0%| F|  |TAMS 0x0000000083c00000, 0x0000000083c00000| Untracked 
|  37|0x0000000083d00000, 0x0000000083d00000, 0x0000000083e00000|  0%| F|  |TAMS 0x0000000083d00000, 0x0000000083d00000| Untracked 
|  38|0x0000000083e00000, 0x0000000083e00000, 0x0000000083f00000|  0%| F|  |TAMS 0x0000000083e00000, 0x0000000083e00000| Untracked 
|  39|0x0000000083f00000, 0x0000000083f00000, 0x0000000084000000|  0%| F|  |TAMS 0x0000000083f00000, 0x0000000083f00000| Untracked 
|  40|0x0000000084000000, 0x0000000084000000, 0x0000000084100000|  0%| F|  |TAMS 0x0000000084000000, 0x0000000084000000| Untracked 
|  41|0x0000000084100000, 0x0000000084100000, 0x0000000084200000|  0%| F|  |TAMS 0x0000000084100000, 0x0000000084100000| Untracked 
|  42|0x0000000084200000, 0x0000000084200000, 0x0000000084300000|  0%| F|  |TAMS 0x0000000084200000, 0x0000000084200000| Untracked 
|  43|0x0000000084300000, 0x0000000084300000, 0x0000000084400000|  0%| F|  |TAMS 0x0000000084300000, 0x0000000084300000| Untracked 
|  44|0x0000000084400000, 0x0000000084400000, 0x0000000084500000|  0%| F|  |TAMS 0x0000000084400000, 0x0000000084400000| Untracked 
|  45|0x0000000084500000, 0x0000000084500000, 0x0000000084600000|  0%| F|  |TAMS 0x0000000084500000, 0x0000000084500000| Untracked 
|  46|0x0000000084600000, 0x0000000084600000, 0x0000000084700000|  0%| F|  |TAMS 0x0000000084600000, 0x0000000084600000| Untracked 
|  47|0x0000000084700000, 0x0000000084700000, 0x0000000084800000|  0%| F|  |TAMS 0x0000000084700000, 0x0000000084700000| Untracked 
|  48|0x0000000084800000, 0x0000000084800000, 0x0000000084900000|  0%| F|  |TAMS 0x0000000084800000, 0x0000000084800000| Untracked 
|  49|0x0000000084900000, 0x0000000084900000, 0x0000000084a00000|  0%| F|  |TAMS 0x0000000084900000, 0x0000000084900000| Untracked 
|  50|0x0000000084a00000, 0x0000000084a00000, 0x0000000084b00000|  0%| F|  |TAMS 0x0000000084a00000, 0x0000000084a00000| Untracked 
|  51|0x0000000084b00000, 0x0000000084b00000, 0x0000000084c00000|  0%| F|  |TAMS 0x0000000084b00000, 0x0000000084b00000| Untracked 
|  52|0x0000000084c00000, 0x0000000084c00000, 0x0000000084d00000|  0%| F|  |TAMS 0x0000000084c00000, 0x0000000084c00000| Untracked 
|  53|0x0000000084d00000, 0x0000000084d00000, 0x0000000084e00000|  0%| F|  |TAMS 0x0000000084d00000, 0x0000000084d00000| Untracked 
|  54|0x0000000084e00000, 0x0000000084e00000, 0x0000000084f00000|  0%| F|  |TAMS 0x0000000084e00000, 0x0000000084e00000| Untracked 
|  55|0x0000000084f00000, 0x0000000084f00000, 0x0000000085000000|  0%| F|  |TAMS 0x0000000084f00000, 0x0000000084f00000| Untracked 
|  56|0x0000000085000000, 0x0000000085000000, 0x0000000085100000|  0%| F|  |TAMS 0x0000000085000000, 0x0000000085000000| Untracked 
|  57|0x0000000085100000, 0x0000000085100000, 0x0000000085200000|  0%| F|  |TAMS 0x0000000085100000, 0x0000000085100000| Untracked 
|  58|0x0000000085200000, 0x0000000085200000, 0x0000000085300000|  0%| F|  |TAMS 0x0000000085200000, 0x0000000085200000| Untracked 
|  59|0x0000000085300000, 0x0000000085300000, 0x0000000085400000|  0%| F|  |TAMS 0x0000000085300000, 0x0000000085300000| Untracked 
|  60|0x0000000085400000, 0x0000000085400000, 0x0000000085500000|  0%| F|  |TAMS 0x0000000085400000, 0x0000000085400000| Untracked 
|  61|0x0000000085500000, 0x0000000085500000, 0x0000000085600000|  0%| F|  |TAMS 0x0000000085500000, 0x0000000085500000| Untracked 
|  62|0x0000000085600000, 0x0000000085600000, 0x0000000085700000|  0%| F|  |TAMS 0x0000000085600000, 0x0000000085600000| Untracked 
|  63|0x0000000085700000, 0x0000000085700000, 0x0000000085800000|  0%| F|  |TAMS 0x0000000085700000, 0x0000000085700000| Untracked 
|  64|0x0000000085800000, 0x0000000085800000, 0x0000000085900000|  0%| F|  |TAMS 0x0000000085800000, 0x0000000085800000| Untracked 
|  65|0x0000000085900000, 0x0000000085900000, 0x0000000085a00000|  0%| F|  |TAMS 0x0000000085900000, 0x0000000085900000| Untracked 
|  66|0x0000000085a00000, 0x0000000085a00000, 0x0000000085b00000|  0%| F|  |TAMS 0x0000000085a00000, 0x0000000085a00000| Untracked 
|  67|0x0000000085b00000, 0x0000000085b00000, 0x0000000085c00000|  0%| F|  |TAMS 0x0000000085b00000, 0x0000000085b00000| Untracked 
|  68|0x0000000085c00000, 0x0000000085c00000, 0x0000000085d00000|  0%| F|  |TAMS 0x0000000085c00000, 0x0000000085c00000| Untracked 
|  69|0x0000000085d00000, 0x0000000085d00000, 0x0000000085e00000|  0%| F|  |TAMS 0x0000000085d00000, 0x0000000085d00000| Untracked 
|  70|0x0000000085e00000, 0x0000000085e00000, 0x0000000085f00000|  0%| F|  |TAMS 0x0000000085e00000, 0x0000000085e00000| Untracked 
|  71|0x0000000085f00000, 0x0000000085f00000, 0x0000000086000000|  0%| F|  |TAMS 0x0000000085f00000, 0x0000000085f00000| Untracked 
|  72|0x0000000086000000, 0x0000000086000000, 0x0000000086100000|  0%| F|  |TAMS 0x0000000086000000, 0x0000000086000000| Untracked 
|  73|0x0000000086100000, 0x0000000086100000, 0x0000000086200000|  0%| F|  |TAMS 0x0000000086100000, 0x0000000086100000| Untracked 
|  74|0x0000000086200000, 0x0000000086200000, 0x0000000086300000|  0%| F|  |TAMS 0x0000000086200000, 0x0000000086200000| Untracked 
|  75|0x0000000086300000, 0x0000000086300000, 0x0000000086400000|  0%| F|  |TAMS 0x0000000086300000, 0x0000000086300000| Untracked 
|  76|0x0000000086400000, 0x0000000086400000, 0x0000000086500000|  0%| F|  |TAMS 0x0000000086400000, 0x0000000086400000| Untracked 
|  77|0x0000000086500000, 0x0000000086500000, 0x0000000086600000|  0%| F|  |TAMS 0x0000000086500000, 0x0000000086500000| Untracked 
|  78|0x0000000086600000, 0x0000000086600000, 0x0000000086700000|  0%| F|  |TAMS 0x0000000086600000, 0x0000000086600000| Untracked 
|  79|0x0000000086700000, 0x0000000086700000, 0x0000000086800000|  0%| F|  |TAMS 0x0000000086700000, 0x0000000086700000| Untracked 
|  80|0x0000000086800000, 0x0000000086800000, 0x0000000086900000|  0%| F|  |TAMS 0x0000000086800000, 0x0000000086800000| Untracked 
|  81|0x0000000086900000, 0x0000000086900000, 0x0000000086a00000|  0%| F|  |TAMS 0x0000000086900000, 0x0000000086900000| Untracked 
|  82|0x0000000086a00000, 0x0000000086a00000, 0x0000000086b00000|  0%| F|  |TAMS 0x0000000086a00000, 0x0000000086a00000| Untracked 
|  83|0x0000000086b00000, 0x0000000086b00000, 0x0000000086c00000|  0%| F|  |TAMS 0x0000000086b00000, 0x0000000086b00000| Untracked 
|  84|0x0000000086c00000, 0x0000000086c00000, 0x0000000086d00000|  0%| F|  |TAMS 0x0000000086c00000, 0x0000000086c00000| Untracked 
|  85|0x0000000086d00000, 0x0000000086d00000, 0x0000000086e00000|  0%| F|  |TAMS 0x0000000086d00000, 0x0000000086d00000| Untracked 
|  86|0x0000000086e00000, 0x0000000086e00000, 0x0000000086f00000|  0%| F|  |TAMS 0x0000000086e00000, 0x0000000086e00000| Untracked 
|  87|0x0000000086f00000, 0x0000000086f00000, 0x0000000087000000|  0%| F|  |TAMS 0x0000000086f00000, 0x0000000086f00000| Untracked 
|  88|0x0000000087000000, 0x0000000087000000, 0x0000000087100000|  0%| F|  |TAMS 0x0000000087000000, 0x0000000087000000| Untracked 
|  89|0x0000000087100000, 0x0000000087100000, 0x0000000087200000|  0%| F|  |TAMS 0x0000000087100000, 0x0000000087100000| Untracked 
|  90|0x0000000087200000, 0x0000000087200000, 0x0000000087300000|  0%| F|  |TAMS 0x0000000087200000, 0x0000000087200000| Untracked 
|  91|0x0000000087300000, 0x0000000087300000, 0x0000000087400000|  0%| F|  |TAMS 0x0000000087300000, 0x0000000087300000| Untracked 
|  92|0x0000000087400000, 0x0000000087400000, 0x0000000087500000|  0%| F|  |TAMS 0x0000000087400000, 0x0000000087400000| Untracked 
|  93|0x0000000087500000, 0x0000000087500000, 0x0000000087600000|  0%| F|  |TAMS 0x0000000087500000, 0x0000000087500000| Untracked 
|  94|0x0000000087600000, 0x0000000087600000, 0x0000000087700000|  0%| F|  |TAMS 0x0000000087600000, 0x0000000087600000| Untracked 
|  95|0x0000000087700000, 0x0000000087700000, 0x0000000087800000|  0%| F|  |TAMS 0x0000000087700000, 0x0000000087700000| Untracked 
|  96|0x0000000087800000, 0x0000000087800000, 0x0000000087900000|  0%| F|  |TAMS 0x0000000087800000, 0x0000000087800000| Untracked 
|  97|0x0000000087900000, 0x0000000087900000, 0x0000000087a00000|  0%| F|  |TAMS 0x0000000087900000, 0x0000000087900000| Untracked 
|  98|0x0000000087a00000, 0x0000000087a00000, 0x0000000087b00000|  0%| F|  |TAMS 0x0000000087a00000, 0x0000000087a00000| Untracked 
|  99|0x0000000087b00000, 0x0000000087b00000, 0x0000000087c00000|  0%| F|  |TAMS 0x0000000087b00000, 0x0000000087b00000| Untracked 
| 100|0x0000000087c00000, 0x0000000087c00000, 0x0000000087d00000|  0%| F|  |TAMS 0x0000000087c00000, 0x0000000087c00000| Untracked 
| 101|0x0000000087d00000, 0x0000000087d00000, 0x0000000087e00000|  0%| F|  |TAMS 0x0000000087d00000, 0x0000000087d00000| Untracked 
| 102|0x0000000087e00000, 0x0000000087e00000, 0x0000000087f00000|  0%| F|  |TAMS 0x0000000087e00000, 0x0000000087e00000| Untracked 
| 103|0x0000000087f00000, 0x0000000087f00000, 0x0000000088000000|  0%| F|  |TAMS 0x0000000087f00000, 0x0000000087f00000| Untracked 
| 104|0x0000000088000000, 0x0000000088000000, 0x0000000088100000|  0%| F|  |TAMS 0x0000000088000000, 0x0000000088000000| Untracked 
| 105|0x0000000088100000, 0x0000000088100000, 0x0000000088200000|  0%| F|  |TAMS 0x0000000088100000, 0x0000000088100000| Untracked 
| 106|0x0000000088200000, 0x0000000088200000, 0x0000000088300000|  0%| F|  |TAMS 0x0000000088200000, 0x0000000088200000| Untracked 
| 107|0x0000000088300000, 0x0000000088300000, 0x0000000088400000|  0%| F|  |TAMS 0x0000000088300000, 0x0000000088300000| Untracked 
| 108|0x0000000088400000, 0x0000000088400000, 0x0000000088500000|  0%| F|  |TAMS 0x0000000088400000, 0x0000000088400000| Untracked 
| 109|0x0000000088500000, 0x0000000088500000, 0x0000000088600000|  0%| F|  |TAMS 0x0000000088500000, 0x0000000088500000| Untracked 
| 110|0x0000000088600000, 0x0000000088600000, 0x0000000088700000|  0%| F|  |TAMS 0x0000000088600000, 0x0000000088600000| Untracked 
| 111|0x0000000088700000, 0x0000000088700000, 0x0000000088800000|  0%| F|  |TAMS 0x0000000088700000, 0x0000000088700000| Untracked 
| 112|0x0000000088800000, 0x0000000088800000, 0x0000000088900000|  0%| F|  |TAMS 0x0000000088800000, 0x0000000088800000| Untracked 
| 113|0x0000000088900000, 0x0000000088900000, 0x0000000088a00000|  0%| F|  |TAMS 0x0000000088900000, 0x0000000088900000| Untracked 
| 114|0x0000000088a00000, 0x0000000088a00000, 0x0000000088b00000|  0%| F|  |TAMS 0x0000000088a00000, 0x0000000088a00000| Untracked 
| 115|0x0000000088b00000, 0x0000000088b00000, 0x0000000088c00000|  0%| F|  |TAMS 0x0000000088b00000, 0x0000000088b00000| Untracked 
| 116|0x0000000088c00000, 0x0000000088c00000, 0x0000000088d00000|  0%| F|  |TAMS 0x0000000088c00000, 0x0000000088c00000| Untracked 
| 117|0x0000000088d00000, 0x0000000088d00000, 0x0000000088e00000|  0%| F|  |TAMS 0x0000000088d00000, 0x0000000088d00000| Untracked 
| 118|0x0000000088e00000, 0x0000000088e00000, 0x0000000088f00000|  0%| F|  |TAMS 0x0000000088e00000, 0x0000000088e00000| Untracked 
| 119|0x0000000088f00000, 0x0000000088f00000, 0x0000000089000000|  0%| F|  |TAMS 0x0000000088f00000, 0x0000000088f00000| Untracked 
| 120|0x0000000089000000, 0x0000000089000000, 0x0000000089100000|  0%| F|  |TAMS 0x0000000089000000, 0x0000000089000000| Untracked 
| 121|0x0000000089100000, 0x0000000089100000, 0x0000000089200000|  0%| F|  |TAMS 0x0000000089100000, 0x0000000089100000| Untracked 
| 122|0x0000000089200000, 0x0000000089200000, 0x0000000089300000|  0%| F|  |TAMS 0x0000000089200000, 0x0000000089200000| Untracked 
| 123|0x0000000089300000, 0x0000000089300000, 0x0000000089400000|  0%| F|  |TAMS 0x0000000089300000, 0x0000000089300000| Untracked 
| 124|0x0000000089400000, 0x0000000089400000, 0x0000000089500000|  0%| F|  |TAMS 0x0000000089400000, 0x0000000089400000| Untracked 
| 125|0x0000000089500000, 0x0000000089500000, 0x0000000089600000|  0%| F|  |TAMS 0x0000000089500000, 0x0000000089500000| Untracked 
| 126|0x0000000089600000, 0x00000000896c8350, 0x0000000089700000| 78%| E|  |TAMS 0x0000000089600000, 0x0000000089600000| Complete 
| 127|0x0000000089700000, 0x0000000089800000, 0x0000000089800000|100%| E|CS|TAMS 0x0000000089700000, 0x0000000089700000| Complete 

Card table byte_map: [0x000001949db10000,0x000001949df10000] _byte_map_base: 0x000001949d704000

Marking Bits (Prev, Next): (CMBitMap*) 0x0000019486c611b0, (CMBitMap*) 0x0000019486c611f0
 Prev Bits: [0x000001949e310000, 0x00000194a02b0000)
 Next Bits: [0x00000194a02b0000, 0x00000194a2250000)

Polling page: 0x00000194863e0000

Metaspace:

Usage:
  Non-class:    257.12 KB used.
      Class:      8.95 KB used.
       Both:    266.07 KB used.

Virtual space:
  Non-class space:        8.00 MB reserved,     320.00 KB (  4%) committed,  1 nodes.
      Class space:        1.00 GB reserved,     128.00 KB ( <1%) committed,  1 nodes.
             Both:        1.01 GB reserved,     448.00 KB ( <1%) committed. 

Chunk freelists:
   Non-Class:  4.00 MB
       Class:  3.75 MB
        Both:  7.75 MB

MaxMetaspaceSize: unlimited
CompressedClassSpaceSize: 1.00 GB
Initial GC threshold: 21.00 MB
Current GC threshold: 21.00 MB
CDS: on
MetaspaceReclaimPolicy: balanced
 - commit_granule_bytes: 65536.
 - commit_granule_words: 8192.
 - virtual_space_node_default_size: 1048576.
 - enlarge_chunks_in_place: 1.
 - new_chunks_are_fully_committed: 0.
 - uncommit_free_chunks: 1.
 - use_allocation_guard: 0.
 - handle_deallocations: 1.


Internal statistics:

num_allocs_failed_limit: 0.
num_arena_births: 4.
num_arena_deaths: 0.
num_vsnodes_births: 2.
num_vsnodes_deaths: 0.
num_space_committed: 7.
num_space_uncommitted: 0.
num_chunks_returned_to_freelist: 0.
num_chunks_taken_from_freelist: 5.
num_chunk_merges: 0.
num_chunk_splits: 2.
num_chunks_enlarged: 1.
num_purges: 0.
num_inconsistent_stats: 0.

CodeHeap 'non-profiled nmethods': size=120000Kb used=53Kb max_used=53Kb free=119946Kb
 bounds [0x00000194961e0000, 0x0000019496450000, 0x000001949d710000]
CodeHeap 'profiled nmethods': size=120000Kb used=172Kb max_used=172Kb free=119827Kb
 bounds [0x000001948e710000, 0x000001948e980000, 0x0000019495c40000]
CodeHeap 'non-nmethods': size=5760Kb used=1070Kb max_used=1086Kb free=4689Kb
 bounds [0x0000019495c40000, 0x0000019495eb0000, 0x00000194961e0000]
 total_blobs=497 nmethods=159 adapters=252
 compilation: enabled
              stopped_count=0, restarted_count=0
 full_count=0

Compilation events (20 events):
Event: 0.367 Thread 0x00000194a4706410  151       3       java.util.HashMap::<init> (11 bytes)
Event: 0.367 Thread 0x00000194a4706410 nmethod 151 0x000001948e739310 code [0x000001948e7394c0, 0x000001948e739698]
Event: 0.367 Thread 0x00000194a4706410  144       1       java.lang.module.ModuleDescriptor$Version::toString (5 bytes)
Event: 0.367 Thread 0x00000194a4706410 nmethod 144 0x00000194961eb110 code [0x00000194961eb2a0, 0x00000194961eb378]
Event: 0.368 Thread 0x00000194a4706410  152       3       java.util.HashSet::<init> (16 bytes)
Event: 0.369 Thread 0x00000194a4706410 nmethod 152 0x000001948e739790 code [0x000001948e739960, 0x000001948e739d78]
Event: 0.370 Thread 0x00000194a4706410  153       1       java.lang.module.ResolvedModule::configuration (5 bytes)
Event: 0.370 Thread 0x00000194a4706410 nmethod 153 0x00000194961eb410 code [0x00000194961eb5a0, 0x00000194961eb678]
Event: 0.370 Thread 0x00000194a4706410  154       3       java.lang.module.ResolvedModule::name (11 bytes)
Event: 0.371 Thread 0x00000194a4706410 nmethod 154 0x000001948e739f10 code [0x000001948e73a0a0, 0x000001948e73a1f8]
Event: 0.371 Thread 0x00000194a4706410  155       1       java.lang.module.ModuleDescriptor::isOpen (5 bytes)
Event: 0.371 Thread 0x00000194a4706410 nmethod 155 0x00000194961eb710 code [0x00000194961eb8a0, 0x00000194961eb978]
Event: 0.371 Thread 0x00000194a4706410  156       1       java.util.HashMap::size (5 bytes)
Event: 0.371 Thread 0x00000194a4706410 nmethod 156 0x00000194961eba10 code [0x00000194961ebba0, 0x00000194961ebc78]
Event: 0.371 Thread 0x00000194a4706410  157       1       java.lang.module.ModuleDescriptor$Provides::service (5 bytes)
Event: 0.372 Thread 0x00000194a4706410 nmethod 157 0x00000194961ebd10 code [0x00000194961ebea0, 0x00000194961ebf78]
Event: 0.381 Thread 0x00000194a4706410  158       1       java.net.URL::getFile (5 bytes)
Event: 0.381 Thread 0x00000194a4706410 nmethod 158 0x00000194961ec010 code [0x00000194961ec1a0, 0x00000194961ec278]
Event: 0.383 Thread 0x00000194a4706410  159       3       java.lang.Class::getClassLoader (28 bytes)
Event: 0.385 Thread 0x00000194a4706410 nmethod 159 0x000001948e73a310 code [0x000001948e73a560, 0x000001948e73afb8]

GC Heap History (0 events):
No events

Dll operation events (4 events):
Event: 0.030 Loaded shared library C:\Users\Jason Statham\.jdks\corretto-17.0.6\bin\java.dll
Event: 0.073 Loaded shared library C:\Users\Jason Statham\.jdks\corretto-17.0.6\bin\jsvml.dll
Event: 0.375 Loaded shared library C:\Users\Jason Statham\.jdks\corretto-17.0.6\bin\zip.dll
Event: 0.387 Loaded shared library C:\Users\Jason Statham\.jdks\corretto-17.0.6\bin\instrument.dll

Deoptimization events (0 events):
No events

Classes unloaded (0 events):
No events

Classes redefined (0 events):
No events

Internal exceptions (0 events):
No events

VM Operations (2 events):
Event: 0.331 Executing VM operation: HandshakeAllThreads
Event: 0.332 Executing VM operation: HandshakeAllThreads done

Events (20 events):
Event: 0.123 loading class sun/nio/cs/MS1251$Holder
Event: 0.124 loading class sun/nio/cs/MS1251$Holder done
Event: 0.132 loading class sun/nio/cs/UTF_8$Encoder
Event: 0.132 loading class sun/nio/cs/UTF_8$Encoder done
Event: 0.138 Thread 0x00000194a46edc50 Thread added: 0x00000194a46edc50
Event: 0.138 Thread 0x00000194a46f0520 Thread added: 0x00000194a46f0520
Event: 0.138 Thread 0x00000194a46f4ee0 Thread added: 0x00000194a46f4ee0
Event: 0.139 Thread 0x00000194a46feec0 Thread added: 0x00000194a46feec0
Event: 0.139 Thread 0x00000194a4703150 Thread added: 0x00000194a4703150
Event: 0.139 Thread 0x00000194a4706410 Thread added: 0x00000194a4706410
Event: 0.140 Thread 0x00000194a470f5d0 Thread added: 0x00000194a470f5d0
Event: 0.301 Thread 0x00000194a518e210 Thread added: 0x00000194a518e210
Event: 0.381 loading class sun/instrument/InstrumentationImpl
Event: 0.382 loading class java/lang/instrument/Instrumentation
Event: 0.382 loading class java/lang/instrument/Instrumentation done
Event: 0.383 loading class sun/instrument/InstrumentationImpl done
Event: 0.387 loading class sun/instrument/TransformerManager
Event: 0.387 loading class sun/instrument/TransformerManager done
Event: 0.388 loading class sun/instrument/TransformerManager$TransformerInfo
Event: 0.388 loading class sun/instrument/TransformerManager$TransformerInfo done


Dynamic libraries:
0x00007ff6f8720000 - 0x00007ff6f872d000 	C:\Users\Jason Statham\.jdks\corretto-17.0.6\bin\java.exe
0x00007ff924290000 - 0x00007ff924488000 	C:\WINDOWS\SYSTEM32\ntdll.dll
0x00007ff922550000 - 0x00007ff92260f000 	C:\WINDOWS\System32\KERNEL32.DLL
0x00007ff921d50000 - 0x00007ff922022000 	C:\WINDOWS\System32\KERNELBASE.dll
0x00007ff921980000 - 0x00007ff921a80000 	C:\WINDOWS\System32\ucrtbase.dll
0x00007ff91d050000 - 0x00007ff91d065000 	C:\Users\Jason Statham\.jdks\corretto-17.0.6\bin\VCRUNTIME140.dll
0x00007ff91bda0000 - 0x00007ff91bdb7000 	C:\Users\Jason Statham\.jdks\corretto-17.0.6\bin\jli.dll
0x00007ff923130000 - 0x00007ff9232d1000 	C:\WINDOWS\System32\USER32.dll
0x00007ff921a80000 - 0x00007ff921aa2000 	C:\WINDOWS\System32\win32u.dll
0x00007ff90f020000 - 0x00007ff90f2ba000 	C:\WINDOWS\WinSxS\amd64_microsoft.windows.common-controls_6595b64144ccf1df_6.0.19041.1110_none_60b5254171f9507e\COMCTL32.dll
0x00007ff9230f0000 - 0x00007ff92311b000 	C:\WINDOWS\System32\GDI32.dll
0x00007ff9232e0000 - 0x00007ff92337e000 	C:\WINDOWS\System32\msvcrt.dll
0x00007ff921c40000 - 0x00007ff921d4f000 	C:\WINDOWS\System32\gdi32full.dll
0x00007ff921b20000 - 0x00007ff921bbd000 	C:\WINDOWS\System32\msvcp_win.dll
0x00007ff9223b0000 - 0x00007ff9223e2000 	C:\WINDOWS\System32\IMM32.DLL
0x00007ff910da0000 - 0x00007ff910e3b000 	C:\Users\Jason Statham\.jdks\corretto-17.0.6\bin\msvcp140.dll
0x00007ff8d34c0000 - 0x00007ff8d40d8000 	C:\Users\Jason Statham\.jdks\corretto-17.0.6\bin\server\jvm.dll
0x00007ff923560000 - 0x00007ff92360e000 	C:\WINDOWS\System32\ADVAPI32.dll
0x00007ff922ec0000 - 0x00007ff922f5c000 	C:\WINDOWS\System32\sechost.dll
0x00007ff922fc0000 - 0x00007ff9230e5000 	C:\WINDOWS\System32\RPCRT4.dll
0x00007ff91d0f0000 - 0x00007ff91d0f9000 	C:\WINDOWS\SYSTEM32\WSOCK32.dll
0x00007ff922480000 - 0x00007ff9224eb000 	C:\WINDOWS\System32\WS2_32.dll
0x00007ff912b30000 - 0x00007ff912b57000 	C:\WINDOWS\SYSTEM32\WINMM.dll
0x00007ff919550000 - 0x00007ff91955a000 	C:\WINDOWS\SYSTEM32\VERSION.dll
0x00007ff91fa20000 - 0x00007ff91fa32000 	C:\WINDOWS\SYSTEM32\kernel.appcore.dll
0x00007ff91d100000 - 0x00007ff91d10a000 	C:\Users\Jason Statham\.jdks\corretto-17.0.6\bin\jimage.dll
0x00007ff91f5e0000 - 0x00007ff91f7c4000 	C:\WINDOWS\SYSTEM32\DBGHELP.DLL
0x00007ff90e150000 - 0x00007ff90e185000 	C:\WINDOWS\SYSTEM32\dbgcore.DLL
0x00007ff922030000 - 0x00007ff9220b2000 	C:\WINDOWS\System32\bcryptPrimitives.dll
0x00007ff91d000000 - 0x00007ff91d00e000 	C:\Users\Jason Statham\.jdks\corretto-17.0.6\bin\instrument.dll
0x00007ff91a170000 - 0x00007ff91a195000 	C:\Users\Jason Statham\.jdks\corretto-17.0.6\bin\java.dll
0x00007ff908870000 - 0x00007ff908946000 	C:\Users\Jason Statham\.jdks\corretto-17.0.6\bin\jsvml.dll
0x00007ff923610000 - 0x00007ff923d55000 	C:\WINDOWS\System32\SHELL32.dll
0x00007ff91fa40000 - 0x00007ff9201d2000 	C:\WINDOWS\SYSTEM32\windows.storage.dll
0x00007ff922b60000 - 0x00007ff922eb5000 	C:\WINDOWS\System32\combase.dll
0x00007ff921300000 - 0x00007ff921330000 	C:\WINDOWS\SYSTEM32\Wldp.dll
0x00007ff922aa0000 - 0x00007ff922b4d000 	C:\WINDOWS\System32\SHCORE.dll
0x00007ff923500000 - 0x00007ff923555000 	C:\WINDOWS\System32\shlwapi.dll
0x00007ff9218c0000 - 0x00007ff9218df000 	C:\WINDOWS\SYSTEM32\profapi.dll
0x00007ff91b050000 - 0x00007ff91b068000 	C:\Users\Jason Statham\.jdks\corretto-17.0.6\bin\zip.dll

dbghelp: loaded successfully - version: 4.0.5 - missing functions: none
symbol engine: initialized successfully - sym options: 0x614 - pdb path: .;C:\Users\Jason Statham\.jdks\corretto-17.0.6\bin;C:\WINDOWS\SYSTEM32;C:\WINDOWS\WinSxS\amd64_microsoft.windows.common-controls_6595b64144ccf1df_6.0.19041.1110_none_60b5254171f9507e;C:\Users\Jason Statham\.jdks\corretto-17.0.6\bin\server

VM Arguments:
jvm_args: -javaagent:C:\Program Files\JetBrains\IntelliJ IDEA 2022.3.2\lib\idea_rt.jar=55210:C:\Program Files\JetBrains\IntelliJ IDEA 2022.3.2\bin -Dfile.encoding=UTF-8 
java_command: hiber.MainApp
java_class_path (initial): C:\Users\Jason Statham\IdeaProjects\PP_2_2_1_spring_hibernate\2.2.1. spring_hibernate\target\classes;C:\Users\Jason Statham\.m2\repository\org\springframework\spring-context\5.3.14\spring-context-5.3.14.jar;C:\Users\Jason Statham\.m2\repository\org\springframework\spring-aop\5.3.14\spring-aop-5.3.14.jar;C:\Users\Jason Statham\.m2\repository\org\springframework\spring-beans\5.3.14\spring-beans-5.3.14.jar;C:\Users\Jason Statham\.m2\repository\org\springframework\spring-core\5.3.14\spring-core-5.3.14.jar;C:\Users\Jason Statham\.m2\repository\org\springframework\spring-jcl\5.3.14\spring-jcl-5.3.14.jar;C:\Users\Jason Statham\.m2\repository\org\springframework\spring-expression\5.3.14\spring-expression-5.3.14.jar;C:\Users\Jason Statham\.m2\repository\org\springframework\spring-orm\5.3.14\spring-orm-5.3.14.jar;C:\Users\Jason Statham\.m2\repository\org\springframework\spring-jdbc\5.3.14\spring-jdbc-5.3.14.jar;C:\Users\Jason Statham\.m2\repository\org\springframework\spring-tx\5.3.14\spring-tx-5.3.14.jar;C:\Users\Jason Statham\.m2\repository\org\hibernate\hibernate-core\5.6.3.Final\hibernate-core-5.6.3.Final.jar;C:\Users\Jason Statham\.m2\repository\org\jboss\logging\jboss-logging\3.4.2.Final\jboss-logging-3.4.2.Final.jar;C:\Users\Jason Statham\.m2\repository\javax\persistence\javax.persistence-api\2.2\javax.persistence-api-2.2.jar;C:\Users\Jason Statham\.m2\repository\net\bytebuddy\byte-buddy\1.11.20\byte-buddy-1.11.20.jar;C:\Users\Jason Statham\.m2\repository\antlr\antlr\2.7.7\antlr-2.7.7.jar;C:\Users\Jason Statham\.m2\repository\org\jboss\spec\javax\transaction\jboss-transaction-api_1.2_spec\1.1.1.Final\jboss-transaction-api_1.2_spec-1.1.1.Final.jar;C:\Users\Jason Statham\.m2\repository\org\jboss\jandex\2.2.3.Final\jandex-2.2.3.Final.jar;C:\Users\Jason Statham\.m2\repository\com\fasterxml\classmate\1.5.1\classmate-1.5.1.jar;C:\Users\Jason Statham\.m2\repository\javax\activation\javax.activation-api\1.2.0\javax.activation-api-1.2.0.jar;C:\Users
Launcher Type: SUN_STANDARD

[Global flags]
     intx CICompilerCount                          = 3                                         {product} {ergonomic}
     uint ConcGCThreads                            = 1                                         {product} {ergonomic}
     uint G1ConcRefinementThreads                  = 4                                         {product} {ergonomic}
   size_t G1HeapRegionSize                         = 1048576                                   {product} {ergonomic}
    uintx GCDrainStackTargetSize                   = 64                                        {product} {ergonomic}
   size_t InitialHeapSize                          = 134217728                                 {product} {ergonomic}
   size_t MarkStackSize                            = 4194304                                   {product} {ergonomic}
   size_t MaxHeapSize                              = 2122317824                                {product} {ergonomic}
   size_t MaxNewSize                               = 1272971264                                {product} {ergonomic}
   size_t MinHeapDeltaBytes                        = 1048576                                   {product} {ergonomic}
   size_t MinHeapSize                              = 8388608                                   {product} {ergonomic}
    uintx NonNMethodCodeHeapSize                   = 5832780                                {pd product} {ergonomic}
    uintx NonProfiledCodeHeapSize                  = 122912730                              {pd product} {ergonomic}
    uintx ProfiledCodeHeapSize                     = 122912730                              {pd product} {ergonomic}
    uintx ReservedCodeCacheSize                    = 251658240                              {pd product} {ergonomic}
     bool SegmentedCodeCache                       = true                                      {product} {ergonomic}
   size_t SoftMaxHeapSize                          = 2122317824                             {manageable} {ergonomic}
     bool UseCompressedClassPointers               = true                           {product lp64_product} {ergonomic}
     bool UseCompressedOops                        = true                           {product lp64_product} {ergonomic}
     bool UseG1GC                                  = true                                      {product} {ergonomic}
     bool UseLargePagesIndividualAllocation        = false                                  {pd product} {ergonomic}

Logging:
Log output configuration:
 #0: stdout all=warning uptime,level,tags
 #1: stderr all=off uptime,level,tags

Environment Variables:
PATH=C:\WINDOWS\system32;C:\WINDOWS;C:\WINDOWS\System32\Wbem;C:\WINDOWS\System32\WindowsPowerShell\v1.0\;C:\WINDOWS\System32\OpenSSH\;C:\Program Files\MySQL\MySQL Server 8.0\bin;C:\Program Files\apache-maven-3.9.0\bin;C:\Users\Jason Statham\AppData\Local\Microsoft\WindowsApps;C:\Users\Jason Statham\AppData\Local\GitHubDesktop\bin;C:\Program Files\JetBrains\IntelliJ IDEA 2022.3.2\bin;;C:\Windows\System32;
USERNAME=Jason Statham
OS=Windows_NT
PROCESSOR_IDENTIFIER=Intel64 Family 6 Model 76 Stepping 3, GenuineIntel
TMP=C:\Users\JASONS~1\AppData\Local\Temp
TEMP=C:\Users\JASONS~1\AppData\Local\Temp



---------------  S Y S T E M  ---------------

OS:
 Windows 10 , 64 bit Build 19041 (10.0.19041.2546)
OS uptime: 0 days 7:18 hours

CPU: total 4 (initial active 4) (4 cores per cpu, 1 threads per core) family 6 model 76 stepping 3 microcode 0x368, cx8, cmov, fxsr, mmx, 3dnowpref, sse, sse2, sse3, ssse3, sse4.1, sse4.2, popcnt, tsc, tscinvbit, aes, erms, clmul, clflush

Memory: 4k page, system-wide physical 8095M (1056M free)
TotalPageFile size 8095M (AvailPageFile size 209M)
current process WorkingSet (physical memory assigned to process): 29M, peak: 29M
current process commit charge ("private bytes"): 202M, peak: 202M

vm_info: OpenJDK 64-Bit Server VM (17.0.6+10-LTS) for windows-amd64 JRE (17.0.6+10-LTS), built on Jan 13 2023 22:57:04 by "Administrator" with MS VC++ 15.9 (VS2017)

END.
