#
# There is insufficient memory for the Java Runtime Environment to continue.
# Native memory allocation (mmap) failed to map 134217728 bytes for G1 virtual space
# Possible reasons:
#   The system is out of physical RAM or swap space
#   The process is running with CompressedOops enabled, and the Java Heap may be blocking the growth of the native heap
# Possible solutions:
#   Reduce memory load on the system
#   Increase physical memory or swap space
#   Check if swap backing store is full
#   Decrease Java heap size (-Xmx/-Xms)
#   Decrease number of Java threads
#   Decrease Java thread stack sizes (-Xss)
#   Set larger code cache with -XX:ReservedCodeCacheSize=
#   JVM is running with Unscaled Compressed Oops mode in which the Java heap is
#     placed in the first 4GB address space. The Java Heap base address is the
#     maximum limit for the native heap growth. Please use -XX:HeapBaseMinAddress
#     to set the Java Heap base and to place the Java Heap above 4GB virtual address.
# This output file may be truncated or incomplete.
#
#  Out of Memory Error (os_windows.cpp:3760), pid=1388, tid=3076
#
# JRE version:  (17.0.5+1) (build )
# Java VM: OpenJDK 64-Bit Server VM (17.0.5+1-b653.25, mixed mode, sharing, tiered, compressed oops, compressed class ptrs, g1 gc, windows-amd64)
# No core dump will be written. Minidumps are not enabled by default on client versions of Windows
#

---------------  S U M M A R Y ------------

Command Line: -Dawt.toolkit=com.intellij.desktop.DesktopActionsToolkit -Djava.rmi.server.hostname=127.0.0.1 -Duser.timezone=UTC -Xmx750m -Xms128m --add-exports=java.desktop/sun.awt=ALL-UNNAMED --add-exports=java.desktop/java.awt.peer=ALL-UNNAMED --add-opens=java.desktop/java.awt=ALL-UNNAMED --add-opens=jdk.unsupported/sun.misc=ALL-UNNAMED --add-opens=java.base/java.nio=ALL-UNNAMED --add-opens=java.base/java.util=ALL-UNNAMED -Dfile.encoding=UTF-8 com.intellij.database.remote.RemoteJdbcServer com.mysql.cj.jdbc.Driver

Host: Intel(R) Pentium(R) CPU  N3700  @ 1.60GHz, 4 cores, 7G,  Windows 10 , 64 bit Build 19041 (10.0.19041.2546)
Time: Fri Mar 10 12:50:53 2023 RTZ 2 (s 10 , 64 bit Build 19041 (10.0.19041.2546) elapsed time: 0.043286 seconds (0d 0h 0m 0s)

---------------  T H R E A D  ---------------

Current thread (0x00000256ddded330):  JavaThread "Unknown thread" [_thread_in_vm, id=3076, stack(0x0000006e3cc00000,0x0000006e3cd00000)]

Stack: [0x0000006e3cc00000,0x0000006e3cd00000]
Native frames: (J=compiled Java code, j=interpreted, Vv=VM code, C=native code)
V  [jvm.dll+0x6830ca]
V  [jvm.dll+0x83f4c4]
V  [jvm.dll+0x840c6e]
V  [jvm.dll+0x8412d3]
V  [jvm.dll+0x2490b5]
V  [jvm.dll+0x67ff99]
V  [jvm.dll+0x6744aa]
V  [jvm.dll+0x308f2b]
V  [jvm.dll+0x3103e6]
V  [jvm.dll+0x36013e]
V  [jvm.dll+0x36036f]
V  [jvm.dll+0x2df018]
V  [jvm.dll+0x2dff84]
V  [jvm.dll+0x810d91]
V  [jvm.dll+0x36df31]
V  [jvm.dll+0x7f028c]
V  [jvm.dll+0x3f0cbf]
V  [jvm.dll+0x3f2801]
C  [jli.dll+0x526b]
C  [ucrtbase.dll+0x21bb2]
C  [KERNEL32.DLL+0x17614]
C  [ntdll.dll+0x526a1]


---------------  P R O C E S S  ---------------

Threads class SMR info:
_java_thread_list=0x00007ff8c2a48f98, length=0, elements={
}

Java Threads: ( => current thread )

Other Threads:
  0x00000256dde210a0 GCTaskThread "GC Thread#0" [stack: 0x0000006e3cd00000,0x0000006e3ce00000] [id=9680]
  0x00000256dde28cc0 ConcurrentGCThread "G1 Main Marker" [stack: 0x0000006e3ce00000,0x0000006e3cf00000] [id=9264]
  0x00000256dde29d80 ConcurrentGCThread "G1 Conc#0" [stack: 0x0000006e3cf00000,0x0000006e3d000000] [id=7876]

[error occurred during error reporting (printing all threads), id 0xc0000005, EXCEPTION_ACCESS_VIOLATION (0xc0000005) at pc=0x00007ff8c21ffbd7]

VM state: not at safepoint (not fully initialized)

VM Mutex/Monitor currently owned by a thread:  ([mutex/lock_event])
[0x00000256ddde6700] Heap_lock - owner thread: 0x00000256ddded330

Heap address: 0x00000000d1200000, size: 750 MB, Compressed Oops mode: 32-bit

CDS archive(s) mapped at: [0x0000000000000000-0x0000000000000000-0x0000000000000000), size 0, SharedBaseAddress: 0x0000000800000000, ArchiveRelocationMode: 0.
Narrow klass base: 0x0000000000000000, Narrow klass shift: 0, Narrow klass range: 0x0

GC Precious Log:
<Empty>

Heap:
 garbage-first heap   total 0K, used 0K [0x00000000d1200000, 0x0000000100000000)
  region size 1024K, 0 young (0K), 0 survivors (0K)

[error occurred during error reporting (printing heap information), id 0xc0000005, EXCEPTION_ACCESS_VIOLATION (0xc0000005) at pc=0x00007ff8c25ecd59]

GC Heap History (0 events):
No events

Dll operation events (1 events):
Event: 0.029 Loaded shared library C:\Program Files\JetBrains\IntelliJ IDEA 2022.3.2\jbr\bin\java.dll

Deoptimization events (0 events):
No events

Classes unloaded (0 events):
No events

Classes redefined (0 events):
No events

Internal exceptions (0 events):
No events

VM Operations (0 events):
No events

Events (0 events):
No events


Dynamic libraries:
0x00007ff7fbf60000 - 0x00007ff7fbf6a000 	C:\Program Files\JetBrains\IntelliJ IDEA 2022.3.2\jbr\bin\java.exe
0x00007ff924290000 - 0x00007ff924488000 	C:\WINDOWS\SYSTEM32\ntdll.dll
0x00007ff922550000 - 0x00007ff92260f000 	C:\WINDOWS\System32\KERNEL32.DLL
0x00007ff921d50000 - 0x00007ff922022000 	C:\WINDOWS\System32\KERNELBASE.dll
0x00007ff921980000 - 0x00007ff921a80000 	C:\WINDOWS\System32\ucrtbase.dll
0x00007ff911f40000 - 0x00007ff911f57000 	C:\Program Files\JetBrains\IntelliJ IDEA 2022.3.2\jbr\bin\jli.dll
0x00007ff907c30000 - 0x00007ff907c4b000 	C:\Program Files\JetBrains\IntelliJ IDEA 2022.3.2\jbr\bin\VCRUNTIME140.dll
0x00007ff923130000 - 0x00007ff9232d1000 	C:\WINDOWS\System32\USER32.dll
0x00007ff90f020000 - 0x00007ff90f2ba000 	C:\WINDOWS\WinSxS\amd64_microsoft.windows.common-controls_6595b64144ccf1df_6.0.19041.1110_none_60b5254171f9507e\COMCTL32.dll
0x00007ff921a80000 - 0x00007ff921aa2000 	C:\WINDOWS\System32\win32u.dll
0x00007ff9230f0000 - 0x00007ff92311b000 	C:\WINDOWS\System32\GDI32.dll
0x00007ff9232e0000 - 0x00007ff92337e000 	C:\WINDOWS\System32\msvcrt.dll
0x00007ff921c40000 - 0x00007ff921d4f000 	C:\WINDOWS\System32\gdi32full.dll
0x00007ff921b20000 - 0x00007ff921bbd000 	C:\WINDOWS\System32\msvcp_win.dll
0x00007ff9223b0000 - 0x00007ff9223e2000 	C:\WINDOWS\System32\IMM32.DLL
0x00007ff91c020000 - 0x00007ff91c02c000 	C:\Program Files\JetBrains\IntelliJ IDEA 2022.3.2\jbr\bin\vcruntime140_1.dll
0x00007ff8f5e10000 - 0x00007ff8f5e9d000 	C:\Program Files\JetBrains\IntelliJ IDEA 2022.3.2\jbr\bin\msvcp140.dll
0x00007ff8c1f10000 - 0x00007ff8c2b7b000 	C:\Program Files\JetBrains\IntelliJ IDEA 2022.3.2\jbr\bin\server\jvm.dll
0x00007ff923560000 - 0x00007ff92360e000 	C:\WINDOWS\System32\ADVAPI32.dll
0x00007ff922ec0000 - 0x00007ff922f5c000 	C:\WINDOWS\System32\sechost.dll
0x00007ff922fc0000 - 0x00007ff9230e5000 	C:\WINDOWS\System32\RPCRT4.dll
0x00007ff912b30000 - 0x00007ff912b57000 	C:\WINDOWS\SYSTEM32\WINMM.dll
0x00007ff91d0f0000 - 0x00007ff91d0f9000 	C:\WINDOWS\SYSTEM32\WSOCK32.dll
0x00007ff922480000 - 0x00007ff9224eb000 	C:\WINDOWS\System32\WS2_32.dll
0x00007ff919550000 - 0x00007ff91955a000 	C:\WINDOWS\SYSTEM32\VERSION.dll
0x00007ff91fa20000 - 0x00007ff91fa32000 	C:\WINDOWS\SYSTEM32\kernel.appcore.dll
0x00007ff91c0f0000 - 0x00007ff91c0fa000 	C:\Program Files\JetBrains\IntelliJ IDEA 2022.3.2\jbr\bin\jimage.dll
0x00007ff91f5e0000 - 0x00007ff91f7c4000 	C:\WINDOWS\SYSTEM32\DBGHELP.DLL
0x00007ff90e150000 - 0x00007ff90e185000 	C:\WINDOWS\SYSTEM32\dbgcore.DLL
0x00007ff922030000 - 0x00007ff9220b2000 	C:\WINDOWS\System32\bcryptPrimitives.dll
0x00007ff91a1c0000 - 0x00007ff91a1e5000 	C:\Program Files\JetBrains\IntelliJ IDEA 2022.3.2\jbr\bin\java.dll

dbghelp: loaded successfully - version: 4.0.5 - missing functions: none
symbol engine: initialized successfully - sym options: 0x614 - pdb path: .;C:\Program Files\JetBrains\IntelliJ IDEA 2022.3.2\jbr\bin;C:\WINDOWS\SYSTEM32;C:\WINDOWS\WinSxS\amd64_microsoft.windows.common-controls_6595b64144ccf1df_6.0.19041.1110_none_60b5254171f9507e;C:\Program Files\JetBrains\IntelliJ IDEA 2022.3.2\jbr\bin\server

VM Arguments:
jvm_args: -Dawt.toolkit=com.intellij.desktop.DesktopActionsToolkit -Djava.rmi.server.hostname=127.0.0.1 -Duser.timezone=UTC -Xmx750m -Xms128m --add-exports=java.desktop/sun.awt=ALL-UNNAMED --add-exports=java.desktop/java.awt.peer=ALL-UNNAMED --add-opens=java.desktop/java.awt=ALL-UNNAMED --add-opens=jdk.unsupported/sun.misc=ALL-UNNAMED --add-opens=java.base/java.nio=ALL-UNNAMED --add-opens=java.base/java.util=ALL-UNNAMED -Dfile.encoding=UTF-8 
java_command: com.intellij.database.remote.RemoteJdbcServer com.mysql.cj.jdbc.Driver
java_class_path (initial): C:\Program Files\JetBrains\IntelliJ IDEA 2022.3.2\lib\util_rt.jar;C:\Program Files\JetBrains\IntelliJ IDEA 2022.3.2\lib\3rd-party-rt.jar;C:\Program Files\JetBrains\IntelliJ IDEA 2022.3.2\lib\groovy.jar;C:\Program Files\JetBrains\IntelliJ IDEA 2022.3.2\plugins\DatabaseTools\lib\jdbc-console.jar;C:\Program Files\JetBrains\IntelliJ IDEA 2022.3.2\plugins\grid-core-impl\lib\jdbc-console-types.jar;C:\Users\Jason Statham\AppData\Roaming\JetBrains\IntelliJIdea2022.3\jdbc-drivers\MySQL ConnectorJ\8.0.25\mysql-connector-java-8.0.25.jar
Launcher Type: SUN_STANDARD

[Global flags]
     intx CICompilerCount                          = 3                                         {product} {ergonomic}
     uint ConcGCThreads                            = 1                                         {product} {ergonomic}
     uint G1ConcRefinementThreads                  = 4                                         {product} {ergonomic}
   size_t G1HeapRegionSize                         = 1048576                                   {product} {ergonomic}
    uintx GCDrainStackTargetSize                   = 64                                        {product} {ergonomic}
   size_t InitialHeapSize                          = 134217728                                 {product} {command line}
   size_t MarkStackSize                            = 4194304                                   {product} {ergonomic}
   size_t MaxHeapSize                              = 786432000                                 {product} {command line}
   size_t MinHeapDeltaBytes                        = 1048576                                   {product} {ergonomic}
   size_t MinHeapSize                              = 134217728                                 {product} {command line}
    uintx NonNMethodCodeHeapSize                   = 5832780                                {pd product} {ergonomic}
    uintx NonProfiledCodeHeapSize                  = 122912730                              {pd product} {ergonomic}
    uintx ProfiledCodeHeapSize                     = 122912730                              {pd product} {ergonomic}
    uintx ReservedCodeCacheSize                    = 251658240                              {pd product} {ergonomic}
     bool SegmentedCodeCache                       = true                                      {product} {ergonomic}
   size_t SoftMaxHeapSize                          = 786432000                              {manageable} {ergonomic}
     bool UseCompressedClassPointers               = true                           {product lp64_product} {ergonomic}
     bool UseCompressedOops                        = true                           {product lp64_product} {ergonomic}
     bool UseG1GC                                  = true                                      {product} {ergonomic}
     bool UseLargePagesIndividualAllocation        = false                                  {pd product} {ergonomic}

Logging:
Log output configuration:
 #0: stdout all=warning uptime,level,tags
 #1: stderr all=off uptime,level,tags

Environment Variables:
PATH=C:\WINDOWS\system32;C:\WINDOWS;C:\WINDOWS\System32\Wbem;C:\WINDOWS\System32\WindowsPowerShell\v1.0\;C:\WINDOWS\System32\OpenSSH\;C:\Program Files\MySQL\MySQL Server 8.0\bin;C:\Program Files\apache-maven-3.9.0\bin;C:\Users\Jason Statham\AppData\Local\Microsoft\WindowsApps;C:\Users\Jason Statham\AppData\Local\GitHubDesktop\bin;C:\Program Files\JetBrains\IntelliJ IDEA 2022.3.2\bin;;C:\Windows\System32;
USERNAME=Jason Statham
OS=Windows_NT
PROCESSOR_IDENTIFIER=Intel64 Family 6 Model 76 Stepping 3, GenuineIntel
TMP=C:\Users\JASONS~1\AppData\Local\Temp
TEMP=C:\Users\JASONS~1\AppData\Local\Temp



---------------  S Y S T E M  ---------------

OS:
 Windows 10 , 64 bit Build 19041 (10.0.19041.2546)
OS uptime: 0 days 4:19 hours

CPU: total 4 (initial active 4) (4 cores per cpu, 1 threads per core) family 6 model 76 stepping 3 microcode 0x368, cx8, cmov, fxsr, mmx, 3dnowpref, sse, sse2, sse3, ssse3, sse4.1, sse4.2, popcnt, tsc, tscinvbit, aes, erms, clmul, clflush

Memory: 4k page, system-wide physical 8095M (1059M free)
TotalPageFile size 8095M (AvailPageFile size 34M)
current process WorkingSet (physical memory assigned to process): 10M, peak: 10M
current process commit charge ("private bytes"): 51M, peak: 179M

vm_info: OpenJDK 64-Bit Server VM (17.0.5+1-b653.25) for windows-amd64 JRE (17.0.5+1-b653.25), built on 2023-01-04 by "builduser" with MS VC++ 16.10 / 16.11 (VS2019)

END.
